000 (2909003.000.000) 03/28 22:42:20 Job submitted from host: <128.83.130.186:46357>
...
001 (2909003.000.000) 03/28 22:42:52 Job executing on host: <128.83.130.223:52205>
...
006 (2909003.000.000) 03/28 22:43:01 Image size of job updated: 34216340
	810  -  MemoryUsage of job (MB)
	828744  -  ResidentSetSize of job (KB)
...
006 (2909003.000.000) 03/28 22:48:02 Image size of job updated: 34482596
	5437  -  MemoryUsage of job (MB)
	5567356  -  ResidentSetSize of job (KB)
...
006 (2909003.000.000) 03/28 22:53:02 Image size of job updated: 34482596
	8696  -  MemoryUsage of job (MB)
	8904100  -  ResidentSetSize of job (KB)
...
006 (2909003.000.000) 03/28 22:58:02 Image size of job updated: 34482596
	10035  -  MemoryUsage of job (MB)
	10275772  -  ResidentSetSize of job (KB)
...
006 (2909003.000.000) 03/28 23:03:03 Image size of job updated: 34482596
	10293  -  MemoryUsage of job (MB)
	10539948  -  ResidentSetSize of job (KB)
...
006 (2909003.000.000) 03/28 23:08:04 Image size of job updated: 34482596
	10401  -  MemoryUsage of job (MB)
	10650244  -  ResidentSetSize of job (KB)
...
006 (2909003.000.000) 03/28 23:13:04 Image size of job updated: 34482596
	10410  -  MemoryUsage of job (MB)
	10659456  -  ResidentSetSize of job (KB)
...
005 (2909003.000.000) 03/29 01:58:29 Job terminated.
	(1) Normal termination (return value 0)
		Usr 0 06:40:47, Sys 0 00:00:44  -  Run Remote Usage
		Usr 0 00:00:00, Sys 0 00:00:00  -  Run Local Usage
		Usr 0 06:40:47, Sys 0 00:00:44  -  Total Remote Usage
		Usr 0 00:00:00, Sys 0 00:00:00  -  Total Local Usage
	0  -  Run Bytes Sent By Job
	0  -  Run Bytes Received By Job
	0  -  Total Bytes Sent By Job
	0  -  Total Bytes Received By Job
	Partitionable Resources :    Usage  Request Allocated
	   Cpus                 :                 1         1
	   Disk (KB)            :       10       10   6524464
	   Memory (MB)          :    10410        1      8062
...
