000 (2909005.000.000) 03/28 22:42:20 Job submitted from host: <128.83.130.186:46357>
...
001 (2909005.000.000) 03/28 22:42:52 Job executing on host: <128.83.144.113:52509>
...
006 (2909005.000.000) 03/28 22:43:01 Image size of job updated: 34914284
	32  -  MemoryUsage of job (MB)
	32344  -  ResidentSetSize of job (KB)
...
006 (2909005.000.000) 03/28 22:48:09 Image size of job updated: 35180396
	6207  -  MemoryUsage of job (MB)
	6355136  -  ResidentSetSize of job (KB)
...
010 (2909005.000.000) 03/28 22:48:43 Job was suspended.
	Number of processes actually suspended: 1
...
006 (2909005.000.000) 03/28 22:48:43 Image size of job updated: 35180396
	6315  -  MemoryUsage of job (MB)
	6466280  -  ResidentSetSize of job (KB)
...
011 (2909005.000.000) 03/28 22:50:55 Job was unsuspended.
...
006 (2909005.000.000) 03/28 22:50:55 Image size of job updated: 35180396
	6320  -  MemoryUsage of job (MB)
	6471292  -  ResidentSetSize of job (KB)
...
006 (2909005.000.000) 03/28 22:53:03 Image size of job updated: 35180396
	6832  -  MemoryUsage of job (MB)
	6995092  -  ResidentSetSize of job (KB)
...
010 (2909005.000.000) 03/28 22:53:27 Job was suspended.
	Number of processes actually suspended: 1
...
006 (2909005.000.000) 03/28 22:53:27 Image size of job updated: 35180396
	7122  -  MemoryUsage of job (MB)
	7292092  -  ResidentSetSize of job (KB)
...
011 (2909005.000.000) 03/28 22:55:15 Job was unsuspended.
...
010 (2909005.000.000) 03/28 22:57:34 Job was suspended.
	Number of processes actually suspended: 1
...
006 (2909005.000.000) 03/28 22:57:34 Image size of job updated: 35180396
	7778  -  MemoryUsage of job (MB)
	7964648  -  ResidentSetSize of job (KB)
...
011 (2909005.000.000) 03/28 22:58:24 Job was unsuspended.
...
006 (2909005.000.000) 03/28 22:58:24 Image size of job updated: 35180396
	7807  -  MemoryUsage of job (MB)
	7994216  -  ResidentSetSize of job (KB)
...
006 (2909005.000.000) 03/28 23:03:03 Image size of job updated: 35180396
	10934  -  MemoryUsage of job (MB)
	11196348  -  ResidentSetSize of job (KB)
...
006 (2909005.000.000) 03/28 23:08:03 Image size of job updated: 35180396
	12272  -  MemoryUsage of job (MB)
	12565600  -  ResidentSetSize of job (KB)
...
006 (2909005.000.000) 03/28 23:13:04 Image size of job updated: 35180396
	12658  -  MemoryUsage of job (MB)
	12961432  -  ResidentSetSize of job (KB)
...
005 (2909005.000.000) 03/28 23:33:58 Job terminated.
	(1) Normal termination (return value 0)
		Usr 0 01:49:30, Sys 0 00:01:27  -  Run Remote Usage
		Usr 0 00:00:00, Sys 0 00:00:00  -  Run Local Usage
		Usr 0 01:49:30, Sys 0 00:01:27  -  Total Remote Usage
		Usr 0 00:00:00, Sys 0 00:00:00  -  Total Local Usage
	0  -  Run Bytes Sent By Job
	0  -  Run Bytes Received By Job
	0  -  Total Bytes Sent By Job
	0  -  Total Bytes Received By Job
	Partitionable Resources :    Usage  Request Allocated
	   Cpus                 :                 1         1
	   Disk (KB)            :       10       10   4692490
	   Memory (MB)          :    12658        1      4027
...
