000 (2909007.000.000) 03/28 22:42:20 Job submitted from host: <128.83.130.186:46357>
...
001 (2909007.000.000) 03/28 22:42:52 Job executing on host: <128.83.144.113:52509>
...
006 (2909007.000.000) 03/28 22:43:01 Image size of job updated: 34914140
	33  -  MemoryUsage of job (MB)
	32992  -  ResidentSetSize of job (KB)
...
006 (2909007.000.000) 03/28 22:48:09 Image size of job updated: 35180396
	6782  -  MemoryUsage of job (MB)
	6943900  -  ResidentSetSize of job (KB)
...
010 (2909007.000.000) 03/28 22:48:43 Job was suspended.
	Number of processes actually suspended: 1
...
006 (2909007.000.000) 03/28 22:48:43 Image size of job updated: 35180396
	6871  -  MemoryUsage of job (MB)
	7035772  -  ResidentSetSize of job (KB)
...
011 (2909007.000.000) 03/28 22:58:24 Job was unsuspended.
...
006 (2909007.000.000) 03/28 22:58:24 Image size of job updated: 35180396
	6926  -  MemoryUsage of job (MB)
	7091472  -  ResidentSetSize of job (KB)
...
006 (2909007.000.000) 03/28 23:03:03 Image size of job updated: 35180396
	11541  -  MemoryUsage of job (MB)
	11817240  -  ResidentSetSize of job (KB)
...
006 (2909007.000.000) 03/28 23:08:03 Image size of job updated: 35180396
	12128  -  MemoryUsage of job (MB)
	12418080  -  ResidentSetSize of job (KB)
...
006 (2909007.000.000) 03/28 23:13:03 Image size of job updated: 35180396
	12236  -  MemoryUsage of job (MB)
	12528656  -  ResidentSetSize of job (KB)
...
006 (2909007.000.000) 03/28 23:18:04 Image size of job updated: 35180396
	12700  -  MemoryUsage of job (MB)
	13004608  -  ResidentSetSize of job (KB)
...
006 (2909007.000.000) 03/28 23:23:04 Image size of job updated: 35180396
	13055  -  MemoryUsage of job (MB)
	13367716  -  ResidentSetSize of job (KB)
...
005 (2909007.000.000) 03/28 23:37:32 Job terminated.
	(1) Normal termination (return value 0)
		Usr 0 02:04:21, Sys 0 00:00:15  -  Run Remote Usage
		Usr 0 00:00:00, Sys 0 00:00:00  -  Run Local Usage
		Usr 0 02:04:21, Sys 0 00:00:15  -  Total Remote Usage
		Usr 0 00:00:00, Sys 0 00:00:00  -  Total Local Usage
	0  -  Run Bytes Sent By Job
	0  -  Run Bytes Received By Job
	0  -  Total Bytes Sent By Job
	0  -  Total Bytes Received By Job
	Partitionable Resources :    Usage  Request Allocated
	   Cpus                 :                 1         1
	   Disk (KB)            :       10       10   4692490
	   Memory (MB)          :    13055        1      4027
...
