000 (2909012.000.000) 03/28 22:42:21 Job submitted from host: <128.83.130.186:46357>
...
001 (2909012.000.000) 03/28 22:42:53 Job executing on host: <128.83.144.113:52509>
...
006 (2909012.000.000) 03/28 22:43:01 Image size of job updated: 34304256
	14  -  MemoryUsage of job (MB)
	14192  -  ResidentSetSize of job (KB)
...
006 (2909012.000.000) 03/28 22:48:09 Image size of job updated: 35180396
	6568  -  MemoryUsage of job (MB)
	6725336  -  ResidentSetSize of job (KB)
...
010 (2909012.000.000) 03/28 22:48:43 Job was suspended.
	Number of processes actually suspended: 1
...
006 (2909012.000.000) 03/28 22:48:43 Image size of job updated: 35180396
	6682  -  MemoryUsage of job (MB)
	6842288  -  ResidentSetSize of job (KB)
...
011 (2909012.000.000) 03/28 22:59:01 Job was unsuspended.
...
006 (2909012.000.000) 03/28 22:59:01 Image size of job updated: 35180396
	6806  -  MemoryUsage of job (MB)
	6969004  -  ResidentSetSize of job (KB)
...
004 (2909012.000.000) 03/28 22:59:13 Job was evicted.
	(0) Job was not checkpointed.
		Usr 0 00:03:41, Sys 0 00:00:04  -  Run Remote Usage
		Usr 0 00:00:00, Sys 0 00:00:00  -  Run Local Usage
	0  -  Run Bytes Sent By Job
	0  -  Run Bytes Received By Job
	Partitionable Resources :    Usage  Request Allocated
	   Cpus                 :                 1         1
	   Disk (KB)            :       10       10   4692490
	   Memory (MB)          :     6806        1      4027
...
001 (2909012.000.000) 03/28 23:03:35 Job executing on host: <128.83.139.6:55481>
...
006 (2909012.000.000) 03/28 23:13:44 Image size of job updated: 37500000
	10524  -  MemoryUsage of job (MB)
	10775624  -  ResidentSetSize of job (KB)
...
006 (2909012.000.000) 03/28 23:18:44 Image size of job updated: 37500000
	11858  -  MemoryUsage of job (MB)
	12142020  -  ResidentSetSize of job (KB)
...
006 (2909012.000.000) 03/28 23:23:44 Image size of job updated: 37500000
	11864  -  MemoryUsage of job (MB)
	12148524  -  ResidentSetSize of job (KB)
...
006 (2909012.000.000) 03/28 23:28:45 Image size of job updated: 37500000
	11865  -  MemoryUsage of job (MB)
	12149044  -  ResidentSetSize of job (KB)
...
006 (2909012.000.000) 03/28 23:43:47 Image size of job updated: 37500000
	12195  -  MemoryUsage of job (MB)
	12486876  -  ResidentSetSize of job (KB)
...
006 (2909012.000.000) 03/28 23:48:48 Image size of job updated: 37500000
	12195  -  MemoryUsage of job (MB)
	12487072  -  ResidentSetSize of job (KB)
...
006 (2909012.000.000) 03/28 23:53:48 Image size of job updated: 37500000
	12195  -  MemoryUsage of job (MB)
	12487336  -  ResidentSetSize of job (KB)
...
006 (2909012.000.000) 03/28 23:58:48 Image size of job updated: 37500000
	12312  -  MemoryUsage of job (MB)
	12606628  -  ResidentSetSize of job (KB)
...
006 (2909012.000.000) 03/29 00:13:50 Image size of job updated: 37500000
	12490  -  MemoryUsage of job (MB)
	12789556  -  ResidentSetSize of job (KB)
...
006 (2909012.000.000) 03/29 00:18:51 Image size of job updated: 37500000
	13414  -  MemoryUsage of job (MB)
	13735748  -  ResidentSetSize of job (KB)
...
006 (2909012.000.000) 03/29 00:23:52 Image size of job updated: 37500000
	13531  -  MemoryUsage of job (MB)
	13854820  -  ResidentSetSize of job (KB)
...
006 (2909012.000.000) 03/29 00:28:52 Image size of job updated: 37500000
	13531  -  MemoryUsage of job (MB)
	13854880  -  ResidentSetSize of job (KB)
...
006 (2909012.000.000) 03/29 00:38:53 Image size of job updated: 37500000
	13686  -  MemoryUsage of job (MB)
	14013476  -  ResidentSetSize of job (KB)
...
006 (2909012.000.000) 03/29 01:08:56 Image size of job updated: 37500000
	14649  -  MemoryUsage of job (MB)
	14999848  -  ResidentSetSize of job (KB)
...
006 (2909012.000.000) 03/29 01:13:57 Image size of job updated: 37500000
	14686  -  MemoryUsage of job (MB)
	15037816  -  ResidentSetSize of job (KB)
...
006 (2909012.000.000) 03/29 01:28:58 Image size of job updated: 37500000
	14704  -  MemoryUsage of job (MB)
	15056064  -  ResidentSetSize of job (KB)
...
006 (2909012.000.000) 03/29 01:38:59 Image size of job updated: 37500000
	14704  -  MemoryUsage of job (MB)
	15056124  -  ResidentSetSize of job (KB)
...
006 (2909012.000.000) 03/29 01:43:59 Image size of job updated: 37500000
	14704  -  MemoryUsage of job (MB)
	15056376  -  ResidentSetSize of job (KB)
...
006 (2909012.000.000) 03/29 01:59:01 Image size of job updated: 37500000
	14798  -  MemoryUsage of job (MB)
	15152560  -  ResidentSetSize of job (KB)
...
006 (2909012.000.000) 03/29 02:04:01 Image size of job updated: 37500000
	14802  -  MemoryUsage of job (MB)
	15157224  -  ResidentSetSize of job (KB)
...
006 (2909012.000.000) 03/29 02:09:02 Image size of job updated: 37500000
	14803  -  MemoryUsage of job (MB)
	15157664  -  ResidentSetSize of job (KB)
...
006 (2909012.000.000) 03/29 02:24:03 Image size of job updated: 37500000
	14803  -  MemoryUsage of job (MB)
	15157868  -  ResidentSetSize of job (KB)
...
006 (2909012.000.000) 03/29 02:59:06 Image size of job updated: 37500000
	14803  -  MemoryUsage of job (MB)
	15157876  -  ResidentSetSize of job (KB)
...
005 (2909012.000.000) 03/29 03:13:52 Job terminated.
	(1) Normal termination (return value 0)
		Usr 0 11:25:23, Sys 0 00:00:34  -  Run Remote Usage
		Usr 0 00:00:00, Sys 0 00:00:00  -  Run Local Usage
		Usr 0 11:25:23, Sys 0 00:00:34  -  Total Remote Usage
		Usr 0 00:00:00, Sys 0 00:00:00  -  Total Local Usage
	0  -  Run Bytes Sent By Job
	0  -  Run Bytes Received By Job
	0  -  Total Bytes Sent By Job
	0  -  Total Bytes Received By Job
	Partitionable Resources :    Usage  Request Allocated
	   Cpus                 :                 1         1
	   Disk (KB)            :       10       10   1703329
	   Memory (MB)          :    14803     7325     12899
...
