angry-goat$ java nlp.lm.BackwardBigramModel ./pos/atis/ 0.1 false
# Train Sentences = 519 (# words = 3922) 
# Test Sentences = 58 (# words = 431)
Training...
Word Perplexity = 11.636203016013203
Testing...
Word Perplexity = 27.16138806179997
angry-goat$ java nlp.lm.BackwardBigramModel ./pos/wsj/ 0.1 false
# Train Sentences = 43820 (# words = 995626) 
# Test Sentences = 4869 (# words = 111718)
Training...
Word Perplexity = 86.6602647021424
Testing...
Word Perplexity = 266.3515745993808
angry-goat$ java nlp.lm.BackwardBigramModel ./pos/brown/ 0.1 false
# Train Sentences = 47207 (# words = 1079440) 
# Test Sentences = 5245 (# words = 93530)
Training...
Word Perplexity = 110.78289581654053
Testing...
Word Perplexity = 299.68570342320015
