000 (107.000.000) 03/29 00:37:00 Job submitted from host: <128.83.120.32:34358>
...
001 (107.000.000) 03/29 00:37:06 Job executing on host: <128.83.130.68:37762>
...
006 (107.000.000) 03/29 00:37:15 Image size of job updated: 9883788
	623  -  MemoryUsage of job (MB)
	637244  -  ResidentSetSize of job (KB)
...
006 (107.000.000) 03/29 00:42:16 Image size of job updated: 10150044
	3729  -  MemoryUsage of job (MB)
	3818032  -  ResidentSetSize of job (KB)
...
006 (107.000.000) 03/29 00:52:16 Image size of job updated: 10150044
	3887  -  MemoryUsage of job (MB)
	3979808  -  ResidentSetSize of job (KB)
...
006 (107.000.000) 03/29 00:57:17 Image size of job updated: 10150044
	3907  -  MemoryUsage of job (MB)
	4000260  -  ResidentSetSize of job (KB)
...
006 (107.000.000) 03/29 01:02:18 Image size of job updated: 10150044
	3937  -  MemoryUsage of job (MB)
	4031096  -  ResidentSetSize of job (KB)
...
006 (107.000.000) 03/29 01:07:18 Image size of job updated: 10150044
	3986  -  MemoryUsage of job (MB)
	4080932  -  ResidentSetSize of job (KB)
...
006 (107.000.000) 03/29 01:12:19 Image size of job updated: 10150044
	4062  -  MemoryUsage of job (MB)
	4158872  -  ResidentSetSize of job (KB)
...
006 (107.000.000) 03/29 01:17:20 Image size of job updated: 10150044
	4531  -  MemoryUsage of job (MB)
	4639576  -  ResidentSetSize of job (KB)
...
006 (107.000.000) 03/29 01:27:20 Image size of job updated: 10150044
	4609  -  MemoryUsage of job (MB)
	4719240  -  ResidentSetSize of job (KB)
...
006 (107.000.000) 03/29 01:42:21 Image size of job updated: 10150044
	4691  -  MemoryUsage of job (MB)
	4802708  -  ResidentSetSize of job (KB)
...
006 (107.000.000) 03/29 01:47:22 Image size of job updated: 10150044
	4827  -  MemoryUsage of job (MB)
	4942820  -  ResidentSetSize of job (KB)
...
006 (107.000.000) 03/29 01:52:23 Image size of job updated: 10150044
	4906  -  MemoryUsage of job (MB)
	5022992  -  ResidentSetSize of job (KB)
...
005 (107.000.000) 03/29 02:21:09 Job terminated.
	(1) Normal termination (return value 0)
		Usr 0 02:12:13, Sys 0 00:00:06  -  Run Remote Usage
		Usr 0 00:00:00, Sys 0 00:00:00  -  Run Local Usage
		Usr 0 02:12:13, Sys 0 00:00:06  -  Total Remote Usage
		Usr 0 00:00:00, Sys 0 00:00:00  -  Total Local Usage
	0  -  Run Bytes Sent By Job
	0  -  Run Bytes Received By Job
	0  -  Total Bytes Sent By Job
	0  -  Total Bytes Received By Job
	Partitionable Resources :    Usage  Request Allocated
	   Cpus                 :                 1         1
	   Disk (KB)            :       10       10   3725761
	   Memory (MB)          :     4906        1      4020
...
