000 (103.000.000) 03/29 00:24:34 Job submitted from host: <128.83.120.32:34358>
...
001 (103.000.000) 03/29 00:24:54 Job executing on host: <128.83.139.5:34539>
...
006 (103.000.000) 03/29 00:25:03 Image size of job updated: 34914140
	29  -  MemoryUsage of job (MB)
	29000  -  ResidentSetSize of job (KB)
...
010 (103.000.000) 03/29 00:28:11 Job was suspended.
	Number of processes actually suspended: 1
...
006 (103.000.000) 03/29 00:28:11 Image size of job updated: 34914140
	880  -  MemoryUsage of job (MB)
	900520  -  ResidentSetSize of job (KB)
...
011 (103.000.000) 03/29 00:38:27 Job was unsuspended.
...
004 (103.000.000) 03/29 00:38:30 Job was evicted.
	(0) Job was not checkpointed.
		Usr 0 00:00:10, Sys 0 00:00:01  -  Run Remote Usage
		Usr 0 00:00:00, Sys 0 00:00:00  -  Run Local Usage
	0  -  Run Bytes Sent By Job
	0  -  Run Bytes Received By Job
	Partitionable Resources :    Usage  Request Allocated
	   Cpus                 :                 1         1
	   Disk (KB)            :       10       10   4690516
	   Memory (MB)          :      880        1      4028
...
001 (103.000.000) 03/29 00:38:44 Job executing on host: <128.83.144.69:49816>
...
010 (103.000.000) 03/29 00:41:41 Job was suspended.
	Number of processes actually suspended: 1
...
006 (103.000.000) 03/29 00:41:41 Image size of job updated: 35180396
	1556  -  MemoryUsage of job (MB)
	1592692  -  ResidentSetSize of job (KB)
...
011 (103.000.000) 03/29 00:48:28 Job was unsuspended.
...
006 (103.000.000) 03/29 00:48:54 Image size of job updated: 35180396
	1646  -  MemoryUsage of job (MB)
	1684776  -  ResidentSetSize of job (KB)
...
010 (103.000.000) 03/29 00:50:35 Job was suspended.
	Number of processes actually suspended: 1
...
006 (103.000.000) 03/29 00:50:35 Image size of job updated: 35180396
	2150  -  MemoryUsage of job (MB)
	2200848  -  ResidentSetSize of job (KB)
...
011 (103.000.000) 03/29 01:00:50 Job was unsuspended.
...
006 (103.000.000) 03/29 01:00:50 Image size of job updated: 35180396
	2171  -  MemoryUsage of job (MB)
	2222820  -  ResidentSetSize of job (KB)
...
004 (103.000.000) 03/29 01:04:15 Job was evicted.
	(0) Job was not checkpointed.
		Usr 0 00:10:25, Sys 0 00:00:23  -  Run Remote Usage
		Usr 0 00:00:00, Sys 0 00:00:00  -  Run Local Usage
	0  -  Run Bytes Sent By Job
	0  -  Run Bytes Received By Job
	Partitionable Resources :    Usage  Request Allocated
	   Cpus                 :                 1         1
	   Disk (KB)            :       10       10   4692485
	   Memory (MB)          :     2171      977      4027
...
001 (103.000.000) 03/29 01:10:21 Job executing on host: <128.83.144.151:38237>
...
010 (103.000.000) 03/29 01:13:07 Job was suspended.
	Number of processes actually suspended: 1
...
011 (103.000.000) 03/29 01:15:26 Job was unsuspended.
...
010 (103.000.000) 03/29 01:17:35 Job was suspended.
	Number of processes actually suspended: 1
...
006 (103.000.000) 03/29 01:17:35 Image size of job updated: 37500000
	4889  -  MemoryUsage of job (MB)
	5005460  -  ResidentSetSize of job (KB)
...
011 (103.000.000) 03/29 01:27:40 Job was unsuspended.
...
006 (103.000.000) 03/29 01:27:40 Image size of job updated: 37500000
	4928  -  MemoryUsage of job (MB)
	5045520  -  ResidentSetSize of job (KB)
...
004 (103.000.000) 03/29 01:27:41 Job was evicted.
	(0) Job was not checkpointed.
		Usr 0 00:04:29, Sys 0 00:00:21  -  Run Remote Usage
		Usr 0 00:00:00, Sys 0 00:00:00  -  Run Local Usage
	0  -  Run Bytes Sent By Job
	0  -  Run Bytes Received By Job
	Partitionable Resources :    Usage  Request Allocated
	   Cpus                 :                 1         1
	   Disk (KB)            :       10       10   8864037
	   Memory (MB)          :     4928     2198      4028
...
001 (103.000.000) 03/29 01:28:47 Job executing on host: <128.83.144.29:38842>
...
006 (103.000.000) 03/29 01:38:57 Image size of job updated: 37500000
	9467  -  MemoryUsage of job (MB)
	9693340  -  ResidentSetSize of job (KB)
...
006 (103.000.000) 03/29 01:43:57 Image size of job updated: 37500000
	10509  -  MemoryUsage of job (MB)
	10761180  -  ResidentSetSize of job (KB)
...
006 (103.000.000) 03/29 01:48:58 Image size of job updated: 37500000
	10896  -  MemoryUsage of job (MB)
	11156660  -  ResidentSetSize of job (KB)
...
005 (103.000.000) 03/29 02:45:09 Job terminated.
	(1) Normal termination (return value 0)
		Usr 0 01:56:59, Sys 0 00:00:15  -  Run Remote Usage
		Usr 0 00:00:00, Sys 0 00:00:00  -  Run Local Usage
		Usr 0 01:56:59, Sys 0 00:00:15  -  Total Remote Usage
		Usr 0 00:00:00, Sys 0 00:00:00  -  Total Local Usage
	0  -  Run Bytes Sent By Job
	0  -  Run Bytes Received By Job
	0  -  Total Bytes Sent By Job
	0  -  Total Bytes Received By Job
	Partitionable Resources :    Usage  Request Allocated
	   Cpus                 :                 1         1
	   Disk (KB)            :       10       10   1253037
	   Memory (MB)          :    10896     7325     10751
...
