000 (105.000.000) 03/29 00:24:41 Job submitted from host: <128.83.120.32:34358>
...
001 (105.000.000) 03/29 00:24:54 Job executing on host: <128.83.139.5:34539>
...
006 (105.000.000) 03/29 00:25:03 Image size of job updated: 10
	3  -  MemoryUsage of job (MB)
	2180  -  ResidentSetSize of job (KB)
...
010 (105.000.000) 03/29 00:26:41 Job was suspended.
	Number of processes actually suspended: 1
...
006 (105.000.000) 03/29 00:26:41 Image size of job updated: 34914140
	739  -  MemoryUsage of job (MB)
	756112  -  ResidentSetSize of job (KB)
...
011 (105.000.000) 03/29 00:36:41 Job was unsuspended.
...
004 (105.000.000) 03/29 00:36:45 Job was evicted.
	(0) Job was not checkpointed.
		Usr 0 00:00:09, Sys 0 00:00:00  -  Run Remote Usage
		Usr 0 00:00:00, Sys 0 00:00:00  -  Run Local Usage
	0  -  Run Bytes Sent By Job
	0  -  Run Bytes Received By Job
	Partitionable Resources :    Usage  Request Allocated
	   Cpus                 :                 1         1
	   Disk (KB)            :       10       10   4690516
	   Memory (MB)          :      739        1      4028
...
001 (105.000.000) 03/29 00:37:06 Job executing on host: <128.83.130.68:37762>
...
006 (105.000.000) 03/29 00:42:16 Image size of job updated: 35000000
	4007  -  MemoryUsage of job (MB)
	4102896  -  ResidentSetSize of job (KB)
...
006 (105.000.000) 03/29 00:52:17 Image size of job updated: 35000000
	4160  -  MemoryUsage of job (MB)
	4259608  -  ResidentSetSize of job (KB)
...
006 (105.000.000) 03/29 00:57:18 Image size of job updated: 35000000
	4197  -  MemoryUsage of job (MB)
	4297020  -  ResidentSetSize of job (KB)
...
006 (105.000.000) 03/29 01:02:19 Image size of job updated: 35000000
	4243  -  MemoryUsage of job (MB)
	4344284  -  ResidentSetSize of job (KB)
...
006 (105.000.000) 03/29 01:07:19 Image size of job updated: 35000000
	4243  -  MemoryUsage of job (MB)
	4344356  -  ResidentSetSize of job (KB)
...
006 (105.000.000) 03/29 01:12:19 Image size of job updated: 35000000
	4271  -  MemoryUsage of job (MB)
	4373240  -  ResidentSetSize of job (KB)
...
006 (105.000.000) 03/29 01:17:21 Image size of job updated: 35000000
	4360  -  MemoryUsage of job (MB)
	4464612  -  ResidentSetSize of job (KB)
...
006 (105.000.000) 03/29 01:32:22 Image size of job updated: 35000000
	4425  -  MemoryUsage of job (MB)
	4530440  -  ResidentSetSize of job (KB)
...
005 (105.000.000) 03/29 01:56:58 Job terminated.
	(1) Normal termination (return value 0)
		Usr 0 01:31:04, Sys 0 00:00:04  -  Run Remote Usage
		Usr 0 00:00:00, Sys 0 00:00:00  -  Run Local Usage
		Usr 0 01:31:04, Sys 0 00:00:04  -  Total Remote Usage
		Usr 0 00:00:00, Sys 0 00:00:00  -  Total Local Usage
	0  -  Run Bytes Sent By Job
	0  -  Run Bytes Received By Job
	0  -  Total Bytes Sent By Job
	0  -  Total Bytes Received By Job
	Partitionable Resources :    Usage  Request Allocated
	   Cpus                 :                 1         1
	   Disk (KB)            :       10       10   3725761
	   Memory (MB)          :     4425      977      4020
...
