000 (163.000.000) 03/29 03:54:40 Job submitted from host: <128.83.120.32:34358>
...
001 (163.000.000) 03/29 03:54:43 Job executing on host: <128.83.120.212:54520>
...
006 (163.000.000) 03/29 03:54:52 Image size of job updated: 19140812
	618  -  MemoryUsage of job (MB)
	632676  -  ResidentSetSize of job (KB)
...
006 (163.000.000) 03/29 03:59:53 Image size of job updated: 19407068
	5204  -  MemoryUsage of job (MB)
	5328736  -  ResidentSetSize of job (KB)
...
006 (163.000.000) 03/29 04:04:54 Image size of job updated: 19407068
	5966  -  MemoryUsage of job (MB)
	6108736  -  ResidentSetSize of job (KB)
...
006 (163.000.000) 03/29 04:09:54 Image size of job updated: 19407068
	5981  -  MemoryUsage of job (MB)
	6124228  -  ResidentSetSize of job (KB)
...
006 (163.000.000) 03/29 04:19:54 Image size of job updated: 19407068
	6057  -  MemoryUsage of job (MB)
	6202240  -  ResidentSetSize of job (KB)
...
005 (163.000.000) 03/29 05:03:23 Job terminated.
	(1) Normal termination (return value 0)
		Usr 0 02:56:18, Sys 0 00:00:44  -  Run Remote Usage
		Usr 0 00:00:00, Sys 0 00:00:00  -  Run Local Usage
		Usr 0 02:56:18, Sys 0 00:00:44  -  Total Remote Usage
		Usr 0 00:00:00, Sys 0 00:00:00  -  Total Local Usage
	0  -  Run Bytes Sent By Job
	0  -  Run Bytes Received By Job
	0  -  Total Bytes Sent By Job
	0  -  Total Bytes Received By Job
	Partitionable Resources :    Usage  Request Allocated
	   Cpus                 :                 1         1
	   Disk (KB)            :       10       10    474208
	   Memory (MB)          :     6057        1      2684
...
