000 (169.000.000) 03/29 03:55:36 Job submitted from host: <128.83.120.32:34358>
...
001 (169.000.000) 03/29 03:55:42 Job executing on host: <128.83.139.15:45953>
...
006 (169.000.000) 03/29 03:55:50 Image size of job updated: 10
	3  -  MemoryUsage of job (MB)
	2180  -  ResidentSetSize of job (KB)
...
006 (169.000.000) 03/29 04:00:50 Image size of job updated: 35529296
	5052  -  MemoryUsage of job (MB)
	5172456  -  ResidentSetSize of job (KB)
...
006 (169.000.000) 03/29 04:05:50 Image size of job updated: 35529296
	7604  -  MemoryUsage of job (MB)
	7786316  -  ResidentSetSize of job (KB)
...
006 (169.000.000) 03/29 04:10:51 Image size of job updated: 35529296
	8903  -  MemoryUsage of job (MB)
	9116340  -  ResidentSetSize of job (KB)
...
006 (169.000.000) 03/29 04:15:52 Image size of job updated: 35529296
	9264  -  MemoryUsage of job (MB)
	9486240  -  ResidentSetSize of job (KB)
...
006 (169.000.000) 03/29 04:20:52 Image size of job updated: 35529296
	10166  -  MemoryUsage of job (MB)
	10409104  -  ResidentSetSize of job (KB)
...
006 (169.000.000) 03/29 04:25:53 Image size of job updated: 35529296
	10166  -  MemoryUsage of job (MB)
	10409364  -  ResidentSetSize of job (KB)
...
006 (169.000.000) 03/29 04:30:54 Image size of job updated: 35529296
	10354  -  MemoryUsage of job (MB)
	10602272  -  ResidentSetSize of job (KB)
...
006 (169.000.000) 03/29 04:35:54 Image size of job updated: 35529296
	10386  -  MemoryUsage of job (MB)
	10634988  -  ResidentSetSize of job (KB)
...
006 (169.000.000) 03/29 04:40:54 Image size of job updated: 35529296
	10436  -  MemoryUsage of job (MB)
	10685908  -  ResidentSetSize of job (KB)
...
006 (169.000.000) 03/29 04:50:56 Image size of job updated: 35529296
	10440  -  MemoryUsage of job (MB)
	10690116  -  ResidentSetSize of job (KB)
...
005 (169.000.000) 03/29 10:17:47 Job terminated.
	(1) Normal termination (return value 0)
		Usr 0 12:49:28, Sys 0 00:00:44  -  Run Remote Usage
		Usr 0 00:00:00, Sys 0 00:00:00  -  Run Local Usage
		Usr 0 12:49:28, Sys 0 00:00:44  -  Total Remote Usage
		Usr 0 00:00:00, Sys 0 00:00:00  -  Total Local Usage
	0  -  Run Bytes Sent By Job
	0  -  Run Bytes Received By Job
	0  -  Total Bytes Sent By Job
	0  -  Total Bytes Received By Job
	Partitionable Resources :    Usage  Request Allocated
	   Cpus                 :                 1         1
	   Disk (KB)            :       10       10   1703332
	   Memory (MB)          :    10440        1     12899
...
