000 (171.000.000) 03/29 03:55:43 Job submitted from host: <128.83.120.32:34358>
...
001 (171.000.000) 03/29 03:56:08 Job executing on host: <128.83.139.15:45953>
...
006 (171.000.000) 03/29 03:56:17 Image size of job updated: 35263040
	522  -  MemoryUsage of job (MB)
	533572  -  ResidentSetSize of job (KB)
...
006 (171.000.000) 03/29 04:01:17 Image size of job updated: 35529296
	4781  -  MemoryUsage of job (MB)
	4894856  -  ResidentSetSize of job (KB)
...
006 (171.000.000) 03/29 04:06:17 Image size of job updated: 35529296
	4988  -  MemoryUsage of job (MB)
	5107536  -  ResidentSetSize of job (KB)
...
006 (171.000.000) 03/29 04:11:18 Image size of job updated: 35529296
	8917  -  MemoryUsage of job (MB)
	9130196  -  ResidentSetSize of job (KB)
...
006 (171.000.000) 03/29 04:16:19 Image size of job updated: 35529296
	9253  -  MemoryUsage of job (MB)
	9474676  -  ResidentSetSize of job (KB)
...
006 (171.000.000) 03/29 04:26:20 Image size of job updated: 35529296
	10184  -  MemoryUsage of job (MB)
	10427996  -  ResidentSetSize of job (KB)
...
006 (171.000.000) 03/29 04:31:21 Image size of job updated: 35529296
	10257  -  MemoryUsage of job (MB)
	10502964  -  ResidentSetSize of job (KB)
...
006 (171.000.000) 03/29 04:41:21 Image size of job updated: 35529296
	10427  -  MemoryUsage of job (MB)
	10676532  -  ResidentSetSize of job (KB)
...
005 (171.000.000) 03/29 06:21:49 Job terminated.
	(1) Normal termination (return value 0)
		Usr 0 02:49:35, Sys 0 00:00:15  -  Run Remote Usage
		Usr 0 00:00:00, Sys 0 00:00:00  -  Run Local Usage
		Usr 0 02:49:35, Sys 0 00:00:15  -  Total Remote Usage
		Usr 0 00:00:00, Sys 0 00:00:00  -  Total Local Usage
	0  -  Run Bytes Sent By Job
	0  -  Run Bytes Received By Job
	0  -  Total Bytes Sent By Job
	0  -  Total Bytes Received By Job
	Partitionable Resources :    Usage  Request Allocated
	   Cpus                 :                 1         1
	   Disk (KB)            :       10       10   1703332
	   Memory (MB)          :    10427        1     12899
...
