000 (172.000.000) 03/29 03:55:46 Job submitted from host: <128.83.120.32:34358>
...
001 (172.000.000) 03/29 03:56:08 Job executing on host: <128.83.139.15:45953>
...
006 (172.000.000) 03/29 03:56:17 Image size of job updated: 35263040
	494  -  MemoryUsage of job (MB)
	504912  -  ResidentSetSize of job (KB)
...
006 (172.000.000) 03/29 04:01:17 Image size of job updated: 35529296
	5289  -  MemoryUsage of job (MB)
	5415204  -  ResidentSetSize of job (KB)
...
006 (172.000.000) 03/29 04:06:17 Image size of job updated: 35529296
	7075  -  MemoryUsage of job (MB)
	7244452  -  ResidentSetSize of job (KB)
...
006 (172.000.000) 03/29 04:11:18 Image size of job updated: 35529296
	8918  -  MemoryUsage of job (MB)
	9131576  -  ResidentSetSize of job (KB)
...
006 (172.000.000) 03/29 04:16:19 Image size of job updated: 35529296
	9341  -  MemoryUsage of job (MB)
	9564228  -  ResidentSetSize of job (KB)
...
006 (172.000.000) 03/29 04:21:19 Image size of job updated: 35529296
	10224  -  MemoryUsage of job (MB)
	10469012  -  ResidentSetSize of job (KB)
...
006 (172.000.000) 03/29 04:26:20 Image size of job updated: 35529296
	10224  -  MemoryUsage of job (MB)
	10469272  -  ResidentSetSize of job (KB)
...
006 (172.000.000) 03/29 04:31:21 Image size of job updated: 35529296
	10338  -  MemoryUsage of job (MB)
	10585832  -  ResidentSetSize of job (KB)
...
006 (172.000.000) 03/29 04:36:21 Image size of job updated: 35529296
	10435  -  MemoryUsage of job (MB)
	10684448  -  ResidentSetSize of job (KB)
...
006 (172.000.000) 03/29 04:46:22 Image size of job updated: 35529296
	10438  -  MemoryUsage of job (MB)
	10687644  -  ResidentSetSize of job (KB)
...
006 (172.000.000) 03/29 04:51:22 Image size of job updated: 35529296
	10442  -  MemoryUsage of job (MB)
	10691828  -  ResidentSetSize of job (KB)
...
006 (172.000.000) 03/29 05:01:23 Image size of job updated: 35529296
	10445  -  MemoryUsage of job (MB)
	10695500  -  ResidentSetSize of job (KB)
...
005 (172.000.000) 03/29 10:37:51 Job terminated.
	(1) Normal termination (return value 0)
		Usr 0 15:26:59, Sys 0 00:00:59  -  Run Remote Usage
		Usr 0 00:00:00, Sys 0 00:00:00  -  Run Local Usage
		Usr 0 15:26:59, Sys 0 00:00:59  -  Total Remote Usage
		Usr 0 00:00:00, Sys 0 00:00:00  -  Total Local Usage
	0  -  Run Bytes Sent By Job
	0  -  Run Bytes Received By Job
	0  -  Total Bytes Sent By Job
	0  -  Total Bytes Received By Job
	Partitionable Resources :    Usage  Request Allocated
	   Cpus                 :                 1         1
	   Disk (KB)            :       10       10   1703332
	   Memory (MB)          :    10445        1     12899
...
