000 (173.000.000) 03/29 03:55:50 Job submitted from host: <128.83.120.32:34358>
...
001 (173.000.000) 03/29 03:56:08 Job executing on host: <128.83.139.15:45953>
...
006 (173.000.000) 03/29 03:56:17 Image size of job updated: 35263040
	412  -  MemoryUsage of job (MB)
	421372  -  ResidentSetSize of job (KB)
...
006 (173.000.000) 03/29 04:01:17 Image size of job updated: 35529296
	4940  -  MemoryUsage of job (MB)
	5057644  -  ResidentSetSize of job (KB)
...
006 (173.000.000) 03/29 04:06:17 Image size of job updated: 35529296
	5149  -  MemoryUsage of job (MB)
	5271980  -  ResidentSetSize of job (KB)
...
006 (173.000.000) 03/29 04:11:18 Image size of job updated: 35529296
	9004  -  MemoryUsage of job (MB)
	9219240  -  ResidentSetSize of job (KB)
...
006 (173.000.000) 03/29 04:16:19 Image size of job updated: 35529296
	9286  -  MemoryUsage of job (MB)
	9508736  -  ResidentSetSize of job (KB)
...
006 (173.000.000) 03/29 04:26:20 Image size of job updated: 35529296
	10089  -  MemoryUsage of job (MB)
	10331100  -  ResidentSetSize of job (KB)
...
006 (173.000.000) 03/29 04:31:21 Image size of job updated: 35529296
	10160  -  MemoryUsage of job (MB)
	10403140  -  ResidentSetSize of job (KB)
...
006 (173.000.000) 03/29 04:41:21 Image size of job updated: 35529296
	10288  -  MemoryUsage of job (MB)
	10534908  -  ResidentSetSize of job (KB)
...
005 (173.000.000) 03/29 06:53:10 Job terminated.
	(1) Normal termination (return value 0)
		Usr 0 03:30:08, Sys 0 00:00:16  -  Run Remote Usage
		Usr 0 00:00:00, Sys 0 00:00:00  -  Run Local Usage
		Usr 0 03:30:08, Sys 0 00:00:16  -  Total Remote Usage
		Usr 0 00:00:00, Sys 0 00:00:00  -  Total Local Usage
	0  -  Run Bytes Sent By Job
	0  -  Run Bytes Received By Job
	0  -  Total Bytes Sent By Job
	0  -  Total Bytes Received By Job
	Partitionable Resources :    Usage  Request Allocated
	   Cpus                 :                 1         1
	   Disk (KB)            :       10       10   1703332
	   Memory (MB)          :    10288        1     12899
...
