000 (175.000.000) 03/29 03:55:58 Job submitted from host: <128.83.120.32:34358>
...
001 (175.000.000) 03/29 03:56:09 Job executing on host: <128.83.139.15:45953>
...
006 (175.000.000) 03/29 03:56:17 Image size of job updated: 35263040
	452  -  MemoryUsage of job (MB)
	462392  -  ResidentSetSize of job (KB)
...
006 (175.000.000) 03/29 04:01:17 Image size of job updated: 35529296
	5082  -  MemoryUsage of job (MB)
	5203060  -  ResidentSetSize of job (KB)
...
006 (175.000.000) 03/29 04:06:18 Image size of job updated: 35529296
	5295  -  MemoryUsage of job (MB)
	5421060  -  ResidentSetSize of job (KB)
...
006 (175.000.000) 03/29 04:11:19 Image size of job updated: 35529296
	9130  -  MemoryUsage of job (MB)
	9348664  -  ResidentSetSize of job (KB)
...
006 (175.000.000) 03/29 04:16:19 Image size of job updated: 35529296
	9437  -  MemoryUsage of job (MB)
	9663464  -  ResidentSetSize of job (KB)
...
006 (175.000.000) 03/29 04:21:20 Image size of job updated: 35529296
	9438  -  MemoryUsage of job (MB)
	9663736  -  ResidentSetSize of job (KB)
...
006 (175.000.000) 03/29 04:26:21 Image size of job updated: 35529296
	10175  -  MemoryUsage of job (MB)
	10418816  -  ResidentSetSize of job (KB)
...
006 (175.000.000) 03/29 04:31:21 Image size of job updated: 35529296
	10243  -  MemoryUsage of job (MB)
	10488464  -  ResidentSetSize of job (KB)
...
006 (175.000.000) 03/29 04:41:22 Image size of job updated: 35529296
	10268  -  MemoryUsage of job (MB)
	10513740  -  ResidentSetSize of job (KB)
...
006 (175.000.000) 03/29 04:46:23 Image size of job updated: 35529296
	10306  -  MemoryUsage of job (MB)
	10552480  -  ResidentSetSize of job (KB)
...
005 (175.000.000) 03/29 07:53:42 Job terminated.
	(1) Normal termination (return value 0)
		Usr 0 05:07:26, Sys 0 00:00:19  -  Run Remote Usage
		Usr 0 00:00:00, Sys 0 00:00:00  -  Run Local Usage
		Usr 0 05:07:26, Sys 0 00:00:19  -  Total Remote Usage
		Usr 0 00:00:00, Sys 0 00:00:00  -  Total Local Usage
	0  -  Run Bytes Sent By Job
	0  -  Run Bytes Received By Job
	0  -  Total Bytes Sent By Job
	0  -  Total Bytes Received By Job
	Partitionable Resources :    Usage  Request Allocated
	   Cpus                 :                 1         1
	   Disk (KB)            :       10       10   1703332
	   Memory (MB)          :    10306        1     12899
...
