000 (126.000.000) 03/29 02:55:17 Job submitted from host: <128.83.120.32:34358>
...
001 (126.000.000) 03/29 02:55:23 Job executing on host: <128.83.144.29:38842>
...
006 (126.000.000) 03/29 02:55:31 Image size of job updated: 10
	3  -  MemoryUsage of job (MB)
	2184  -  ResidentSetSize of job (KB)
...
006 (126.000.000) 03/29 03:00:31 Image size of job updated: 34831496
	5107  -  MemoryUsage of job (MB)
	5228812  -  ResidentSetSize of job (KB)
...
006 (126.000.000) 03/29 03:05:32 Image size of job updated: 34831496
	8805  -  MemoryUsage of job (MB)
	9015708  -  ResidentSetSize of job (KB)
...
006 (126.000.000) 03/29 03:10:32 Image size of job updated: 34831496
	8807  -  MemoryUsage of job (MB)
	9017548  -  ResidentSetSize of job (KB)
...
006 (126.000.000) 03/29 03:15:32 Image size of job updated: 34831496
	9262  -  MemoryUsage of job (MB)
	9483704  -  ResidentSetSize of job (KB)
...
006 (126.000.000) 03/29 03:20:33 Image size of job updated: 34831496
	10647  -  MemoryUsage of job (MB)
	10902008  -  ResidentSetSize of job (KB)
...
006 (126.000.000) 03/29 03:25:34 Image size of job updated: 34831496
	10647  -  MemoryUsage of job (MB)
	10902272  -  ResidentSetSize of job (KB)
...
006 (126.000.000) 03/29 03:30:34 Image size of job updated: 34831496
	10728  -  MemoryUsage of job (MB)
	10985124  -  ResidentSetSize of job (KB)
...
006 (126.000.000) 03/29 03:35:34 Image size of job updated: 34831496
	10746  -  MemoryUsage of job (MB)
	11003600  -  ResidentSetSize of job (KB)
...
005 (126.000.000) 03/29 15:37:33 Job terminated.
	(1) Normal termination (return value 0)
		Usr 0 23:21:57, Sys 0 00:01:16  -  Run Remote Usage
		Usr 0 00:00:00, Sys 0 00:00:00  -  Run Local Usage
		Usr 0 23:21:57, Sys 0 00:01:16  -  Total Remote Usage
		Usr 0 00:00:00, Sys 0 00:00:00  -  Total Local Usage
	0  -  Run Bytes Sent By Job
	0  -  Run Bytes Received By Job
	0  -  Total Bytes Sent By Job
	0  -  Total Bytes Received By Job
	Partitionable Resources :    Usage  Request Allocated
	   Cpus                 :                 1         1
	   Disk (KB)            :       10       10   1253040
	   Memory (MB)          :    10746        1     10751
...
