000 (127.000.000) 03/29 02:55:20 Job submitted from host: <128.83.120.32:34358>
...
001 (127.000.000) 03/29 02:55:23 Job executing on host: <128.83.130.161:44176>
...
006 (127.000.000) 03/29 02:55:31 Image size of job updated: 34914140
	571  -  MemoryUsage of job (MB)
	584092  -  ResidentSetSize of job (KB)
...
006 (127.000.000) 03/29 03:00:31 Image size of job updated: 35180396
	9043  -  MemoryUsage of job (MB)
	9259308  -  ResidentSetSize of job (KB)
...
006 (127.000.000) 03/29 03:05:32 Image size of job updated: 35180396
	10224  -  MemoryUsage of job (MB)
	10468948  -  ResidentSetSize of job (KB)
...
005 (127.000.000) 03/29 05:10:53 Job terminated.
	(1) Normal termination (return value 0)
		Usr 0 02:57:34, Sys 0 00:00:14  -  Run Remote Usage
		Usr 0 00:00:00, Sys 0 00:00:00  -  Run Local Usage
		Usr 0 02:57:34, Sys 0 00:00:14  -  Total Remote Usage
		Usr 0 00:00:00, Sys 0 00:00:00  -  Total Local Usage
	0  -  Run Bytes Sent By Job
	0  -  Run Bytes Received By Job
	0  -  Total Bytes Sent By Job
	0  -  Total Bytes Received By Job
	Partitionable Resources :    Usage  Request Allocated
	   Cpus                 :                 1         1
	   Disk (KB)            :       10       10   1912088
	   Memory (MB)          :    10224        1     24188
...
