000 (131.000.000) 03/29 02:55:33 Job submitted from host: <128.83.120.32:34358>
...
001 (131.000.000) 03/29 02:55:49 Job executing on host: <128.83.130.161:44176>
...
006 (131.000.000) 03/29 02:55:58 Image size of job updated: 10
	3  -  MemoryUsage of job (MB)
	2184  -  ResidentSetSize of job (KB)
...
006 (131.000.000) 03/29 03:00:58 Image size of job updated: 35180396
	8996  -  MemoryUsage of job (MB)
	9211444  -  ResidentSetSize of job (KB)
...
006 (131.000.000) 03/29 03:05:58 Image size of job updated: 35180396
	10140  -  MemoryUsage of job (MB)
	10383068  -  ResidentSetSize of job (KB)
...
006 (131.000.000) 03/29 03:10:59 Image size of job updated: 35180396
	10190  -  MemoryUsage of job (MB)
	10434420  -  ResidentSetSize of job (KB)
...
006 (131.000.000) 03/29 03:16:00 Image size of job updated: 35180396
	10348  -  MemoryUsage of job (MB)
	10595444  -  ResidentSetSize of job (KB)
...
005 (131.000.000) 03/29 06:17:04 Job terminated.
	(1) Normal termination (return value 0)
		Usr 0 05:10:12, Sys 0 00:00:24  -  Run Remote Usage
		Usr 0 00:00:00, Sys 0 00:00:00  -  Run Local Usage
		Usr 0 05:10:12, Sys 0 00:00:24  -  Total Remote Usage
		Usr 0 00:00:00, Sys 0 00:00:00  -  Total Local Usage
	0  -  Run Bytes Sent By Job
	0  -  Run Bytes Received By Job
	0  -  Total Bytes Sent By Job
	0  -  Total Bytes Received By Job
	Partitionable Resources :    Usage  Request Allocated
	   Cpus                 :                 1         1
	   Disk (KB)            :       10       10   1912087
	   Memory (MB)          :    10348        1     24188
...
