000 (132.000.000) 03/29 02:55:37 Job submitted from host: <128.83.120.32:34358>
...
001 (132.000.000) 03/29 02:55:49 Job executing on host: <128.83.130.161:44176>
...
006 (132.000.000) 03/29 02:55:58 Image size of job updated: 34914140
	26  -  MemoryUsage of job (MB)
	26212  -  ResidentSetSize of job (KB)
...
006 (132.000.000) 03/29 03:00:59 Image size of job updated: 35180396
	9117  -  MemoryUsage of job (MB)
	9335416  -  ResidentSetSize of job (KB)
...
006 (132.000.000) 03/29 03:05:59 Image size of job updated: 35180396
	10147  -  MemoryUsage of job (MB)
	10390376  -  ResidentSetSize of job (KB)
...
006 (132.000.000) 03/29 03:10:59 Image size of job updated: 35180396
	10282  -  MemoryUsage of job (MB)
	10527916  -  ResidentSetSize of job (KB)
...
006 (132.000.000) 03/29 03:16:00 Image size of job updated: 35180396
	10296  -  MemoryUsage of job (MB)
	10543056  -  ResidentSetSize of job (KB)
...
005 (132.000.000) 03/29 06:31:13 Job terminated.
	(1) Normal termination (return value 0)
		Usr 0 06:20:47, Sys 0 00:00:28  -  Run Remote Usage
		Usr 0 00:00:00, Sys 0 00:00:00  -  Run Local Usage
		Usr 0 06:20:47, Sys 0 00:00:28  -  Total Remote Usage
		Usr 0 00:00:00, Sys 0 00:00:00  -  Total Local Usage
	0  -  Run Bytes Sent By Job
	0  -  Run Bytes Received By Job
	0  -  Total Bytes Sent By Job
	0  -  Total Bytes Received By Job
	Partitionable Resources :    Usage  Request Allocated
	   Cpus                 :                 1         1
	   Disk (KB)            :       10       10   1912087
	   Memory (MB)          :    10296        1     24188
...
