000 (081.000.000) 03/28 23:34:02 Job submitted from host: <128.83.120.32:34358>
...
001 (081.000.000) 03/28 23:34:08 Job executing on host: <128.83.144.151:38237>
...
006 (081.000.000) 03/28 23:34:18 Image size of job updated: 10
	3  -  MemoryUsage of job (MB)
	2188  -  ResidentSetSize of job (KB)
...
010 (081.000.000) 03/28 23:37:38 Job was suspended.
	Number of processes actually suspended: 1
...
006 (081.000.000) 03/28 23:37:38 Image size of job updated: 27700032
	1756  -  MemoryUsage of job (MB)
	1797548  -  ResidentSetSize of job (KB)
...
011 (081.000.000) 03/28 23:39:57 Job was unsuspended.
...
010 (081.000.000) 03/28 23:45:26 Job was suspended.
	Number of processes actually suspended: 1
...
011 (081.000.000) 03/28 23:47:33 Job was unsuspended.
...
005 (081.000.000) 03/28 23:53:03 Job terminated.
	(1) Normal termination (return value 0)
		Usr 0 00:13:45, Sys 0 00:00:02  -  Run Remote Usage
		Usr 0 00:00:00, Sys 0 00:00:00  -  Run Local Usage
		Usr 0 00:13:45, Sys 0 00:00:02  -  Total Remote Usage
		Usr 0 00:00:00, Sys 0 00:00:00  -  Total Local Usage
	0  -  Run Bytes Sent By Job
	0  -  Run Bytes Received By Job
	0  -  Total Bytes Sent By Job
	0  -  Total Bytes Received By Job
	Partitionable Resources :    Usage  Request Allocated
	   Cpus                 :                 1         1
	   Disk (KB)            :       10       10   8864036
	   Memory (MB)          :     1756        1      4028
...
