000 (084.000.000) 03/28 23:34:33 Job submitted from host: <128.83.120.32:34358>
...
001 (084.000.000) 03/28 23:34:35 Job executing on host: <128.83.144.151:38237>
...
006 (084.000.000) 03/28 23:34:43 Image size of job updated: 10
	3  -  MemoryUsage of job (MB)
	2180  -  ResidentSetSize of job (KB)
...
010 (084.000.000) 03/28 23:37:25 Job was suspended.
	Number of processes actually suspended: 1
...
006 (084.000.000) 03/28 23:37:25 Image size of job updated: 27700032
	2073  -  MemoryUsage of job (MB)
	2122676  -  ResidentSetSize of job (KB)
...
011 (084.000.000) 03/28 23:40:11 Job was unsuspended.
...
006 (084.000.000) 03/28 23:44:43 Image size of job updated: 27700032
	2181  -  MemoryUsage of job (MB)
	2232996  -  ResidentSetSize of job (KB)
...
010 (084.000.000) 03/28 23:45:11 Job was suspended.
	Number of processes actually suspended: 1
...
006 (084.000.000) 03/28 23:45:11 Image size of job updated: 27700032
	2204  -  MemoryUsage of job (MB)
	2256304  -  ResidentSetSize of job (KB)
...
011 (084.000.000) 03/28 23:48:04 Job was unsuspended.
...
006 (084.000.000) 03/28 23:49:43 Image size of job updated: 27700032
	2257  -  MemoryUsage of job (MB)
	2311140  -  ResidentSetSize of job (KB)
...
006 (084.000.000) 03/28 23:54:44 Image size of job updated: 27700032
	2513  -  MemoryUsage of job (MB)
	2572792  -  ResidentSetSize of job (KB)
...
006 (084.000.000) 03/28 23:59:45 Image size of job updated: 27700032
	2826  -  MemoryUsage of job (MB)
	2893808  -  ResidentSetSize of job (KB)
...
005 (084.000.000) 03/29 00:01:15 Job terminated.
	(1) Normal termination (return value 0)
		Usr 0 00:18:51, Sys 0 00:00:07  -  Run Remote Usage
		Usr 0 00:00:00, Sys 0 00:00:00  -  Run Local Usage
		Usr 0 00:18:51, Sys 0 00:00:07  -  Total Remote Usage
		Usr 0 00:00:00, Sys 0 00:00:00  -  Total Local Usage
	0  -  Run Bytes Sent By Job
	0  -  Run Bytes Received By Job
	0  -  Total Bytes Sent By Job
	0  -  Total Bytes Received By Job
	Partitionable Resources :    Usage  Request Allocated
	   Cpus                 :                 1         1
	   Disk (KB)            :       10       10   8864036
	   Memory (MB)          :     2826        1      4028
...
