000 (086.000.000) 03/28 23:34:43 Job submitted from host: <128.83.120.32:34358>
...
001 (086.000.000) 03/28 23:35:03 Job executing on host: <128.83.144.151:38237>
...
006 (086.000.000) 03/28 23:35:11 Image size of job updated: 27367024
	18  -  MemoryUsage of job (MB)
	18208  -  ResidentSetSize of job (KB)
...
010 (086.000.000) 03/28 23:37:20 Job was suspended.
	Number of processes actually suspended: 1
...
006 (086.000.000) 03/28 23:37:20 Image size of job updated: 27700032
	344  -  MemoryUsage of job (MB)
	352204  -  ResidentSetSize of job (KB)
...
011 (086.000.000) 03/28 23:40:31 Job was unsuspended.
...
010 (086.000.000) 03/28 23:44:16 Job was suspended.
	Number of processes actually suspended: 1
...
006 (086.000.000) 03/28 23:44:16 Image size of job updated: 27700032
	620  -  MemoryUsage of job (MB)
	634020  -  ResidentSetSize of job (KB)
...
011 (086.000.000) 03/28 23:48:19 Job was unsuspended.
...
006 (086.000.000) 03/28 23:50:12 Image size of job updated: 27700032
	726  -  MemoryUsage of job (MB)
	743084  -  ResidentSetSize of job (KB)
...
005 (086.000.000) 03/28 23:51:03 Job terminated.
	(1) Normal termination (return value 0)
		Usr 0 00:05:34, Sys 0 00:00:03  -  Run Remote Usage
		Usr 0 00:00:00, Sys 0 00:00:00  -  Run Local Usage
		Usr 0 00:05:34, Sys 0 00:00:03  -  Total Remote Usage
		Usr 0 00:00:00, Sys 0 00:00:00  -  Total Local Usage
	0  -  Run Bytes Sent By Job
	0  -  Run Bytes Received By Job
	0  -  Total Bytes Sent By Job
	0  -  Total Bytes Received By Job
	Partitionable Resources :    Usage  Request Allocated
	   Cpus                 :                 1         1
	   Disk (KB)            :       10       10   8864036
	   Memory (MB)          :      726        1      4028
...
