000 (085.000.000) 03/28 23:34:37 Job submitted from host: <128.83.120.32:34358>
...
001 (085.000.000) 03/28 23:35:03 Job executing on host: <128.83.144.151:38237>
...
006 (085.000.000) 03/28 23:35:11 Image size of job updated: 27233896
	17  -  MemoryUsage of job (MB)
	16928  -  ResidentSetSize of job (KB)
...
010 (085.000.000) 03/28 23:37:20 Job was suspended.
	Number of processes actually suspended: 1
...
006 (085.000.000) 03/28 23:37:20 Image size of job updated: 27700032
	380  -  MemoryUsage of job (MB)
	388480  -  ResidentSetSize of job (KB)
...
011 (085.000.000) 03/28 23:40:26 Job was unsuspended.
...
010 (085.000.000) 03/28 23:44:50 Job was suspended.
	Number of processes actually suspended: 1
...
006 (085.000.000) 03/28 23:44:50 Image size of job updated: 27700032
	2739  -  MemoryUsage of job (MB)
	2804012  -  ResidentSetSize of job (KB)
...
011 (085.000.000) 03/28 23:48:14 Job was unsuspended.
...
006 (085.000.000) 03/28 23:50:12 Image size of job updated: 27700032
	2810  -  MemoryUsage of job (MB)
	2876456  -  ResidentSetSize of job (KB)
...
006 (085.000.000) 03/28 23:55:12 Image size of job updated: 27700032
	3028  -  MemoryUsage of job (MB)
	3099852  -  ResidentSetSize of job (KB)
...
006 (085.000.000) 03/29 00:00:13 Image size of job updated: 27700032
	3260  -  MemoryUsage of job (MB)
	3337960  -  ResidentSetSize of job (KB)
...
006 (085.000.000) 03/29 00:05:13 Image size of job updated: 27700032
	3667  -  MemoryUsage of job (MB)
	3754680  -  ResidentSetSize of job (KB)
...
005 (085.000.000) 03/29 00:05:27 Job terminated.
	(1) Normal termination (return value 0)
		Usr 0 00:20:36, Sys 0 00:00:06  -  Run Remote Usage
		Usr 0 00:00:00, Sys 0 00:00:00  -  Run Local Usage
		Usr 0 00:20:36, Sys 0 00:00:06  -  Total Remote Usage
		Usr 0 00:00:00, Sys 0 00:00:00  -  Total Local Usage
	0  -  Run Bytes Sent By Job
	0  -  Run Bytes Received By Job
	0  -  Total Bytes Sent By Job
	0  -  Total Bytes Received By Job
	Partitionable Resources :    Usage  Request Allocated
	   Cpus                 :                 1         1
	   Disk (KB)            :       10       10   8864037
	   Memory (MB)          :     3667        1      4028
...
