000 (087.000.000) 03/28 23:34:49 Job submitted from host: <128.83.120.32:34358>
...
001 (087.000.000) 03/28 23:35:03 Job executing on host: <128.83.144.151:38237>
...
006 (087.000.000) 03/28 23:35:11 Image size of job updated: 27367024
	18  -  MemoryUsage of job (MB)
	17944  -  ResidentSetSize of job (KB)
...
010 (087.000.000) 03/28 23:37:14 Job was suspended.
	Number of processes actually suspended: 1
...
006 (087.000.000) 03/28 23:37:14 Image size of job updated: 27700032
	347  -  MemoryUsage of job (MB)
	354840  -  ResidentSetSize of job (KB)
...
011 (087.000.000) 03/28 23:40:41 Job was unsuspended.
...
010 (087.000.000) 03/28 23:43:45 Job was suspended.
	Number of processes actually suspended: 1
...
006 (087.000.000) 03/28 23:43:45 Image size of job updated: 27700032
	3379  -  MemoryUsage of job (MB)
	3459580  -  ResidentSetSize of job (KB)
...
011 (087.000.000) 03/28 23:48:29 Job was unsuspended.
...
005 (087.000.000) 03/29 00:06:59 Job terminated.
	(1) Normal termination (return value 0)
		Usr 0 00:21:15, Sys 0 00:00:06  -  Run Remote Usage
		Usr 0 00:00:00, Sys 0 00:00:00  -  Run Local Usage
		Usr 0 00:21:15, Sys 0 00:00:06  -  Total Remote Usage
		Usr 0 00:00:00, Sys 0 00:00:00  -  Total Local Usage
	0  -  Run Bytes Sent By Job
	0  -  Run Bytes Received By Job
	0  -  Total Bytes Sent By Job
	0  -  Total Bytes Received By Job
	Partitionable Resources :    Usage  Request Allocated
	   Cpus                 :                 1         1
	   Disk (KB)            :       10       10   8864036
	   Memory (MB)          :     3379        1      4028
...
