000 (088.000.000) 03/28 23:34:54 Job submitted from host: <128.83.120.32:34358>
...
001 (088.000.000) 03/28 23:36:28 Job executing on host: <128.83.130.223:52205>
...
006 (088.000.000) 03/28 23:36:36 Image size of job updated: 34216340
	586  -  MemoryUsage of job (MB)
	599136  -  ResidentSetSize of job (KB)
...
006 (088.000.000) 03/28 23:41:36 Image size of job updated: 34216340
	4500  -  MemoryUsage of job (MB)
	4607644  -  ResidentSetSize of job (KB)
...
006 (088.000.000) 03/28 23:56:38 Image size of job updated: 34216340
	4500  -  MemoryUsage of job (MB)
	4607812  -  ResidentSetSize of job (KB)
...
005 (088.000.000) 03/29 00:42:18 Job terminated.
	(1) Normal termination (return value 0)
		Usr 0 01:04:59, Sys 0 00:00:07  -  Run Remote Usage
		Usr 0 00:00:00, Sys 0 00:00:00  -  Run Local Usage
		Usr 0 01:04:59, Sys 0 00:00:07  -  Total Remote Usage
		Usr 0 00:00:00, Sys 0 00:00:00  -  Total Local Usage
	0  -  Run Bytes Sent By Job
	0  -  Run Bytes Received By Job
	0  -  Total Bytes Sent By Job
	0  -  Total Bytes Received By Job
	Partitionable Resources :    Usage  Request Allocated
	   Cpus                 :                 1         1
	   Disk (KB)            :       10       10   6524471
	   Memory (MB)          :     4500        1      8062
...
