000 (090.000.000) 03/28 23:35:05 Job submitted from host: <128.83.120.32:34358>
...
001 (090.000.000) 03/28 23:35:28 Job executing on host: <128.83.144.29:38842>
...
006 (090.000.000) 03/28 23:35:36 Image size of job updated: 34565240
	63  -  MemoryUsage of job (MB)
	64032  -  ResidentSetSize of job (KB)
...
006 (090.000.000) 03/28 23:40:36 Image size of job updated: 34565240
	5068  -  MemoryUsage of job (MB)
	5189244  -  ResidentSetSize of job (KB)
...
006 (090.000.000) 03/28 23:45:37 Image size of job updated: 34565240
	5068  -  MemoryUsage of job (MB)
	5189292  -  ResidentSetSize of job (KB)
...
006 (090.000.000) 03/29 00:05:40 Image size of job updated: 34565240
	5068  -  MemoryUsage of job (MB)
	5189364  -  ResidentSetSize of job (KB)
...
006 (090.000.000) 03/29 00:40:44 Image size of job updated: 34565240
	5068  -  MemoryUsage of job (MB)
	5189404  -  ResidentSetSize of job (KB)
...
006 (090.000.000) 03/29 01:10:46 Image size of job updated: 34565240
	5068  -  MemoryUsage of job (MB)
	5189428  -  ResidentSetSize of job (KB)
...
005 (090.000.000) 03/29 01:28:47 Job terminated.
	(1) Normal termination (return value 0)
		Usr 0 01:53:05, Sys 0 00:00:10  -  Run Remote Usage
		Usr 0 00:00:00, Sys 0 00:00:00  -  Run Local Usage
		Usr 0 01:53:05, Sys 0 00:00:10  -  Total Remote Usage
		Usr 0 00:00:00, Sys 0 00:00:00  -  Total Local Usage
	0  -  Run Bytes Sent By Job
	0  -  Run Bytes Received By Job
	0  -  Total Bytes Sent By Job
	0  -  Total Bytes Received By Job
	Partitionable Resources :    Usage  Request Allocated
	   Cpus                 :                 1         1
	   Disk (KB)            :       10       10   1253037
	   Memory (MB)          :     5068        1     10751
...
