000 (080.000.000) 03/28 23:33:22 Job submitted from host: <128.83.120.32:34358>
...
001 (080.000.000) 03/28 23:33:29 Job executing on host: <128.83.144.151:38237>
...
006 (080.000.000) 03/28 23:33:37 Image size of job updated: 27700032
	710  -  MemoryUsage of job (MB)
	726828  -  ResidentSetSize of job (KB)
...
010 (080.000.000) 03/28 23:37:38 Job was suspended.
	Number of processes actually suspended: 1
...
006 (080.000.000) 03/28 23:37:38 Image size of job updated: 27700032
	1477  -  MemoryUsage of job (MB)
	1512048  -  ResidentSetSize of job (KB)
...
011 (080.000.000) 03/28 23:39:51 Job was unsuspended.
...
006 (080.000.000) 03/28 23:43:38 Image size of job updated: 27700032
	1692  -  MemoryUsage of job (MB)
	1732536  -  ResidentSetSize of job (KB)
...
010 (080.000.000) 03/28 23:45:36 Job was suspended.
	Number of processes actually suspended: 1
...
006 (080.000.000) 03/28 23:45:36 Image size of job updated: 27700032
	1900  -  MemoryUsage of job (MB)
	1945588  -  ResidentSetSize of job (KB)
...
011 (080.000.000) 03/28 23:47:28 Job was unsuspended.
...
005 (080.000.000) 03/28 23:51:34 Job terminated.
	(1) Normal termination (return value 0)
		Usr 0 00:11:23, Sys 0 00:00:04  -  Run Remote Usage
		Usr 0 00:00:00, Sys 0 00:00:00  -  Run Local Usage
		Usr 0 00:11:23, Sys 0 00:00:04  -  Total Remote Usage
		Usr 0 00:00:00, Sys 0 00:00:00  -  Total Local Usage
	0  -  Run Bytes Sent By Job
	0  -  Run Bytes Received By Job
	0  -  Total Bytes Sent By Job
	0  -  Total Bytes Received By Job
	Partitionable Resources :    Usage  Request Allocated
	   Cpus                 :                 1         1
	   Disk (KB)            :       10       10   8864036
	   Memory (MB)          :     1900        1      4028
...
