000 (149.000.000) 03/29 03:37:47 Job submitted from host: <128.83.120.32:34358>
...
001 (149.000.000) 03/29 03:38:02 Job executing on host: <128.83.120.212:54520>
...
006 (149.000.000) 03/29 03:38:10 Image size of job updated: 18807804
	16  -  MemoryUsage of job (MB)
	15484  -  ResidentSetSize of job (KB)
...
006 (149.000.000) 03/29 03:43:10 Image size of job updated: 19140812
	1113  -  MemoryUsage of job (MB)
	1139548  -  ResidentSetSize of job (KB)
...
005 (149.000.000) 03/29 03:44:34 Job terminated.
	(1) Normal termination (return value 0)
		Usr 0 00:06:33, Sys 0 00:00:01  -  Run Remote Usage
		Usr 0 00:00:00, Sys 0 00:00:00  -  Run Local Usage
		Usr 0 00:06:33, Sys 0 00:00:01  -  Total Remote Usage
		Usr 0 00:00:00, Sys 0 00:00:00  -  Total Local Usage
	0  -  Run Bytes Sent By Job
	0  -  Run Bytes Received By Job
	0  -  Total Bytes Sent By Job
	0  -  Total Bytes Received By Job
	Partitionable Resources :    Usage  Request Allocated
	   Cpus                 :                 1         1
	   Disk (KB)            :       10       10    474208
	   Memory (MB)          :     1113        1      2684
...
