000 (151.000.000) 03/29 03:37:54 Job submitted from host: <128.83.120.32:34358>
...
001 (151.000.000) 03/29 03:38:02 Job executing on host: <128.83.120.212:54520>
...
006 (151.000.000) 03/29 03:38:10 Image size of job updated: 18807804
	17  -  MemoryUsage of job (MB)
	17280  -  ResidentSetSize of job (KB)
...
006 (151.000.000) 03/29 03:43:10 Image size of job updated: 19140812
	1216  -  MemoryUsage of job (MB)
	1244716  -  ResidentSetSize of job (KB)
...
006 (151.000.000) 03/29 03:48:10 Image size of job updated: 19140812
	1359  -  MemoryUsage of job (MB)
	1391384  -  ResidentSetSize of job (KB)
...
005 (151.000.000) 03/29 03:50:19 Job terminated.
	(1) Normal termination (return value 0)
		Usr 0 00:12:20, Sys 0 00:00:01  -  Run Remote Usage
		Usr 0 00:00:00, Sys 0 00:00:00  -  Run Local Usage
		Usr 0 00:12:20, Sys 0 00:00:01  -  Total Remote Usage
		Usr 0 00:00:00, Sys 0 00:00:00  -  Total Local Usage
	0  -  Run Bytes Sent By Job
	0  -  Run Bytes Received By Job
	0  -  Total Bytes Sent By Job
	0  -  Total Bytes Received By Job
	Partitionable Resources :    Usage  Request Allocated
	   Cpus                 :                 1         1
	   Disk (KB)            :       10       10    474208
	   Memory (MB)          :     1359        1      2684
...
