000 (2464525.000.000) 02/28 04:06:33 Job submitted from host: <128.83.130.186:46357>
...
001 (2464525.000.000) 02/28 04:06:38 Job executing on host: <128.83.130.197:36753>
...
006 (2464525.000.000) 02/28 04:06:47 Image size of job updated: 9885928
	172  -  MemoryUsage of job (MB)
	176068  -  ResidentSetSize of job (KB)
...
006 (2464525.000.000) 02/28 04:11:48 Image size of job updated: 9885928
	589  -  MemoryUsage of job (MB)
	602740  -  ResidentSetSize of job (KB)
...
006 (2464525.000.000) 02/28 04:16:48 Image size of job updated: 9885928
	612  -  MemoryUsage of job (MB)
	626608  -  ResidentSetSize of job (KB)
...
005 (2464525.000.000) 02/28 07:43:36 Job terminated.
	(1) Normal termination (return value 0)
		Usr 0 03:38:20, Sys 0 00:00:17  -  Run Remote Usage
		Usr 0 00:00:00, Sys 0 00:00:00  -  Run Local Usage
		Usr 0 03:38:20, Sys 0 00:00:17  -  Total Remote Usage
		Usr 0 00:00:00, Sys 0 00:00:00  -  Total Local Usage
	0  -  Run Bytes Sent By Job
	0  -  Run Bytes Received By Job
	0  -  Total Bytes Sent By Job
	0  -  Total Bytes Received By Job
	Partitionable Resources :    Usage  Request Allocated
	   Cpus                 :                 1         1
	   Disk (KB)            :       10       10   2971557
	   Memory (MB)          :      612        1      4021
...
