000 (2463255.000.000) 02/27 13:14:30 Job submitted from host: <128.83.130.186:46357>
...
001 (2463255.000.000) 02/27 13:14:34 Job executing on host: <128.83.130.223:42137>
...
006 (2463255.000.000) 02/27 13:14:43 Image size of job updated: 34216356
	224  -  MemoryUsage of job (MB)
	228896  -  ResidentSetSize of job (KB)
...
006 (2463255.000.000) 02/27 13:19:44 Image size of job updated: 34216356
	526  -  MemoryUsage of job (MB)
	537644  -  ResidentSetSize of job (KB)
...
006 (2463255.000.000) 02/27 14:14:49 Image size of job updated: 34216356
	537  -  MemoryUsage of job (MB)
	549852  -  ResidentSetSize of job (KB)
...
006 (2463255.000.000) 02/27 14:19:50 Image size of job updated: 34216356
	610  -  MemoryUsage of job (MB)
	624448  -  ResidentSetSize of job (KB)
...
006 (2463255.000.000) 02/27 14:24:50 Image size of job updated: 34216356
	630  -  MemoryUsage of job (MB)
	644792  -  ResidentSetSize of job (KB)
...
006 (2463255.000.000) 02/27 14:29:50 Image size of job updated: 34216356
	664  -  MemoryUsage of job (MB)
	679584  -  ResidentSetSize of job (KB)
...
006 (2463255.000.000) 02/27 14:34:51 Image size of job updated: 34216356
	728  -  MemoryUsage of job (MB)
	744728  -  ResidentSetSize of job (KB)
...
006 (2463255.000.000) 02/27 16:45:02 Image size of job updated: 34216356
	781  -  MemoryUsage of job (MB)
	798868  -  ResidentSetSize of job (KB)
...
006 (2463255.000.000) 02/27 16:50:03 Image size of job updated: 34216356
	785  -  MemoryUsage of job (MB)
	803456  -  ResidentSetSize of job (KB)
...
006 (2463255.000.000) 02/27 16:55:03 Image size of job updated: 34216356
	1012  -  MemoryUsage of job (MB)
	1036172  -  ResidentSetSize of job (KB)
...
006 (2463255.000.000) 02/27 17:00:03 Image size of job updated: 34216356
	1125  -  MemoryUsage of job (MB)
	1151572  -  ResidentSetSize of job (KB)
...
005 (2463255.000.000) 02/27 18:15:32 Job terminated.
	(1) Normal termination (return value 0)
		Usr 0 05:02:07, Sys 0 00:00:11  -  Run Remote Usage
		Usr 0 00:00:00, Sys 0 00:00:00  -  Run Local Usage
		Usr 0 05:02:07, Sys 0 00:00:11  -  Total Remote Usage
		Usr 0 00:00:00, Sys 0 00:00:00  -  Total Local Usage
	0  -  Run Bytes Sent By Job
	0  -  Run Bytes Received By Job
	0  -  Total Bytes Sent By Job
	0  -  Total Bytes Received By Job
	Partitionable Resources :    Usage  Request Allocated
	   Cpus                 :                 1         1
	   Disk (KB)            :       10       10   6524479
	   Memory (MB)          :     1125        1      8062
...
