000 (2463248.000.000) 02/27 13:14:12 Job submitted from host: <128.83.130.186:46357>
...
001 (2463248.000.000) 02/27 13:14:22 Job executing on host: <128.83.130.223:42137>
...
006 (2463248.000.000) 02/27 13:14:31 Image size of job updated: 34216356
	356  -  MemoryUsage of job (MB)
	363620  -  ResidentSetSize of job (KB)
...
006 (2463248.000.000) 02/27 13:19:32 Image size of job updated: 34216356
	528  -  MemoryUsage of job (MB)
	539652  -  ResidentSetSize of job (KB)
...
006 (2463248.000.000) 02/27 14:29:40 Image size of job updated: 34216356
	764  -  MemoryUsage of job (MB)
	782060  -  ResidentSetSize of job (KB)
...
006 (2463248.000.000) 02/27 16:39:53 Image size of job updated: 34216356
	1015  -  MemoryUsage of job (MB)
	1038864  -  ResidentSetSize of job (KB)
...
006 (2463248.000.000) 02/27 16:54:55 Image size of job updated: 34216356
	1226  -  MemoryUsage of job (MB)
	1254508  -  ResidentSetSize of job (KB)
...
005 (2463248.000.000) 02/27 18:19:19 Job terminated.
	(1) Normal termination (return value 0)
		Usr 0 05:06:05, Sys 0 00:00:13  -  Run Remote Usage
		Usr 0 00:00:00, Sys 0 00:00:00  -  Run Local Usage
		Usr 0 05:06:05, Sys 0 00:00:13  -  Total Remote Usage
		Usr 0 00:00:00, Sys 0 00:00:00  -  Total Local Usage
	0  -  Run Bytes Sent By Job
	0  -  Run Bytes Received By Job
	0  -  Total Bytes Sent By Job
	0  -  Total Bytes Received By Job
	Partitionable Resources :    Usage  Request Allocated
	   Cpus                 :                 1         1
	   Disk (KB)            :       10       10   6524488
	   Memory (MB)          :     1226        1      8062
...
