000 (2463247.000.000) 02/27 13:14:06 Job submitted from host: <128.83.130.186:46357>
...
001 (2463247.000.000) 02/27 13:14:15 Job executing on host: <128.83.130.223:42137>
...
006 (2463247.000.000) 02/27 13:14:23 Image size of job updated: 34216356
	373  -  MemoryUsage of job (MB)
	381888  -  ResidentSetSize of job (KB)
...
006 (2463247.000.000) 02/27 13:19:23 Image size of job updated: 34216356
	520  -  MemoryUsage of job (MB)
	532460  -  ResidentSetSize of job (KB)
...
006 (2463247.000.000) 02/27 14:44:32 Image size of job updated: 34216356
	555  -  MemoryUsage of job (MB)
	567924  -  ResidentSetSize of job (KB)
...
006 (2463247.000.000) 02/27 16:39:44 Image size of job updated: 34216356
	1073  -  MemoryUsage of job (MB)
	1097764  -  ResidentSetSize of job (KB)
...
006 (2463247.000.000) 02/27 16:54:46 Image size of job updated: 34216356
	1317  -  MemoryUsage of job (MB)
	1348432  -  ResidentSetSize of job (KB)
...
005 (2463247.000.000) 02/27 18:11:32 Job terminated.
	(1) Normal termination (return value 0)
		Usr 0 04:58:16, Sys 0 00:00:13  -  Run Remote Usage
		Usr 0 00:00:00, Sys 0 00:00:00  -  Run Local Usage
		Usr 0 04:58:16, Sys 0 00:00:13  -  Total Remote Usage
		Usr 0 00:00:00, Sys 0 00:00:00  -  Total Local Usage
	0  -  Run Bytes Sent By Job
	0  -  Run Bytes Received By Job
	0  -  Total Bytes Sent By Job
	0  -  Total Bytes Received By Job
	Partitionable Resources :    Usage  Request Allocated
	   Cpus                 :                 1         1
	   Disk (KB)            :       10       10   6524488
	   Memory (MB)          :     1317        1      8062
...
