000 (2466072.000.000) 02/28 18:07:42 Job submitted from host: <128.83.130.186:46357>
...
001 (2466072.000.000) 02/28 18:09:10 Job executing on host: <128.83.144.155:37958>
...
006 (2466072.000.000) 02/28 18:09:19 Image size of job updated: 10
	3  -  MemoryUsage of job (MB)
	2180  -  ResidentSetSize of job (KB)
...
006 (2466072.000.000) 02/28 18:10:49 Image size of job updated: 27700048
	3  -  MemoryUsage of job (MB)
	2180  -  ResidentSetSize of job (KB)
...
005 (2466072.000.000) 02/28 18:10:49 Job terminated.
	(1) Normal termination (return value 0)
		Usr 0 00:01:32, Sys 0 00:00:00  -  Run Remote Usage
		Usr 0 00:00:00, Sys 0 00:00:00  -  Run Local Usage
		Usr 0 00:01:32, Sys 0 00:00:00  -  Total Remote Usage
		Usr 0 00:00:00, Sys 0 00:00:00  -  Total Local Usage
	0  -  Run Bytes Sent By Job
	0  -  Run Bytes Received By Job
	0  -  Total Bytes Sent By Job
	0  -  Total Bytes Received By Job
	Partitionable Resources :    Usage  Request Allocated
	   Cpus                 :                 1         1
	   Disk (KB)            :       10       10   8864030
	   Memory (MB)          :        3        1      4028
...
