000 (2466008.000.000) 02/28 18:07:39 Job submitted from host: <128.83.130.186:46357>
...
001 (2466008.000.000) 02/28 18:08:02 Job executing on host: <128.83.144.143:51372>
...
006 (2466008.000.000) 02/28 18:08:11 Image size of job updated: 27700048
	289  -  MemoryUsage of job (MB)
	295612  -  ResidentSetSize of job (KB)
...
005 (2466008.000.000) 02/28 18:09:41 Job terminated.
	(1) Normal termination (return value 0)
		Usr 0 00:01:39, Sys 0 00:00:00  -  Run Remote Usage
		Usr 0 00:00:00, Sys 0 00:00:00  -  Run Local Usage
		Usr 0 00:01:39, Sys 0 00:00:00  -  Total Remote Usage
		Usr 0 00:00:00, Sys 0 00:00:00  -  Total Local Usage
	0  -  Run Bytes Sent By Job
	0  -  Run Bytes Received By Job
	0  -  Total Bytes Sent By Job
	0  -  Total Bytes Received By Job
	Partitionable Resources :    Usage  Request Allocated
	   Cpus                 :                 1         1
	   Disk (KB)            :       10       10   8864030
	   Memory (MB)          :      289        1      4028
...
