000 (2466062.000.000) 02/28 18:07:42 Job submitted from host: <128.83.130.186:46357>
...
001 (2466062.000.000) 02/28 18:08:05 Job executing on host: <128.83.144.112:51114>
...
006 (2466062.000.000) 02/28 18:08:13 Image size of job updated: 35263040
	28  -  MemoryUsage of job (MB)
	28488  -  ResidentSetSize of job (KB)
...
006 (2466062.000.000) 02/28 18:10:00 Image size of job updated: 35263056
	28  -  MemoryUsage of job (MB)
	28488  -  ResidentSetSize of job (KB)
...
005 (2466062.000.000) 02/28 18:10:00 Job terminated.
	(1) Normal termination (return value 0)
		Usr 0 00:02:00, Sys 0 00:00:00  -  Run Remote Usage
		Usr 0 00:00:00, Sys 0 00:00:00  -  Run Local Usage
		Usr 0 00:02:00, Sys 0 00:00:00  -  Total Remote Usage
		Usr 0 00:00:00, Sys 0 00:00:00  -  Total Local Usage
	0  -  Run Bytes Sent By Job
	0  -  Run Bytes Received By Job
	0  -  Total Bytes Sent By Job
	0  -  Total Bytes Received By Job
	Partitionable Resources :    Usage  Request Allocated
	   Cpus                 :                 1         1
	   Disk (KB)            :       10       10    835465
	   Memory (MB)          :       28        1     12899
...
