000 (2463253.000.000) 02/27 13:14:24 Job submitted from host: <128.83.130.186:46357>
...
001 (2463253.000.000) 02/27 13:14:34 Job executing on host: <128.83.130.223:42137>
...
006 (2463253.000.000) 02/27 13:14:43 Image size of job updated: 34216356
	224  -  MemoryUsage of job (MB)
	228612  -  ResidentSetSize of job (KB)
...
006 (2463253.000.000) 02/27 13:19:44 Image size of job updated: 34216356
	523  -  MemoryUsage of job (MB)
	534740  -  ResidentSetSize of job (KB)
...
006 (2463253.000.000) 02/27 14:24:50 Image size of job updated: 34216356
	554  -  MemoryUsage of job (MB)
	567220  -  ResidentSetSize of job (KB)
...
006 (2463253.000.000) 02/27 14:29:51 Image size of job updated: 34216356
	603  -  MemoryUsage of job (MB)
	617388  -  ResidentSetSize of job (KB)
...
006 (2463253.000.000) 02/27 14:34:52 Image size of job updated: 34216356
	630  -  MemoryUsage of job (MB)
	644568  -  ResidentSetSize of job (KB)
...
006 (2463253.000.000) 02/27 14:39:52 Image size of job updated: 34216356
	632  -  MemoryUsage of job (MB)
	646244  -  ResidentSetSize of job (KB)
...
006 (2463253.000.000) 02/27 14:44:52 Image size of job updated: 34216356
	663  -  MemoryUsage of job (MB)
	678144  -  ResidentSetSize of job (KB)
...
006 (2463253.000.000) 02/27 14:49:53 Image size of job updated: 34216356
	667  -  MemoryUsage of job (MB)
	682856  -  ResidentSetSize of job (KB)
...
006 (2463253.000.000) 02/27 16:40:03 Image size of job updated: 34216356
	897  -  MemoryUsage of job (MB)
	917532  -  ResidentSetSize of job (KB)
...
006 (2463253.000.000) 02/27 16:45:04 Image size of job updated: 34216356
	901  -  MemoryUsage of job (MB)
	921868  -  ResidentSetSize of job (KB)
...
006 (2463253.000.000) 02/27 16:50:04 Image size of job updated: 34216356
	970  -  MemoryUsage of job (MB)
	992392  -  ResidentSetSize of job (KB)
...
006 (2463253.000.000) 02/27 16:55:04 Image size of job updated: 34216356
	1098  -  MemoryUsage of job (MB)
	1123832  -  ResidentSetSize of job (KB)
...
006 (2463253.000.000) 02/27 17:00:05 Image size of job updated: 34216356
	1107  -  MemoryUsage of job (MB)
	1132980  -  ResidentSetSize of job (KB)
...
006 (2463253.000.000) 02/27 17:05:06 Image size of job updated: 34216356
	1117  -  MemoryUsage of job (MB)
	1142880  -  ResidentSetSize of job (KB)
...
005 (2463253.000.000) 02/27 18:14:15 Job terminated.
	(1) Normal termination (return value 0)
		Usr 0 05:00:34, Sys 0 00:00:12  -  Run Remote Usage
		Usr 0 00:00:00, Sys 0 00:00:00  -  Run Local Usage
		Usr 0 05:00:34, Sys 0 00:00:12  -  Total Remote Usage
		Usr 0 00:00:00, Sys 0 00:00:00  -  Total Local Usage
	0  -  Run Bytes Sent By Job
	0  -  Run Bytes Received By Job
	0  -  Total Bytes Sent By Job
	0  -  Total Bytes Received By Job
	Partitionable Resources :    Usage  Request Allocated
	   Cpus                 :                 1         1
	   Disk (KB)            :       10       10   6524482
	   Memory (MB)          :     1117        1      8062
...
