State #0 "O"
initialWeight=0.0, finalWeight=0.0
#destinations=76
-> O
-> NNP
-> ,
-> CD
-> NNS
-> JJ
-> MD
-> VB
-> DT
-> NN
-> IN
-> .
-> VBZ
-> VBG
-> CC
-> VBD
-> VBN
-> RB
-> TO
-> PRP
-> RBR
-> WDT
-> VBP
-> PRP$
-> JJS
-> POS
-> ``
-> EX
-> ''
-> WP
-> :
-> JJR
-> WRB
-> RP
-> $
-> NNPS
-> WP$
-> 2/CD
-> winter/JJ
-> (
-> )
-> PDT
-> RBS
-> FW
-> UH
-> McGraw-Hill/NNP
-> McGraw/NNP
-> McGraw/NN
-> 4/CD
-> 8/CD
-> Contra/NNP
-> SYM
-> Firestone/NNP
-> LS
-> 10th/NN
-> #
-> VBG|NN
-> 16/CD
-> Del/NNP
-> Fawcett/NNP
-> 50/CD
-> Net/NNP
-> bassoonist\/composer/NN
-> JJ|NN
-> RB|IN
-> NNS|NN
-> processing/JJ
-> VBN|JJ
-> 32/CD
-> VB|NN
-> RBR|JJR
-> 2007/CD
-> NN|NNS
-> JJ|RB
-> Twenty-First/NNP
-> piano/JJ
State #1 "NNP"
initialWeight=0.0, finalWeight=0.0
#destinations=76
-> O
-> NNP
-> ,
-> CD
-> NNS
-> JJ
-> MD
-> VB
-> DT
-> NN
-> IN
-> .
-> VBZ
-> VBG
-> CC
-> VBD
-> VBN
-> RB
-> TO
-> PRP
-> RBR
-> WDT
-> VBP
-> PRP$
-> JJS
-> POS
-> ``
-> EX
-> ''
-> WP
-> :
-> JJR
-> WRB
-> RP
-> $
-> NNPS
-> WP$
-> 2/CD
-> winter/JJ
-> (
-> )
-> PDT
-> RBS
-> FW
-> UH
-> McGraw-Hill/NNP
-> McGraw/NNP
-> McGraw/NN
-> 4/CD
-> 8/CD
-> Contra/NNP
-> SYM
-> Firestone/NNP
-> LS
-> 10th/NN
-> #
-> VBG|NN
-> 16/CD
-> Del/NNP
-> Fawcett/NNP
-> 50/CD
-> Net/NNP
-> bassoonist\/composer/NN
-> JJ|NN
-> RB|IN
-> NNS|NN
-> processing/JJ
-> VBN|JJ
-> 32/CD
-> VB|NN
-> RBR|JJR
-> 2007/CD
-> NN|NNS
-> JJ|RB
-> Twenty-First/NNP
-> piano/JJ
State #2 ","
initialWeight=0.0, finalWeight=0.0
#destinations=76
-> O
-> NNP
-> ,
-> CD
-> NNS
-> JJ
-> MD
-> VB
-> DT
-> NN
-> IN
-> .
-> VBZ
-> VBG
-> CC
-> VBD
-> VBN
-> RB
-> TO
-> PRP
-> RBR
-> WDT
-> VBP
-> PRP$
-> JJS
-> POS
-> ``
-> EX
-> ''
-> WP
-> :
-> JJR
-> WRB
-> RP
-> $
-> NNPS
-> WP$
-> 2/CD
-> winter/JJ
-> (
-> )
-> PDT
-> RBS
-> FW
-> UH
-> McGraw-Hill/NNP
-> McGraw/NNP
-> McGraw/NN
-> 4/CD
-> 8/CD
-> Contra/NNP
-> SYM
-> Firestone/NNP
-> LS
-> 10th/NN
-> #
-> VBG|NN
-> 16/CD
-> Del/NNP
-> Fawcett/NNP
-> 50/CD
-> Net/NNP
-> bassoonist\/composer/NN
-> JJ|NN
-> RB|IN
-> NNS|NN
-> processing/JJ
-> VBN|JJ
-> 32/CD
-> VB|NN
-> RBR|JJR
-> 2007/CD
-> NN|NNS
-> JJ|RB
-> Twenty-First/NNP
-> piano/JJ
State #3 "CD"
initialWeight=0.0, finalWeight=0.0
#destinations=76
-> O
-> NNP
-> ,
-> CD
-> NNS
-> JJ
-> MD
-> VB
-> DT
-> NN
-> IN
-> .
-> VBZ
-> VBG
-> CC
-> VBD
-> VBN
-> RB
-> TO
-> PRP
-> RBR
-> WDT
-> VBP
-> PRP$
-> JJS
-> POS
-> ``
-> EX
-> ''
-> WP
-> :
-> JJR
-> WRB
-> RP
-> $
-> NNPS
-> WP$
-> 2/CD
-> winter/JJ
-> (
-> )
-> PDT
-> RBS
-> FW
-> UH
-> McGraw-Hill/NNP
-> McGraw/NNP
-> McGraw/NN
-> 4/CD
-> 8/CD
-> Contra/NNP
-> SYM
-> Firestone/NNP
-> LS
-> 10th/NN
-> #
-> VBG|NN
-> 16/CD
-> Del/NNP
-> Fawcett/NNP
-> 50/CD
-> Net/NNP
-> bassoonist\/composer/NN
-> JJ|NN
-> RB|IN
-> NNS|NN
-> processing/JJ
-> VBN|JJ
-> 32/CD
-> VB|NN
-> RBR|JJR
-> 2007/CD
-> NN|NNS
-> JJ|RB
-> Twenty-First/NNP
-> piano/JJ
State #4 "NNS"
initialWeight=0.0, finalWeight=0.0
#destinations=76
-> O
-> NNP
-> ,
-> CD
-> NNS
-> JJ
-> MD
-> VB
-> DT
-> NN
-> IN
-> .
-> VBZ
-> VBG
-> CC
-> VBD
-> VBN
-> RB
-> TO
-> PRP
-> RBR
-> WDT
-> VBP
-> PRP$
-> JJS
-> POS
-> ``
-> EX
-> ''
-> WP
-> :
-> JJR
-> WRB
-> RP
-> $
-> NNPS
-> WP$
-> 2/CD
-> winter/JJ
-> (
-> )
-> PDT
-> RBS
-> FW
-> UH
-> McGraw-Hill/NNP
-> McGraw/NNP
-> McGraw/NN
-> 4/CD
-> 8/CD
-> Contra/NNP
-> SYM
-> Firestone/NNP
-> LS
-> 10th/NN
-> #
-> VBG|NN
-> 16/CD
-> Del/NNP
-> Fawcett/NNP
-> 50/CD
-> Net/NNP
-> bassoonist\/composer/NN
-> JJ|NN
-> RB|IN
-> NNS|NN
-> processing/JJ
-> VBN|JJ
-> 32/CD
-> VB|NN
-> RBR|JJR
-> 2007/CD
-> NN|NNS
-> JJ|RB
-> Twenty-First/NNP
-> piano/JJ
State #5 "JJ"
initialWeight=0.0, finalWeight=0.0
#destinations=76
-> O
-> NNP
-> ,
-> CD
-> NNS
-> JJ
-> MD
-> VB
-> DT
-> NN
-> IN
-> .
-> VBZ
-> VBG
-> CC
-> VBD
-> VBN
-> RB
-> TO
-> PRP
-> RBR
-> WDT
-> VBP
-> PRP$
-> JJS
-> POS
-> ``
-> EX
-> ''
-> WP
-> :
-> JJR
-> WRB
-> RP
-> $
-> NNPS
-> WP$
-> 2/CD
-> winter/JJ
-> (
-> )
-> PDT
-> RBS
-> FW
-> UH
-> McGraw-Hill/NNP
-> McGraw/NNP
-> McGraw/NN
-> 4/CD
-> 8/CD
-> Contra/NNP
-> SYM
-> Firestone/NNP
-> LS
-> 10th/NN
-> #
-> VBG|NN
-> 16/CD
-> Del/NNP
-> Fawcett/NNP
-> 50/CD
-> Net/NNP
-> bassoonist\/composer/NN
-> JJ|NN
-> RB|IN
-> NNS|NN
-> processing/JJ
-> VBN|JJ
-> 32/CD
-> VB|NN
-> RBR|JJR
-> 2007/CD
-> NN|NNS
-> JJ|RB
-> Twenty-First/NNP
-> piano/JJ
State #6 "MD"
initialWeight=0.0, finalWeight=0.0
#destinations=76
-> O
-> NNP
-> ,
-> CD
-> NNS
-> JJ
-> MD
-> VB
-> DT
-> NN
-> IN
-> .
-> VBZ
-> VBG
-> CC
-> VBD
-> VBN
-> RB
-> TO
-> PRP
-> RBR
-> WDT
-> VBP
-> PRP$
-> JJS
-> POS
-> ``
-> EX
-> ''
-> WP
-> :
-> JJR
-> WRB
-> RP
-> $
-> NNPS
-> WP$
-> 2/CD
-> winter/JJ
-> (
-> )
-> PDT
-> RBS
-> FW
-> UH
-> McGraw-Hill/NNP
-> McGraw/NNP
-> McGraw/NN
-> 4/CD
-> 8/CD
-> Contra/NNP
-> SYM
-> Firestone/NNP
-> LS
-> 10th/NN
-> #
-> VBG|NN
-> 16/CD
-> Del/NNP
-> Fawcett/NNP
-> 50/CD
-> Net/NNP
-> bassoonist\/composer/NN
-> JJ|NN
-> RB|IN
-> NNS|NN
-> processing/JJ
-> VBN|JJ
-> 32/CD
-> VB|NN
-> RBR|JJR
-> 2007/CD
-> NN|NNS
-> JJ|RB
-> Twenty-First/NNP
-> piano/JJ
State #7 "VB"
initialWeight=0.0, finalWeight=0.0
#destinations=76
-> O
-> NNP
-> ,
-> CD
-> NNS
-> JJ
-> MD
-> VB
-> DT
-> NN
-> IN
-> .
-> VBZ
-> VBG
-> CC
-> VBD
-> VBN
-> RB
-> TO
-> PRP
-> RBR
-> WDT
-> VBP
-> PRP$
-> JJS
-> POS
-> ``
-> EX
-> ''
-> WP
-> :
-> JJR
-> WRB
-> RP
-> $
-> NNPS
-> WP$
-> 2/CD
-> winter/JJ
-> (
-> )
-> PDT
-> RBS
-> FW
-> UH
-> McGraw-Hill/NNP
-> McGraw/NNP
-> McGraw/NN
-> 4/CD
-> 8/CD
-> Contra/NNP
-> SYM
-> Firestone/NNP
-> LS
-> 10th/NN
-> #
-> VBG|NN
-> 16/CD
-> Del/NNP
-> Fawcett/NNP
-> 50/CD
-> Net/NNP
-> bassoonist\/composer/NN
-> JJ|NN
-> RB|IN
-> NNS|NN
-> processing/JJ
-> VBN|JJ
-> 32/CD
-> VB|NN
-> RBR|JJR
-> 2007/CD
-> NN|NNS
-> JJ|RB
-> Twenty-First/NNP
-> piano/JJ
State #8 "DT"
initialWeight=0.0, finalWeight=0.0
#destinations=76
-> O
-> NNP
-> ,
-> CD
-> NNS
-> JJ
-> MD
-> VB
-> DT
-> NN
-> IN
-> .
-> VBZ
-> VBG
-> CC
-> VBD
-> VBN
-> RB
-> TO
-> PRP
-> RBR
-> WDT
-> VBP
-> PRP$
-> JJS
-> POS
-> ``
-> EX
-> ''
-> WP
-> :
-> JJR
-> WRB
-> RP
-> $
-> NNPS
-> WP$
-> 2/CD
-> winter/JJ
-> (
-> )
-> PDT
-> RBS
-> FW
-> UH
-> McGraw-Hill/NNP
-> McGraw/NNP
-> McGraw/NN
-> 4/CD
-> 8/CD
-> Contra/NNP
-> SYM
-> Firestone/NNP
-> LS
-> 10th/NN
-> #
-> VBG|NN
-> 16/CD
-> Del/NNP
-> Fawcett/NNP
-> 50/CD
-> Net/NNP
-> bassoonist\/composer/NN
-> JJ|NN
-> RB|IN
-> NNS|NN
-> processing/JJ
-> VBN|JJ
-> 32/CD
-> VB|NN
-> RBR|JJR
-> 2007/CD
-> NN|NNS
-> JJ|RB
-> Twenty-First/NNP
-> piano/JJ
State #9 "NN"
initialWeight=0.0, finalWeight=0.0
#destinations=76
-> O
-> NNP
-> ,
-> CD
-> NNS
-> JJ
-> MD
-> VB
-> DT
-> NN
-> IN
-> .
-> VBZ
-> VBG
-> CC
-> VBD
-> VBN
-> RB
-> TO
-> PRP
-> RBR
-> WDT
-> VBP
-> PRP$
-> JJS
-> POS
-> ``
-> EX
-> ''
-> WP
-> :
-> JJR
-> WRB
-> RP
-> $
-> NNPS
-> WP$
-> 2/CD
-> winter/JJ
-> (
-> )
-> PDT
-> RBS
-> FW
-> UH
-> McGraw-Hill/NNP
-> McGraw/NNP
-> McGraw/NN
-> 4/CD
-> 8/CD
-> Contra/NNP
-> SYM
-> Firestone/NNP
-> LS
-> 10th/NN
-> #
-> VBG|NN
-> 16/CD
-> Del/NNP
-> Fawcett/NNP
-> 50/CD
-> Net/NNP
-> bassoonist\/composer/NN
-> JJ|NN
-> RB|IN
-> NNS|NN
-> processing/JJ
-> VBN|JJ
-> 32/CD
-> VB|NN
-> RBR|JJR
-> 2007/CD
-> NN|NNS
-> JJ|RB
-> Twenty-First/NNP
-> piano/JJ
State #10 "IN"
initialWeight=0.0, finalWeight=0.0
#destinations=76
-> O
-> NNP
-> ,
-> CD
-> NNS
-> JJ
-> MD
-> VB
-> DT
-> NN
-> IN
-> .
-> VBZ
-> VBG
-> CC
-> VBD
-> VBN
-> RB
-> TO
-> PRP
-> RBR
-> WDT
-> VBP
-> PRP$
-> JJS
-> POS
-> ``
-> EX
-> ''
-> WP
-> :
-> JJR
-> WRB
-> RP
-> $
-> NNPS
-> WP$
-> 2/CD
-> winter/JJ
-> (
-> )
-> PDT
-> RBS
-> FW
-> UH
-> McGraw-Hill/NNP
-> McGraw/NNP
-> McGraw/NN
-> 4/CD
-> 8/CD
-> Contra/NNP
-> SYM
-> Firestone/NNP
-> LS
-> 10th/NN
-> #
-> VBG|NN
-> 16/CD
-> Del/NNP
-> Fawcett/NNP
-> 50/CD
-> Net/NNP
-> bassoonist\/composer/NN
-> JJ|NN
-> RB|IN
-> NNS|NN
-> processing/JJ
-> VBN|JJ
-> 32/CD
-> VB|NN
-> RBR|JJR
-> 2007/CD
-> NN|NNS
-> JJ|RB
-> Twenty-First/NNP
-> piano/JJ
State #11 "."
initialWeight=0.0, finalWeight=0.0
#destinations=76
-> O
-> NNP
-> ,
-> CD
-> NNS
-> JJ
-> MD
-> VB
-> DT
-> NN
-> IN
-> .
-> VBZ
-> VBG
-> CC
-> VBD
-> VBN
-> RB
-> TO
-> PRP
-> RBR
-> WDT
-> VBP
-> PRP$
-> JJS
-> POS
-> ``
-> EX
-> ''
-> WP
-> :
-> JJR
-> WRB
-> RP
-> $
-> NNPS
-> WP$
-> 2/CD
-> winter/JJ
-> (
-> )
-> PDT
-> RBS
-> FW
-> UH
-> McGraw-Hill/NNP
-> McGraw/NNP
-> McGraw/NN
-> 4/CD
-> 8/CD
-> Contra/NNP
-> SYM
-> Firestone/NNP
-> LS
-> 10th/NN
-> #
-> VBG|NN
-> 16/CD
-> Del/NNP
-> Fawcett/NNP
-> 50/CD
-> Net/NNP
-> bassoonist\/composer/NN
-> JJ|NN
-> RB|IN
-> NNS|NN
-> processing/JJ
-> VBN|JJ
-> 32/CD
-> VB|NN
-> RBR|JJR
-> 2007/CD
-> NN|NNS
-> JJ|RB
-> Twenty-First/NNP
-> piano/JJ
State #12 "VBZ"
initialWeight=0.0, finalWeight=0.0
#destinations=76
-> O
-> NNP
-> ,
-> CD
-> NNS
-> JJ
-> MD
-> VB
-> DT
-> NN
-> IN
-> .
-> VBZ
-> VBG
-> CC
-> VBD
-> VBN
-> RB
-> TO
-> PRP
-> RBR
-> WDT
-> VBP
-> PRP$
-> JJS
-> POS
-> ``
-> EX
-> ''
-> WP
-> :
-> JJR
-> WRB
-> RP
-> $
-> NNPS
-> WP$
-> 2/CD
-> winter/JJ
-> (
-> )
-> PDT
-> RBS
-> FW
-> UH
-> McGraw-Hill/NNP
-> McGraw/NNP
-> McGraw/NN
-> 4/CD
-> 8/CD
-> Contra/NNP
-> SYM
-> Firestone/NNP
-> LS
-> 10th/NN
-> #
-> VBG|NN
-> 16/CD
-> Del/NNP
-> Fawcett/NNP
-> 50/CD
-> Net/NNP
-> bassoonist\/composer/NN
-> JJ|NN
-> RB|IN
-> NNS|NN
-> processing/JJ
-> VBN|JJ
-> 32/CD
-> VB|NN
-> RBR|JJR
-> 2007/CD
-> NN|NNS
-> JJ|RB
-> Twenty-First/NNP
-> piano/JJ
State #13 "VBG"
initialWeight=0.0, finalWeight=0.0
#destinations=76
-> O
-> NNP
-> ,
-> CD
-> NNS
-> JJ
-> MD
-> VB
-> DT
-> NN
-> IN
-> .
-> VBZ
-> VBG
-> CC
-> VBD
-> VBN
-> RB
-> TO
-> PRP
-> RBR
-> WDT
-> VBP
-> PRP$
-> JJS
-> POS
-> ``
-> EX
-> ''
-> WP
-> :
-> JJR
-> WRB
-> RP
-> $
-> NNPS
-> WP$
-> 2/CD
-> winter/JJ
-> (
-> )
-> PDT
-> RBS
-> FW
-> UH
-> McGraw-Hill/NNP
-> McGraw/NNP
-> McGraw/NN
-> 4/CD
-> 8/CD
-> Contra/NNP
-> SYM
-> Firestone/NNP
-> LS
-> 10th/NN
-> #
-> VBG|NN
-> 16/CD
-> Del/NNP
-> Fawcett/NNP
-> 50/CD
-> Net/NNP
-> bassoonist\/composer/NN
-> JJ|NN
-> RB|IN
-> NNS|NN
-> processing/JJ
-> VBN|JJ
-> 32/CD
-> VB|NN
-> RBR|JJR
-> 2007/CD
-> NN|NNS
-> JJ|RB
-> Twenty-First/NNP
-> piano/JJ
State #14 "CC"
initialWeight=0.0, finalWeight=0.0
#destinations=76
-> O
-> NNP
-> ,
-> CD
-> NNS
-> JJ
-> MD
-> VB
-> DT
-> NN
-> IN
-> .
-> VBZ
-> VBG
-> CC
-> VBD
-> VBN
-> RB
-> TO
-> PRP
-> RBR
-> WDT
-> VBP
-> PRP$
-> JJS
-> POS
-> ``
-> EX
-> ''
-> WP
-> :
-> JJR
-> WRB
-> RP
-> $
-> NNPS
-> WP$
-> 2/CD
-> winter/JJ
-> (
-> )
-> PDT
-> RBS
-> FW
-> UH
-> McGraw-Hill/NNP
-> McGraw/NNP
-> McGraw/NN
-> 4/CD
-> 8/CD
-> Contra/NNP
-> SYM
-> Firestone/NNP
-> LS
-> 10th/NN
-> #
-> VBG|NN
-> 16/CD
-> Del/NNP
-> Fawcett/NNP
-> 50/CD
-> Net/NNP
-> bassoonist\/composer/NN
-> JJ|NN
-> RB|IN
-> NNS|NN
-> processing/JJ
-> VBN|JJ
-> 32/CD
-> VB|NN
-> RBR|JJR
-> 2007/CD
-> NN|NNS
-> JJ|RB
-> Twenty-First/NNP
-> piano/JJ
State #15 "VBD"
initialWeight=0.0, finalWeight=0.0
#destinations=76
-> O
-> NNP
-> ,
-> CD
-> NNS
-> JJ
-> MD
-> VB
-> DT
-> NN
-> IN
-> .
-> VBZ
-> VBG
-> CC
-> VBD
-> VBN
-> RB
-> TO
-> PRP
-> RBR
-> WDT
-> VBP
-> PRP$
-> JJS
-> POS
-> ``
-> EX
-> ''
-> WP
-> :
-> JJR
-> WRB
-> RP
-> $
-> NNPS
-> WP$
-> 2/CD
-> winter/JJ
-> (
-> )
-> PDT
-> RBS
-> FW
-> UH
-> McGraw-Hill/NNP
-> McGraw/NNP
-> McGraw/NN
-> 4/CD
-> 8/CD
-> Contra/NNP
-> SYM
-> Firestone/NNP
-> LS
-> 10th/NN
-> #
-> VBG|NN
-> 16/CD
-> Del/NNP
-> Fawcett/NNP
-> 50/CD
-> Net/NNP
-> bassoonist\/composer/NN
-> JJ|NN
-> RB|IN
-> NNS|NN
-> processing/JJ
-> VBN|JJ
-> 32/CD
-> VB|NN
-> RBR|JJR
-> 2007/CD
-> NN|NNS
-> JJ|RB
-> Twenty-First/NNP
-> piano/JJ
State #16 "VBN"
initialWeight=0.0, finalWeight=0.0
#destinations=76
-> O
-> NNP
-> ,
-> CD
-> NNS
-> JJ
-> MD
-> VB
-> DT
-> NN
-> IN
-> .
-> VBZ
-> VBG
-> CC
-> VBD
-> VBN
-> RB
-> TO
-> PRP
-> RBR
-> WDT
-> VBP
-> PRP$
-> JJS
-> POS
-> ``
-> EX
-> ''
-> WP
-> :
-> JJR
-> WRB
-> RP
-> $
-> NNPS
-> WP$
-> 2/CD
-> winter/JJ
-> (
-> )
-> PDT
-> RBS
-> FW
-> UH
-> McGraw-Hill/NNP
-> McGraw/NNP
-> McGraw/NN
-> 4/CD
-> 8/CD
-> Contra/NNP
-> SYM
-> Firestone/NNP
-> LS
-> 10th/NN
-> #
-> VBG|NN
-> 16/CD
-> Del/NNP
-> Fawcett/NNP
-> 50/CD
-> Net/NNP
-> bassoonist\/composer/NN
-> JJ|NN
-> RB|IN
-> NNS|NN
-> processing/JJ
-> VBN|JJ
-> 32/CD
-> VB|NN
-> RBR|JJR
-> 2007/CD
-> NN|NNS
-> JJ|RB
-> Twenty-First/NNP
-> piano/JJ
State #17 "RB"
initialWeight=0.0, finalWeight=0.0
#destinations=76
-> O
-> NNP
-> ,
-> CD
-> NNS
-> JJ
-> MD
-> VB
-> DT
-> NN
-> IN
-> .
-> VBZ
-> VBG
-> CC
-> VBD
-> VBN
-> RB
-> TO
-> PRP
-> RBR
-> WDT
-> VBP
-> PRP$
-> JJS
-> POS
-> ``
-> EX
-> ''
-> WP
-> :
-> JJR
-> WRB
-> RP
-> $
-> NNPS
-> WP$
-> 2/CD
-> winter/JJ
-> (
-> )
-> PDT
-> RBS
-> FW
-> UH
-> McGraw-Hill/NNP
-> McGraw/NNP
-> McGraw/NN
-> 4/CD
-> 8/CD
-> Contra/NNP
-> SYM
-> Firestone/NNP
-> LS
-> 10th/NN
-> #
-> VBG|NN
-> 16/CD
-> Del/NNP
-> Fawcett/NNP
-> 50/CD
-> Net/NNP
-> bassoonist\/composer/NN
-> JJ|NN
-> RB|IN
-> NNS|NN
-> processing/JJ
-> VBN|JJ
-> 32/CD
-> VB|NN
-> RBR|JJR
-> 2007/CD
-> NN|NNS
-> JJ|RB
-> Twenty-First/NNP
-> piano/JJ
State #18 "TO"
initialWeight=0.0, finalWeight=0.0
#destinations=76
-> O
-> NNP
-> ,
-> CD
-> NNS
-> JJ
-> MD
-> VB
-> DT
-> NN
-> IN
-> .
-> VBZ
-> VBG
-> CC
-> VBD
-> VBN
-> RB
-> TO
-> PRP
-> RBR
-> WDT
-> VBP
-> PRP$
-> JJS
-> POS
-> ``
-> EX
-> ''
-> WP
-> :
-> JJR
-> WRB
-> RP
-> $
-> NNPS
-> WP$
-> 2/CD
-> winter/JJ
-> (
-> )
-> PDT
-> RBS
-> FW
-> UH
-> McGraw-Hill/NNP
-> McGraw/NNP
-> McGraw/NN
-> 4/CD
-> 8/CD
-> Contra/NNP
-> SYM
-> Firestone/NNP
-> LS
-> 10th/NN
-> #
-> VBG|NN
-> 16/CD
-> Del/NNP
-> Fawcett/NNP
-> 50/CD
-> Net/NNP
-> bassoonist\/composer/NN
-> JJ|NN
-> RB|IN
-> NNS|NN
-> processing/JJ
-> VBN|JJ
-> 32/CD
-> VB|NN
-> RBR|JJR
-> 2007/CD
-> NN|NNS
-> JJ|RB
-> Twenty-First/NNP
-> piano/JJ
State #19 "PRP"
initialWeight=0.0, finalWeight=0.0
#destinations=76
-> O
-> NNP
-> ,
-> CD
-> NNS
-> JJ
-> MD
-> VB
-> DT
-> NN
-> IN
-> .
-> VBZ
-> VBG
-> CC
-> VBD
-> VBN
-> RB
-> TO
-> PRP
-> RBR
-> WDT
-> VBP
-> PRP$
-> JJS
-> POS
-> ``
-> EX
-> ''
-> WP
-> :
-> JJR
-> WRB
-> RP
-> $
-> NNPS
-> WP$
-> 2/CD
-> winter/JJ
-> (
-> )
-> PDT
-> RBS
-> FW
-> UH
-> McGraw-Hill/NNP
-> McGraw/NNP
-> McGraw/NN
-> 4/CD
-> 8/CD
-> Contra/NNP
-> SYM
-> Firestone/NNP
-> LS
-> 10th/NN
-> #
-> VBG|NN
-> 16/CD
-> Del/NNP
-> Fawcett/NNP
-> 50/CD
-> Net/NNP
-> bassoonist\/composer/NN
-> JJ|NN
-> RB|IN
-> NNS|NN
-> processing/JJ
-> VBN|JJ
-> 32/CD
-> VB|NN
-> RBR|JJR
-> 2007/CD
-> NN|NNS
-> JJ|RB
-> Twenty-First/NNP
-> piano/JJ
State #20 "RBR"
initialWeight=0.0, finalWeight=0.0
#destinations=76
-> O
-> NNP
-> ,
-> CD
-> NNS
-> JJ
-> MD
-> VB
-> DT
-> NN
-> IN
-> .
-> VBZ
-> VBG
-> CC
-> VBD
-> VBN
-> RB
-> TO
-> PRP
-> RBR
-> WDT
-> VBP
-> PRP$
-> JJS
-> POS
-> ``
-> EX
-> ''
-> WP
-> :
-> JJR
-> WRB
-> RP
-> $
-> NNPS
-> WP$
-> 2/CD
-> winter/JJ
-> (
-> )
-> PDT
-> RBS
-> FW
-> UH
-> McGraw-Hill/NNP
-> McGraw/NNP
-> McGraw/NN
-> 4/CD
-> 8/CD
-> Contra/NNP
-> SYM
-> Firestone/NNP
-> LS
-> 10th/NN
-> #
-> VBG|NN
-> 16/CD
-> Del/NNP
-> Fawcett/NNP
-> 50/CD
-> Net/NNP
-> bassoonist\/composer/NN
-> JJ|NN
-> RB|IN
-> NNS|NN
-> processing/JJ
-> VBN|JJ
-> 32/CD
-> VB|NN
-> RBR|JJR
-> 2007/CD
-> NN|NNS
-> JJ|RB
-> Twenty-First/NNP
-> piano/JJ
State #21 "WDT"
initialWeight=0.0, finalWeight=0.0
#destinations=76
-> O
-> NNP
-> ,
-> CD
-> NNS
-> JJ
-> MD
-> VB
-> DT
-> NN
-> IN
-> .
-> VBZ
-> VBG
-> CC
-> VBD
-> VBN
-> RB
-> TO
-> PRP
-> RBR
-> WDT
-> VBP
-> PRP$
-> JJS
-> POS
-> ``
-> EX
-> ''
-> WP
-> :
-> JJR
-> WRB
-> RP
-> $
-> NNPS
-> WP$
-> 2/CD
-> winter/JJ
-> (
-> )
-> PDT
-> RBS
-> FW
-> UH
-> McGraw-Hill/NNP
-> McGraw/NNP
-> McGraw/NN
-> 4/CD
-> 8/CD
-> Contra/NNP
-> SYM
-> Firestone/NNP
-> LS
-> 10th/NN
-> #
-> VBG|NN
-> 16/CD
-> Del/NNP
-> Fawcett/NNP
-> 50/CD
-> Net/NNP
-> bassoonist\/composer/NN
-> JJ|NN
-> RB|IN
-> NNS|NN
-> processing/JJ
-> VBN|JJ
-> 32/CD
-> VB|NN
-> RBR|JJR
-> 2007/CD
-> NN|NNS
-> JJ|RB
-> Twenty-First/NNP
-> piano/JJ
State #22 "VBP"
initialWeight=0.0, finalWeight=0.0
#destinations=76
-> O
-> NNP
-> ,
-> CD
-> NNS
-> JJ
-> MD
-> VB
-> DT
-> NN
-> IN
-> .
-> VBZ
-> VBG
-> CC
-> VBD
-> VBN
-> RB
-> TO
-> PRP
-> RBR
-> WDT
-> VBP
-> PRP$
-> JJS
-> POS
-> ``
-> EX
-> ''
-> WP
-> :
-> JJR
-> WRB
-> RP
-> $
-> NNPS
-> WP$
-> 2/CD
-> winter/JJ
-> (
-> )
-> PDT
-> RBS
-> FW
-> UH
-> McGraw-Hill/NNP
-> McGraw/NNP
-> McGraw/NN
-> 4/CD
-> 8/CD
-> Contra/NNP
-> SYM
-> Firestone/NNP
-> LS
-> 10th/NN
-> #
-> VBG|NN
-> 16/CD
-> Del/NNP
-> Fawcett/NNP
-> 50/CD
-> Net/NNP
-> bassoonist\/composer/NN
-> JJ|NN
-> RB|IN
-> NNS|NN
-> processing/JJ
-> VBN|JJ
-> 32/CD
-> VB|NN
-> RBR|JJR
-> 2007/CD
-> NN|NNS
-> JJ|RB
-> Twenty-First/NNP
-> piano/JJ
State #23 "PRP$"
initialWeight=0.0, finalWeight=0.0
#destinations=76
-> O
-> NNP
-> ,
-> CD
-> NNS
-> JJ
-> MD
-> VB
-> DT
-> NN
-> IN
-> .
-> VBZ
-> VBG
-> CC
-> VBD
-> VBN
-> RB
-> TO
-> PRP
-> RBR
-> WDT
-> VBP
-> PRP$
-> JJS
-> POS
-> ``
-> EX
-> ''
-> WP
-> :
-> JJR
-> WRB
-> RP
-> $
-> NNPS
-> WP$
-> 2/CD
-> winter/JJ
-> (
-> )
-> PDT
-> RBS
-> FW
-> UH
-> McGraw-Hill/NNP
-> McGraw/NNP
-> McGraw/NN
-> 4/CD
-> 8/CD
-> Contra/NNP
-> SYM
-> Firestone/NNP
-> LS
-> 10th/NN
-> #
-> VBG|NN
-> 16/CD
-> Del/NNP
-> Fawcett/NNP
-> 50/CD
-> Net/NNP
-> bassoonist\/composer/NN
-> JJ|NN
-> RB|IN
-> NNS|NN
-> processing/JJ
-> VBN|JJ
-> 32/CD
-> VB|NN
-> RBR|JJR
-> 2007/CD
-> NN|NNS
-> JJ|RB
-> Twenty-First/NNP
-> piano/JJ
State #24 "JJS"
initialWeight=0.0, finalWeight=0.0
#destinations=76
-> O
-> NNP
-> ,
-> CD
-> NNS
-> JJ
-> MD
-> VB
-> DT
-> NN
-> IN
-> .
-> VBZ
-> VBG
-> CC
-> VBD
-> VBN
-> RB
-> TO
-> PRP
-> RBR
-> WDT
-> VBP
-> PRP$
-> JJS
-> POS
-> ``
-> EX
-> ''
-> WP
-> :
-> JJR
-> WRB
-> RP
-> $
-> NNPS
-> WP$
-> 2/CD
-> winter/JJ
-> (
-> )
-> PDT
-> RBS
-> FW
-> UH
-> McGraw-Hill/NNP
-> McGraw/NNP
-> McGraw/NN
-> 4/CD
-> 8/CD
-> Contra/NNP
-> SYM
-> Firestone/NNP
-> LS
-> 10th/NN
-> #
-> VBG|NN
-> 16/CD
-> Del/NNP
-> Fawcett/NNP
-> 50/CD
-> Net/NNP
-> bassoonist\/composer/NN
-> JJ|NN
-> RB|IN
-> NNS|NN
-> processing/JJ
-> VBN|JJ
-> 32/CD
-> VB|NN
-> RBR|JJR
-> 2007/CD
-> NN|NNS
-> JJ|RB
-> Twenty-First/NNP
-> piano/JJ
State #25 "POS"
initialWeight=0.0, finalWeight=0.0
#destinations=76
-> O
-> NNP
-> ,
-> CD
-> NNS
-> JJ
-> MD
-> VB
-> DT
-> NN
-> IN
-> .
-> VBZ
-> VBG
-> CC
-> VBD
-> VBN
-> RB
-> TO
-> PRP
-> RBR
-> WDT
-> VBP
-> PRP$
-> JJS
-> POS
-> ``
-> EX
-> ''
-> WP
-> :
-> JJR
-> WRB
-> RP
-> $
-> NNPS
-> WP$
-> 2/CD
-> winter/JJ
-> (
-> )
-> PDT
-> RBS
-> FW
-> UH
-> McGraw-Hill/NNP
-> McGraw/NNP
-> McGraw/NN
-> 4/CD
-> 8/CD
-> Contra/NNP
-> SYM
-> Firestone/NNP
-> LS
-> 10th/NN
-> #
-> VBG|NN
-> 16/CD
-> Del/NNP
-> Fawcett/NNP
-> 50/CD
-> Net/NNP
-> bassoonist\/composer/NN
-> JJ|NN
-> RB|IN
-> NNS|NN
-> processing/JJ
-> VBN|JJ
-> 32/CD
-> VB|NN
-> RBR|JJR
-> 2007/CD
-> NN|NNS
-> JJ|RB
-> Twenty-First/NNP
-> piano/JJ
State #26 "``"
initialWeight=0.0, finalWeight=0.0
#destinations=76
-> O
-> NNP
-> ,
-> CD
-> NNS
-> JJ
-> MD
-> VB
-> DT
-> NN
-> IN
-> .
-> VBZ
-> VBG
-> CC
-> VBD
-> VBN
-> RB
-> TO
-> PRP
-> RBR
-> WDT
-> VBP
-> PRP$
-> JJS
-> POS
-> ``
-> EX
-> ''
-> WP
-> :
-> JJR
-> WRB
-> RP
-> $
-> NNPS
-> WP$
-> 2/CD
-> winter/JJ
-> (
-> )
-> PDT
-> RBS
-> FW
-> UH
-> McGraw-Hill/NNP
-> McGraw/NNP
-> McGraw/NN
-> 4/CD
-> 8/CD
-> Contra/NNP
-> SYM
-> Firestone/NNP
-> LS
-> 10th/NN
-> #
-> VBG|NN
-> 16/CD
-> Del/NNP
-> Fawcett/NNP
-> 50/CD
-> Net/NNP
-> bassoonist\/composer/NN
-> JJ|NN
-> RB|IN
-> NNS|NN
-> processing/JJ
-> VBN|JJ
-> 32/CD
-> VB|NN
-> RBR|JJR
-> 2007/CD
-> NN|NNS
-> JJ|RB
-> Twenty-First/NNP
-> piano/JJ
State #27 "EX"
initialWeight=0.0, finalWeight=0.0
#destinations=76
-> O
-> NNP
-> ,
-> CD
-> NNS
-> JJ
-> MD
-> VB
-> DT
-> NN
-> IN
-> .
-> VBZ
-> VBG
-> CC
-> VBD
-> VBN
-> RB
-> TO
-> PRP
-> RBR
-> WDT
-> VBP
-> PRP$
-> JJS
-> POS
-> ``
-> EX
-> ''
-> WP
-> :
-> JJR
-> WRB
-> RP
-> $
-> NNPS
-> WP$
-> 2/CD
-> winter/JJ
-> (
-> )
-> PDT
-> RBS
-> FW
-> UH
-> McGraw-Hill/NNP
-> McGraw/NNP
-> McGraw/NN
-> 4/CD
-> 8/CD
-> Contra/NNP
-> SYM
-> Firestone/NNP
-> LS
-> 10th/NN
-> #
-> VBG|NN
-> 16/CD
-> Del/NNP
-> Fawcett/NNP
-> 50/CD
-> Net/NNP
-> bassoonist\/composer/NN
-> JJ|NN
-> RB|IN
-> NNS|NN
-> processing/JJ
-> VBN|JJ
-> 32/CD
-> VB|NN
-> RBR|JJR
-> 2007/CD
-> NN|NNS
-> JJ|RB
-> Twenty-First/NNP
-> piano/JJ
State #28 "''"
initialWeight=0.0, finalWeight=0.0
#destinations=76
-> O
-> NNP
-> ,
-> CD
-> NNS
-> JJ
-> MD
-> VB
-> DT
-> NN
-> IN
-> .
-> VBZ
-> VBG
-> CC
-> VBD
-> VBN
-> RB
-> TO
-> PRP
-> RBR
-> WDT
-> VBP
-> PRP$
-> JJS
-> POS
-> ``
-> EX
-> ''
-> WP
-> :
-> JJR
-> WRB
-> RP
-> $
-> NNPS
-> WP$
-> 2/CD
-> winter/JJ
-> (
-> )
-> PDT
-> RBS
-> FW
-> UH
-> McGraw-Hill/NNP
-> McGraw/NNP
-> McGraw/NN
-> 4/CD
-> 8/CD
-> Contra/NNP
-> SYM
-> Firestone/NNP
-> LS
-> 10th/NN
-> #
-> VBG|NN
-> 16/CD
-> Del/NNP
-> Fawcett/NNP
-> 50/CD
-> Net/NNP
-> bassoonist\/composer/NN
-> JJ|NN
-> RB|IN
-> NNS|NN
-> processing/JJ
-> VBN|JJ
-> 32/CD
-> VB|NN
-> RBR|JJR
-> 2007/CD
-> NN|NNS
-> JJ|RB
-> Twenty-First/NNP
-> piano/JJ
State #29 "WP"
initialWeight=0.0, finalWeight=0.0
#destinations=76
-> O
-> NNP
-> ,
-> CD
-> NNS
-> JJ
-> MD
-> VB
-> DT
-> NN
-> IN
-> .
-> VBZ
-> VBG
-> CC
-> VBD
-> VBN
-> RB
-> TO
-> PRP
-> RBR
-> WDT
-> VBP
-> PRP$
-> JJS
-> POS
-> ``
-> EX
-> ''
-> WP
-> :
-> JJR
-> WRB
-> RP
-> $
-> NNPS
-> WP$
-> 2/CD
-> winter/JJ
-> (
-> )
-> PDT
-> RBS
-> FW
-> UH
-> McGraw-Hill/NNP
-> McGraw/NNP
-> McGraw/NN
-> 4/CD
-> 8/CD
-> Contra/NNP
-> SYM
-> Firestone/NNP
-> LS
-> 10th/NN
-> #
-> VBG|NN
-> 16/CD
-> Del/NNP
-> Fawcett/NNP
-> 50/CD
-> Net/NNP
-> bassoonist\/composer/NN
-> JJ|NN
-> RB|IN
-> NNS|NN
-> processing/JJ
-> VBN|JJ
-> 32/CD
-> VB|NN
-> RBR|JJR
-> 2007/CD
-> NN|NNS
-> JJ|RB
-> Twenty-First/NNP
-> piano/JJ
State #30 ":"
initialWeight=0.0, finalWeight=0.0
#destinations=76
-> O
-> NNP
-> ,
-> CD
-> NNS
-> JJ
-> MD
-> VB
-> DT
-> NN
-> IN
-> .
-> VBZ
-> VBG
-> CC
-> VBD
-> VBN
-> RB
-> TO
-> PRP
-> RBR
-> WDT
-> VBP
-> PRP$
-> JJS
-> POS
-> ``
-> EX
-> ''
-> WP
-> :
-> JJR
-> WRB
-> RP
-> $
-> NNPS
-> WP$
-> 2/CD
-> winter/JJ
-> (
-> )
-> PDT
-> RBS
-> FW
-> UH
-> McGraw-Hill/NNP
-> McGraw/NNP
-> McGraw/NN
-> 4/CD
-> 8/CD
-> Contra/NNP
-> SYM
-> Firestone/NNP
-> LS
-> 10th/NN
-> #
-> VBG|NN
-> 16/CD
-> Del/NNP
-> Fawcett/NNP
-> 50/CD
-> Net/NNP
-> bassoonist\/composer/NN
-> JJ|NN
-> RB|IN
-> NNS|NN
-> processing/JJ
-> VBN|JJ
-> 32/CD
-> VB|NN
-> RBR|JJR
-> 2007/CD
-> NN|NNS
-> JJ|RB
-> Twenty-First/NNP
-> piano/JJ
State #31 "JJR"
initialWeight=0.0, finalWeight=0.0
#destinations=76
-> O
-> NNP
-> ,
-> CD
-> NNS
-> JJ
-> MD
-> VB
-> DT
-> NN
-> IN
-> .
-> VBZ
-> VBG
-> CC
-> VBD
-> VBN
-> RB
-> TO
-> PRP
-> RBR
-> WDT
-> VBP
-> PRP$
-> JJS
-> POS
-> ``
-> EX
-> ''
-> WP
-> :
-> JJR
-> WRB
-> RP
-> $
-> NNPS
-> WP$
-> 2/CD
-> winter/JJ
-> (
-> )
-> PDT
-> RBS
-> FW
-> UH
-> McGraw-Hill/NNP
-> McGraw/NNP
-> McGraw/NN
-> 4/CD
-> 8/CD
-> Contra/NNP
-> SYM
-> Firestone/NNP
-> LS
-> 10th/NN
-> #
-> VBG|NN
-> 16/CD
-> Del/NNP
-> Fawcett/NNP
-> 50/CD
-> Net/NNP
-> bassoonist\/composer/NN
-> JJ|NN
-> RB|IN
-> NNS|NN
-> processing/JJ
-> VBN|JJ
-> 32/CD
-> VB|NN
-> RBR|JJR
-> 2007/CD
-> NN|NNS
-> JJ|RB
-> Twenty-First/NNP
-> piano/JJ
State #32 "WRB"
initialWeight=0.0, finalWeight=0.0
#destinations=76
-> O
-> NNP
-> ,
-> CD
-> NNS
-> JJ
-> MD
-> VB
-> DT
-> NN
-> IN
-> .
-> VBZ
-> VBG
-> CC
-> VBD
-> VBN
-> RB
-> TO
-> PRP
-> RBR
-> WDT
-> VBP
-> PRP$
-> JJS
-> POS
-> ``
-> EX
-> ''
-> WP
-> :
-> JJR
-> WRB
-> RP
-> $
-> NNPS
-> WP$
-> 2/CD
-> winter/JJ
-> (
-> )
-> PDT
-> RBS
-> FW
-> UH
-> McGraw-Hill/NNP
-> McGraw/NNP
-> McGraw/NN
-> 4/CD
-> 8/CD
-> Contra/NNP
-> SYM
-> Firestone/NNP
-> LS
-> 10th/NN
-> #
-> VBG|NN
-> 16/CD
-> Del/NNP
-> Fawcett/NNP
-> 50/CD
-> Net/NNP
-> bassoonist\/composer/NN
-> JJ|NN
-> RB|IN
-> NNS|NN
-> processing/JJ
-> VBN|JJ
-> 32/CD
-> VB|NN
-> RBR|JJR
-> 2007/CD
-> NN|NNS
-> JJ|RB
-> Twenty-First/NNP
-> piano/JJ
State #33 "RP"
initialWeight=0.0, finalWeight=0.0
#destinations=76
-> O
-> NNP
-> ,
-> CD
-> NNS
-> JJ
-> MD
-> VB
-> DT
-> NN
-> IN
-> .
-> VBZ
-> VBG
-> CC
-> VBD
-> VBN
-> RB
-> TO
-> PRP
-> RBR
-> WDT
-> VBP
-> PRP$
-> JJS
-> POS
-> ``
-> EX
-> ''
-> WP
-> :
-> JJR
-> WRB
-> RP
-> $
-> NNPS
-> WP$
-> 2/CD
-> winter/JJ
-> (
-> )
-> PDT
-> RBS
-> FW
-> UH
-> McGraw-Hill/NNP
-> McGraw/NNP
-> McGraw/NN
-> 4/CD
-> 8/CD
-> Contra/NNP
-> SYM
-> Firestone/NNP
-> LS
-> 10th/NN
-> #
-> VBG|NN
-> 16/CD
-> Del/NNP
-> Fawcett/NNP
-> 50/CD
-> Net/NNP
-> bassoonist\/composer/NN
-> JJ|NN
-> RB|IN
-> NNS|NN
-> processing/JJ
-> VBN|JJ
-> 32/CD
-> VB|NN
-> RBR|JJR
-> 2007/CD
-> NN|NNS
-> JJ|RB
-> Twenty-First/NNP
-> piano/JJ
State #34 "$"
initialWeight=0.0, finalWeight=0.0
#destinations=76
-> O
-> NNP
-> ,
-> CD
-> NNS
-> JJ
-> MD
-> VB
-> DT
-> NN
-> IN
-> .
-> VBZ
-> VBG
-> CC
-> VBD
-> VBN
-> RB
-> TO
-> PRP
-> RBR
-> WDT
-> VBP
-> PRP$
-> JJS
-> POS
-> ``
-> EX
-> ''
-> WP
-> :
-> JJR
-> WRB
-> RP
-> $
-> NNPS
-> WP$
-> 2/CD
-> winter/JJ
-> (
-> )
-> PDT
-> RBS
-> FW
-> UH
-> McGraw-Hill/NNP
-> McGraw/NNP
-> McGraw/NN
-> 4/CD
-> 8/CD
-> Contra/NNP
-> SYM
-> Firestone/NNP
-> LS
-> 10th/NN
-> #
-> VBG|NN
-> 16/CD
-> Del/NNP
-> Fawcett/NNP
-> 50/CD
-> Net/NNP
-> bassoonist\/composer/NN
-> JJ|NN
-> RB|IN
-> NNS|NN
-> processing/JJ
-> VBN|JJ
-> 32/CD
-> VB|NN
-> RBR|JJR
-> 2007/CD
-> NN|NNS
-> JJ|RB
-> Twenty-First/NNP
-> piano/JJ
State #35 "NNPS"
initialWeight=0.0, finalWeight=0.0
#destinations=76
-> O
-> NNP
-> ,
-> CD
-> NNS
-> JJ
-> MD
-> VB
-> DT
-> NN
-> IN
-> .
-> VBZ
-> VBG
-> CC
-> VBD
-> VBN
-> RB
-> TO
-> PRP
-> RBR
-> WDT
-> VBP
-> PRP$
-> JJS
-> POS
-> ``
-> EX
-> ''
-> WP
-> :
-> JJR
-> WRB
-> RP
-> $
-> NNPS
-> WP$
-> 2/CD
-> winter/JJ
-> (
-> )
-> PDT
-> RBS
-> FW
-> UH
-> McGraw-Hill/NNP
-> McGraw/NNP
-> McGraw/NN
-> 4/CD
-> 8/CD
-> Contra/NNP
-> SYM
-> Firestone/NNP
-> LS
-> 10th/NN
-> #
-> VBG|NN
-> 16/CD
-> Del/NNP
-> Fawcett/NNP
-> 50/CD
-> Net/NNP
-> bassoonist\/composer/NN
-> JJ|NN
-> RB|IN
-> NNS|NN
-> processing/JJ
-> VBN|JJ
-> 32/CD
-> VB|NN
-> RBR|JJR
-> 2007/CD
-> NN|NNS
-> JJ|RB
-> Twenty-First/NNP
-> piano/JJ
State #36 "WP$"
initialWeight=0.0, finalWeight=0.0
#destinations=76
-> O
-> NNP
-> ,
-> CD
-> NNS
-> JJ
-> MD
-> VB
-> DT
-> NN
-> IN
-> .
-> VBZ
-> VBG
-> CC
-> VBD
-> VBN
-> RB
-> TO
-> PRP
-> RBR
-> WDT
-> VBP
-> PRP$
-> JJS
-> POS
-> ``
-> EX
-> ''
-> WP
-> :
-> JJR
-> WRB
-> RP
-> $
-> NNPS
-> WP$
-> 2/CD
-> winter/JJ
-> (
-> )
-> PDT
-> RBS
-> FW
-> UH
-> McGraw-Hill/NNP
-> McGraw/NNP
-> McGraw/NN
-> 4/CD
-> 8/CD
-> Contra/NNP
-> SYM
-> Firestone/NNP
-> LS
-> 10th/NN
-> #
-> VBG|NN
-> 16/CD
-> Del/NNP
-> Fawcett/NNP
-> 50/CD
-> Net/NNP
-> bassoonist\/composer/NN
-> JJ|NN
-> RB|IN
-> NNS|NN
-> processing/JJ
-> VBN|JJ
-> 32/CD
-> VB|NN
-> RBR|JJR
-> 2007/CD
-> NN|NNS
-> JJ|RB
-> Twenty-First/NNP
-> piano/JJ
State #37 "2/CD"
initialWeight=0.0, finalWeight=0.0
#destinations=76
-> O
-> NNP
-> ,
-> CD
-> NNS
-> JJ
-> MD
-> VB
-> DT
-> NN
-> IN
-> .
-> VBZ
-> VBG
-> CC
-> VBD
-> VBN
-> RB
-> TO
-> PRP
-> RBR
-> WDT
-> VBP
-> PRP$
-> JJS
-> POS
-> ``
-> EX
-> ''
-> WP
-> :
-> JJR
-> WRB
-> RP
-> $
-> NNPS
-> WP$
-> 2/CD
-> winter/JJ
-> (
-> )
-> PDT
-> RBS
-> FW
-> UH
-> McGraw-Hill/NNP
-> McGraw/NNP
-> McGraw/NN
-> 4/CD
-> 8/CD
-> Contra/NNP
-> SYM
-> Firestone/NNP
-> LS
-> 10th/NN
-> #
-> VBG|NN
-> 16/CD
-> Del/NNP
-> Fawcett/NNP
-> 50/CD
-> Net/NNP
-> bassoonist\/composer/NN
-> JJ|NN
-> RB|IN
-> NNS|NN
-> processing/JJ
-> VBN|JJ
-> 32/CD
-> VB|NN
-> RBR|JJR
-> 2007/CD
-> NN|NNS
-> JJ|RB
-> Twenty-First/NNP
-> piano/JJ
State #38 "winter/JJ"
initialWeight=0.0, finalWeight=0.0
#destinations=76
-> O
-> NNP
-> ,
-> CD
-> NNS
-> JJ
-> MD
-> VB
-> DT
-> NN
-> IN
-> .
-> VBZ
-> VBG
-> CC
-> VBD
-> VBN
-> RB
-> TO
-> PRP
-> RBR
-> WDT
-> VBP
-> PRP$
-> JJS
-> POS
-> ``
-> EX
-> ''
-> WP
-> :
-> JJR
-> WRB
-> RP
-> $
-> NNPS
-> WP$
-> 2/CD
-> winter/JJ
-> (
-> )
-> PDT
-> RBS
-> FW
-> UH
-> McGraw-Hill/NNP
-> McGraw/NNP
-> McGraw/NN
-> 4/CD
-> 8/CD
-> Contra/NNP
-> SYM
-> Firestone/NNP
-> LS
-> 10th/NN
-> #
-> VBG|NN
-> 16/CD
-> Del/NNP
-> Fawcett/NNP
-> 50/CD
-> Net/NNP
-> bassoonist\/composer/NN
-> JJ|NN
-> RB|IN
-> NNS|NN
-> processing/JJ
-> VBN|JJ
-> 32/CD
-> VB|NN
-> RBR|JJR
-> 2007/CD
-> NN|NNS
-> JJ|RB
-> Twenty-First/NNP
-> piano/JJ
State #39 "("
initialWeight=0.0, finalWeight=0.0
#destinations=76
-> O
-> NNP
-> ,
-> CD
-> NNS
-> JJ
-> MD
-> VB
-> DT
-> NN
-> IN
-> .
-> VBZ
-> VBG
-> CC
-> VBD
-> VBN
-> RB
-> TO
-> PRP
-> RBR
-> WDT
-> VBP
-> PRP$
-> JJS
-> POS
-> ``
-> EX
-> ''
-> WP
-> :
-> JJR
-> WRB
-> RP
-> $
-> NNPS
-> WP$
-> 2/CD
-> winter/JJ
-> (
-> )
-> PDT
-> RBS
-> FW
-> UH
-> McGraw-Hill/NNP
-> McGraw/NNP
-> McGraw/NN
-> 4/CD
-> 8/CD
-> Contra/NNP
-> SYM
-> Firestone/NNP
-> LS
-> 10th/NN
-> #
-> VBG|NN
-> 16/CD
-> Del/NNP
-> Fawcett/NNP
-> 50/CD
-> Net/NNP
-> bassoonist\/composer/NN
-> JJ|NN
-> RB|IN
-> NNS|NN
-> processing/JJ
-> VBN|JJ
-> 32/CD
-> VB|NN
-> RBR|JJR
-> 2007/CD
-> NN|NNS
-> JJ|RB
-> Twenty-First/NNP
-> piano/JJ
State #40 ")"
initialWeight=0.0, finalWeight=0.0
#destinations=76
-> O
-> NNP
-> ,
-> CD
-> NNS
-> JJ
-> MD
-> VB
-> DT
-> NN
-> IN
-> .
-> VBZ
-> VBG
-> CC
-> VBD
-> VBN
-> RB
-> TO
-> PRP
-> RBR
-> WDT
-> VBP
-> PRP$
-> JJS
-> POS
-> ``
-> EX
-> ''
-> WP
-> :
-> JJR
-> WRB
-> RP
-> $
-> NNPS
-> WP$
-> 2/CD
-> winter/JJ
-> (
-> )
-> PDT
-> RBS
-> FW
-> UH
-> McGraw-Hill/NNP
-> McGraw/NNP
-> McGraw/NN
-> 4/CD
-> 8/CD
-> Contra/NNP
-> SYM
-> Firestone/NNP
-> LS
-> 10th/NN
-> #
-> VBG|NN
-> 16/CD
-> Del/NNP
-> Fawcett/NNP
-> 50/CD
-> Net/NNP
-> bassoonist\/composer/NN
-> JJ|NN
-> RB|IN
-> NNS|NN
-> processing/JJ
-> VBN|JJ
-> 32/CD
-> VB|NN
-> RBR|JJR
-> 2007/CD
-> NN|NNS
-> JJ|RB
-> Twenty-First/NNP
-> piano/JJ
State #41 "PDT"
initialWeight=0.0, finalWeight=0.0
#destinations=76
-> O
-> NNP
-> ,
-> CD
-> NNS
-> JJ
-> MD
-> VB
-> DT
-> NN
-> IN
-> .
-> VBZ
-> VBG
-> CC
-> VBD
-> VBN
-> RB
-> TO
-> PRP
-> RBR
-> WDT
-> VBP
-> PRP$
-> JJS
-> POS
-> ``
-> EX
-> ''
-> WP
-> :
-> JJR
-> WRB
-> RP
-> $
-> NNPS
-> WP$
-> 2/CD
-> winter/JJ
-> (
-> )
-> PDT
-> RBS
-> FW
-> UH
-> McGraw-Hill/NNP
-> McGraw/NNP
-> McGraw/NN
-> 4/CD
-> 8/CD
-> Contra/NNP
-> SYM
-> Firestone/NNP
-> LS
-> 10th/NN
-> #
-> VBG|NN
-> 16/CD
-> Del/NNP
-> Fawcett/NNP
-> 50/CD
-> Net/NNP
-> bassoonist\/composer/NN
-> JJ|NN
-> RB|IN
-> NNS|NN
-> processing/JJ
-> VBN|JJ
-> 32/CD
-> VB|NN
-> RBR|JJR
-> 2007/CD
-> NN|NNS
-> JJ|RB
-> Twenty-First/NNP
-> piano/JJ
State #42 "RBS"
initialWeight=0.0, finalWeight=0.0
#destinations=76
-> O
-> NNP
-> ,
-> CD
-> NNS
-> JJ
-> MD
-> VB
-> DT
-> NN
-> IN
-> .
-> VBZ
-> VBG
-> CC
-> VBD
-> VBN
-> RB
-> TO
-> PRP
-> RBR
-> WDT
-> VBP
-> PRP$
-> JJS
-> POS
-> ``
-> EX
-> ''
-> WP
-> :
-> JJR
-> WRB
-> RP
-> $
-> NNPS
-> WP$
-> 2/CD
-> winter/JJ
-> (
-> )
-> PDT
-> RBS
-> FW
-> UH
-> McGraw-Hill/NNP
-> McGraw/NNP
-> McGraw/NN
-> 4/CD
-> 8/CD
-> Contra/NNP
-> SYM
-> Firestone/NNP
-> LS
-> 10th/NN
-> #
-> VBG|NN
-> 16/CD
-> Del/NNP
-> Fawcett/NNP
-> 50/CD
-> Net/NNP
-> bassoonist\/composer/NN
-> JJ|NN
-> RB|IN
-> NNS|NN
-> processing/JJ
-> VBN|JJ
-> 32/CD
-> VB|NN
-> RBR|JJR
-> 2007/CD
-> NN|NNS
-> JJ|RB
-> Twenty-First/NNP
-> piano/JJ
State #43 "FW"
initialWeight=0.0, finalWeight=0.0
#destinations=76
-> O
-> NNP
-> ,
-> CD
-> NNS
-> JJ
-> MD
-> VB
-> DT
-> NN
-> IN
-> .
-> VBZ
-> VBG
-> CC
-> VBD
-> VBN
-> RB
-> TO
-> PRP
-> RBR
-> WDT
-> VBP
-> PRP$
-> JJS
-> POS
-> ``
-> EX
-> ''
-> WP
-> :
-> JJR
-> WRB
-> RP
-> $
-> NNPS
-> WP$
-> 2/CD
-> winter/JJ
-> (
-> )
-> PDT
-> RBS
-> FW
-> UH
-> McGraw-Hill/NNP
-> McGraw/NNP
-> McGraw/NN
-> 4/CD
-> 8/CD
-> Contra/NNP
-> SYM
-> Firestone/NNP
-> LS
-> 10th/NN
-> #
-> VBG|NN
-> 16/CD
-> Del/NNP
-> Fawcett/NNP
-> 50/CD
-> Net/NNP
-> bassoonist\/composer/NN
-> JJ|NN
-> RB|IN
-> NNS|NN
-> processing/JJ
-> VBN|JJ
-> 32/CD
-> VB|NN
-> RBR|JJR
-> 2007/CD
-> NN|NNS
-> JJ|RB
-> Twenty-First/NNP
-> piano/JJ
State #44 "UH"
initialWeight=0.0, finalWeight=0.0
#destinations=76
-> O
-> NNP
-> ,
-> CD
-> NNS
-> JJ
-> MD
-> VB
-> DT
-> NN
-> IN
-> .
-> VBZ
-> VBG
-> CC
-> VBD
-> VBN
-> RB
-> TO
-> PRP
-> RBR
-> WDT
-> VBP
-> PRP$
-> JJS
-> POS
-> ``
-> EX
-> ''
-> WP
-> :
-> JJR
-> WRB
-> RP
-> $
-> NNPS
-> WP$
-> 2/CD
-> winter/JJ
-> (
-> )
-> PDT
-> RBS
-> FW
-> UH
-> McGraw-Hill/NNP
-> McGraw/NNP
-> McGraw/NN
-> 4/CD
-> 8/CD
-> Contra/NNP
-> SYM
-> Firestone/NNP
-> LS
-> 10th/NN
-> #
-> VBG|NN
-> 16/CD
-> Del/NNP
-> Fawcett/NNP
-> 50/CD
-> Net/NNP
-> bassoonist\/composer/NN
-> JJ|NN
-> RB|IN
-> NNS|NN
-> processing/JJ
-> VBN|JJ
-> 32/CD
-> VB|NN
-> RBR|JJR
-> 2007/CD
-> NN|NNS
-> JJ|RB
-> Twenty-First/NNP
-> piano/JJ
State #45 "McGraw-Hill/NNP"
initialWeight=0.0, finalWeight=0.0
#destinations=76
-> O
-> NNP
-> ,
-> CD
-> NNS
-> JJ
-> MD
-> VB
-> DT
-> NN
-> IN
-> .
-> VBZ
-> VBG
-> CC
-> VBD
-> VBN
-> RB
-> TO
-> PRP
-> RBR
-> WDT
-> VBP
-> PRP$
-> JJS
-> POS
-> ``
-> EX
-> ''
-> WP
-> :
-> JJR
-> WRB
-> RP
-> $
-> NNPS
-> WP$
-> 2/CD
-> winter/JJ
-> (
-> )
-> PDT
-> RBS
-> FW
-> UH
-> McGraw-Hill/NNP
-> McGraw/NNP
-> McGraw/NN
-> 4/CD
-> 8/CD
-> Contra/NNP
-> SYM
-> Firestone/NNP
-> LS
-> 10th/NN
-> #
-> VBG|NN
-> 16/CD
-> Del/NNP
-> Fawcett/NNP
-> 50/CD
-> Net/NNP
-> bassoonist\/composer/NN
-> JJ|NN
-> RB|IN
-> NNS|NN
-> processing/JJ
-> VBN|JJ
-> 32/CD
-> VB|NN
-> RBR|JJR
-> 2007/CD
-> NN|NNS
-> JJ|RB
-> Twenty-First/NNP
-> piano/JJ
State #46 "McGraw/NNP"
initialWeight=0.0, finalWeight=0.0
#destinations=76
-> O
-> NNP
-> ,
-> CD
-> NNS
-> JJ
-> MD
-> VB
-> DT
-> NN
-> IN
-> .
-> VBZ
-> VBG
-> CC
-> VBD
-> VBN
-> RB
-> TO
-> PRP
-> RBR
-> WDT
-> VBP
-> PRP$
-> JJS
-> POS
-> ``
-> EX
-> ''
-> WP
-> :
-> JJR
-> WRB
-> RP
-> $
-> NNPS
-> WP$
-> 2/CD
-> winter/JJ
-> (
-> )
-> PDT
-> RBS
-> FW
-> UH
-> McGraw-Hill/NNP
-> McGraw/NNP
-> McGraw/NN
-> 4/CD
-> 8/CD
-> Contra/NNP
-> SYM
-> Firestone/NNP
-> LS
-> 10th/NN
-> #
-> VBG|NN
-> 16/CD
-> Del/NNP
-> Fawcett/NNP
-> 50/CD
-> Net/NNP
-> bassoonist\/composer/NN
-> JJ|NN
-> RB|IN
-> NNS|NN
-> processing/JJ
-> VBN|JJ
-> 32/CD
-> VB|NN
-> RBR|JJR
-> 2007/CD
-> NN|NNS
-> JJ|RB
-> Twenty-First/NNP
-> piano/JJ
State #47 "McGraw/NN"
initialWeight=0.0, finalWeight=0.0
#destinations=76
-> O
-> NNP
-> ,
-> CD
-> NNS
-> JJ
-> MD
-> VB
-> DT
-> NN
-> IN
-> .
-> VBZ
-> VBG
-> CC
-> VBD
-> VBN
-> RB
-> TO
-> PRP
-> RBR
-> WDT
-> VBP
-> PRP$
-> JJS
-> POS
-> ``
-> EX
-> ''
-> WP
-> :
-> JJR
-> WRB
-> RP
-> $
-> NNPS
-> WP$
-> 2/CD
-> winter/JJ
-> (
-> )
-> PDT
-> RBS
-> FW
-> UH
-> McGraw-Hill/NNP
-> McGraw/NNP
-> McGraw/NN
-> 4/CD
-> 8/CD
-> Contra/NNP
-> SYM
-> Firestone/NNP
-> LS
-> 10th/NN
-> #
-> VBG|NN
-> 16/CD
-> Del/NNP
-> Fawcett/NNP
-> 50/CD
-> Net/NNP
-> bassoonist\/composer/NN
-> JJ|NN
-> RB|IN
-> NNS|NN
-> processing/JJ
-> VBN|JJ
-> 32/CD
-> VB|NN
-> RBR|JJR
-> 2007/CD
-> NN|NNS
-> JJ|RB
-> Twenty-First/NNP
-> piano/JJ
State #48 "4/CD"
initialWeight=0.0, finalWeight=0.0
#destinations=76
-> O
-> NNP
-> ,
-> CD
-> NNS
-> JJ
-> MD
-> VB
-> DT
-> NN
-> IN
-> .
-> VBZ
-> VBG
-> CC
-> VBD
-> VBN
-> RB
-> TO
-> PRP
-> RBR
-> WDT
-> VBP
-> PRP$
-> JJS
-> POS
-> ``
-> EX
-> ''
-> WP
-> :
-> JJR
-> WRB
-> RP
-> $
-> NNPS
-> WP$
-> 2/CD
-> winter/JJ
-> (
-> )
-> PDT
-> RBS
-> FW
-> UH
-> McGraw-Hill/NNP
-> McGraw/NNP
-> McGraw/NN
-> 4/CD
-> 8/CD
-> Contra/NNP
-> SYM
-> Firestone/NNP
-> LS
-> 10th/NN
-> #
-> VBG|NN
-> 16/CD
-> Del/NNP
-> Fawcett/NNP
-> 50/CD
-> Net/NNP
-> bassoonist\/composer/NN
-> JJ|NN
-> RB|IN
-> NNS|NN
-> processing/JJ
-> VBN|JJ
-> 32/CD
-> VB|NN
-> RBR|JJR
-> 2007/CD
-> NN|NNS
-> JJ|RB
-> Twenty-First/NNP
-> piano/JJ
State #49 "8/CD"
initialWeight=0.0, finalWeight=0.0
#destinations=76
-> O
-> NNP
-> ,
-> CD
-> NNS
-> JJ
-> MD
-> VB
-> DT
-> NN
-> IN
-> .
-> VBZ
-> VBG
-> CC
-> VBD
-> VBN
-> RB
-> TO
-> PRP
-> RBR
-> WDT
-> VBP
-> PRP$
-> JJS
-> POS
-> ``
-> EX
-> ''
-> WP
-> :
-> JJR
-> WRB
-> RP
-> $
-> NNPS
-> WP$
-> 2/CD
-> winter/JJ
-> (
-> )
-> PDT
-> RBS
-> FW
-> UH
-> McGraw-Hill/NNP
-> McGraw/NNP
-> McGraw/NN
-> 4/CD
-> 8/CD
-> Contra/NNP
-> SYM
-> Firestone/NNP
-> LS
-> 10th/NN
-> #
-> VBG|NN
-> 16/CD
-> Del/NNP
-> Fawcett/NNP
-> 50/CD
-> Net/NNP
-> bassoonist\/composer/NN
-> JJ|NN
-> RB|IN
-> NNS|NN
-> processing/JJ
-> VBN|JJ
-> 32/CD
-> VB|NN
-> RBR|JJR
-> 2007/CD
-> NN|NNS
-> JJ|RB
-> Twenty-First/NNP
-> piano/JJ
State #50 "Contra/NNP"
initialWeight=0.0, finalWeight=0.0
#destinations=76
-> O
-> NNP
-> ,
-> CD
-> NNS
-> JJ
-> MD
-> VB
-> DT
-> NN
-> IN
-> .
-> VBZ
-> VBG
-> CC
-> VBD
-> VBN
-> RB
-> TO
-> PRP
-> RBR
-> WDT
-> VBP
-> PRP$
-> JJS
-> POS
-> ``
-> EX
-> ''
-> WP
-> :
-> JJR
-> WRB
-> RP
-> $
-> NNPS
-> WP$
-> 2/CD
-> winter/JJ
-> (
-> )
-> PDT
-> RBS
-> FW
-> UH
-> McGraw-Hill/NNP
-> McGraw/NNP
-> McGraw/NN
-> 4/CD
-> 8/CD
-> Contra/NNP
-> SYM
-> Firestone/NNP
-> LS
-> 10th/NN
-> #
-> VBG|NN
-> 16/CD
-> Del/NNP
-> Fawcett/NNP
-> 50/CD
-> Net/NNP
-> bassoonist\/composer/NN
-> JJ|NN
-> RB|IN
-> NNS|NN
-> processing/JJ
-> VBN|JJ
-> 32/CD
-> VB|NN
-> RBR|JJR
-> 2007/CD
-> NN|NNS
-> JJ|RB
-> Twenty-First/NNP
-> piano/JJ
State #51 "SYM"
initialWeight=0.0, finalWeight=0.0
#destinations=76
-> O
-> NNP
-> ,
-> CD
-> NNS
-> JJ
-> MD
-> VB
-> DT
-> NN
-> IN
-> .
-> VBZ
-> VBG
-> CC
-> VBD
-> VBN
-> RB
-> TO
-> PRP
-> RBR
-> WDT
-> VBP
-> PRP$
-> JJS
-> POS
-> ``
-> EX
-> ''
-> WP
-> :
-> JJR
-> WRB
-> RP
-> $
-> NNPS
-> WP$
-> 2/CD
-> winter/JJ
-> (
-> )
-> PDT
-> RBS
-> FW
-> UH
-> McGraw-Hill/NNP
-> McGraw/NNP
-> McGraw/NN
-> 4/CD
-> 8/CD
-> Contra/NNP
-> SYM
-> Firestone/NNP
-> LS
-> 10th/NN
-> #
-> VBG|NN
-> 16/CD
-> Del/NNP
-> Fawcett/NNP
-> 50/CD
-> Net/NNP
-> bassoonist\/composer/NN
-> JJ|NN
-> RB|IN
-> NNS|NN
-> processing/JJ
-> VBN|JJ
-> 32/CD
-> VB|NN
-> RBR|JJR
-> 2007/CD
-> NN|NNS
-> JJ|RB
-> Twenty-First/NNP
-> piano/JJ
State #52 "Firestone/NNP"
initialWeight=0.0, finalWeight=0.0
#destinations=76
-> O
-> NNP
-> ,
-> CD
-> NNS
-> JJ
-> MD
-> VB
-> DT
-> NN
-> IN
-> .
-> VBZ
-> VBG
-> CC
-> VBD
-> VBN
-> RB
-> TO
-> PRP
-> RBR
-> WDT
-> VBP
-> PRP$
-> JJS
-> POS
-> ``
-> EX
-> ''
-> WP
-> :
-> JJR
-> WRB
-> RP
-> $
-> NNPS
-> WP$
-> 2/CD
-> winter/JJ
-> (
-> )
-> PDT
-> RBS
-> FW
-> UH
-> McGraw-Hill/NNP
-> McGraw/NNP
-> McGraw/NN
-> 4/CD
-> 8/CD
-> Contra/NNP
-> SYM
-> Firestone/NNP
-> LS
-> 10th/NN
-> #
-> VBG|NN
-> 16/CD
-> Del/NNP
-> Fawcett/NNP
-> 50/CD
-> Net/NNP
-> bassoonist\/composer/NN
-> JJ|NN
-> RB|IN
-> NNS|NN
-> processing/JJ
-> VBN|JJ
-> 32/CD
-> VB|NN
-> RBR|JJR
-> 2007/CD
-> NN|NNS
-> JJ|RB
-> Twenty-First/NNP
-> piano/JJ
State #53 "LS"
initialWeight=0.0, finalWeight=0.0
#destinations=76
-> O
-> NNP
-> ,
-> CD
-> NNS
-> JJ
-> MD
-> VB
-> DT
-> NN
-> IN
-> .
-> VBZ
-> VBG
-> CC
-> VBD
-> VBN
-> RB
-> TO
-> PRP
-> RBR
-> WDT
-> VBP
-> PRP$
-> JJS
-> POS
-> ``
-> EX
-> ''
-> WP
-> :
-> JJR
-> WRB
-> RP
-> $
-> NNPS
-> WP$
-> 2/CD
-> winter/JJ
-> (
-> )
-> PDT
-> RBS
-> FW
-> UH
-> McGraw-Hill/NNP
-> McGraw/NNP
-> McGraw/NN
-> 4/CD
-> 8/CD
-> Contra/NNP
-> SYM
-> Firestone/NNP
-> LS
-> 10th/NN
-> #
-> VBG|NN
-> 16/CD
-> Del/NNP
-> Fawcett/NNP
-> 50/CD
-> Net/NNP
-> bassoonist\/composer/NN
-> JJ|NN
-> RB|IN
-> NNS|NN
-> processing/JJ
-> VBN|JJ
-> 32/CD
-> VB|NN
-> RBR|JJR
-> 2007/CD
-> NN|NNS
-> JJ|RB
-> Twenty-First/NNP
-> piano/JJ
State #54 "10th/NN"
initialWeight=0.0, finalWeight=0.0
#destinations=76
-> O
-> NNP
-> ,
-> CD
-> NNS
-> JJ
-> MD
-> VB
-> DT
-> NN
-> IN
-> .
-> VBZ
-> VBG
-> CC
-> VBD
-> VBN
-> RB
-> TO
-> PRP
-> RBR
-> WDT
-> VBP
-> PRP$
-> JJS
-> POS
-> ``
-> EX
-> ''
-> WP
-> :
-> JJR
-> WRB
-> RP
-> $
-> NNPS
-> WP$
-> 2/CD
-> winter/JJ
-> (
-> )
-> PDT
-> RBS
-> FW
-> UH
-> McGraw-Hill/NNP
-> McGraw/NNP
-> McGraw/NN
-> 4/CD
-> 8/CD
-> Contra/NNP
-> SYM
-> Firestone/NNP
-> LS
-> 10th/NN
-> #
-> VBG|NN
-> 16/CD
-> Del/NNP
-> Fawcett/NNP
-> 50/CD
-> Net/NNP
-> bassoonist\/composer/NN
-> JJ|NN
-> RB|IN
-> NNS|NN
-> processing/JJ
-> VBN|JJ
-> 32/CD
-> VB|NN
-> RBR|JJR
-> 2007/CD
-> NN|NNS
-> JJ|RB
-> Twenty-First/NNP
-> piano/JJ
State #55 "#"
initialWeight=0.0, finalWeight=0.0
#destinations=76
-> O
-> NNP
-> ,
-> CD
-> NNS
-> JJ
-> MD
-> VB
-> DT
-> NN
-> IN
-> .
-> VBZ
-> VBG
-> CC
-> VBD
-> VBN
-> RB
-> TO
-> PRP
-> RBR
-> WDT
-> VBP
-> PRP$
-> JJS
-> POS
-> ``
-> EX
-> ''
-> WP
-> :
-> JJR
-> WRB
-> RP
-> $
-> NNPS
-> WP$
-> 2/CD
-> winter/JJ
-> (
-> )
-> PDT
-> RBS
-> FW
-> UH
-> McGraw-Hill/NNP
-> McGraw/NNP
-> McGraw/NN
-> 4/CD
-> 8/CD
-> Contra/NNP
-> SYM
-> Firestone/NNP
-> LS
-> 10th/NN
-> #
-> VBG|NN
-> 16/CD
-> Del/NNP
-> Fawcett/NNP
-> 50/CD
-> Net/NNP
-> bassoonist\/composer/NN
-> JJ|NN
-> RB|IN
-> NNS|NN
-> processing/JJ
-> VBN|JJ
-> 32/CD
-> VB|NN
-> RBR|JJR
-> 2007/CD
-> NN|NNS
-> JJ|RB
-> Twenty-First/NNP
-> piano/JJ
State #56 "VBG|NN"
initialWeight=0.0, finalWeight=0.0
#destinations=76
-> O
-> NNP
-> ,
-> CD
-> NNS
-> JJ
-> MD
-> VB
-> DT
-> NN
-> IN
-> .
-> VBZ
-> VBG
-> CC
-> VBD
-> VBN
-> RB
-> TO
-> PRP
-> RBR
-> WDT
-> VBP
-> PRP$
-> JJS
-> POS
-> ``
-> EX
-> ''
-> WP
-> :
-> JJR
-> WRB
-> RP
-> $
-> NNPS
-> WP$
-> 2/CD
-> winter/JJ
-> (
-> )
-> PDT
-> RBS
-> FW
-> UH
-> McGraw-Hill/NNP
-> McGraw/NNP
-> McGraw/NN
-> 4/CD
-> 8/CD
-> Contra/NNP
-> SYM
-> Firestone/NNP
-> LS
-> 10th/NN
-> #
-> VBG|NN
-> 16/CD
-> Del/NNP
-> Fawcett/NNP
-> 50/CD
-> Net/NNP
-> bassoonist\/composer/NN
-> JJ|NN
-> RB|IN
-> NNS|NN
-> processing/JJ
-> VBN|JJ
-> 32/CD
-> VB|NN
-> RBR|JJR
-> 2007/CD
-> NN|NNS
-> JJ|RB
-> Twenty-First/NNP
-> piano/JJ
State #57 "16/CD"
initialWeight=0.0, finalWeight=0.0
#destinations=76
-> O
-> NNP
-> ,
-> CD
-> NNS
-> JJ
-> MD
-> VB
-> DT
-> NN
-> IN
-> .
-> VBZ
-> VBG
-> CC
-> VBD
-> VBN
-> RB
-> TO
-> PRP
-> RBR
-> WDT
-> VBP
-> PRP$
-> JJS
-> POS
-> ``
-> EX
-> ''
-> WP
-> :
-> JJR
-> WRB
-> RP
-> $
-> NNPS
-> WP$
-> 2/CD
-> winter/JJ
-> (
-> )
-> PDT
-> RBS
-> FW
-> UH
-> McGraw-Hill/NNP
-> McGraw/NNP
-> McGraw/NN
-> 4/CD
-> 8/CD
-> Contra/NNP
-> SYM
-> Firestone/NNP
-> LS
-> 10th/NN
-> #
-> VBG|NN
-> 16/CD
-> Del/NNP
-> Fawcett/NNP
-> 50/CD
-> Net/NNP
-> bassoonist\/composer/NN
-> JJ|NN
-> RB|IN
-> NNS|NN
-> processing/JJ
-> VBN|JJ
-> 32/CD
-> VB|NN
-> RBR|JJR
-> 2007/CD
-> NN|NNS
-> JJ|RB
-> Twenty-First/NNP
-> piano/JJ
State #58 "Del/NNP"
initialWeight=0.0, finalWeight=0.0
#destinations=76
-> O
-> NNP
-> ,
-> CD
-> NNS
-> JJ
-> MD
-> VB
-> DT
-> NN
-> IN
-> .
-> VBZ
-> VBG
-> CC
-> VBD
-> VBN
-> RB
-> TO
-> PRP
-> RBR
-> WDT
-> VBP
-> PRP$
-> JJS
-> POS
-> ``
-> EX
-> ''
-> WP
-> :
-> JJR
-> WRB
-> RP
-> $
-> NNPS
-> WP$
-> 2/CD
-> winter/JJ
-> (
-> )
-> PDT
-> RBS
-> FW
-> UH
-> McGraw-Hill/NNP
-> McGraw/NNP
-> McGraw/NN
-> 4/CD
-> 8/CD
-> Contra/NNP
-> SYM
-> Firestone/NNP
-> LS
-> 10th/NN
-> #
-> VBG|NN
-> 16/CD
-> Del/NNP
-> Fawcett/NNP
-> 50/CD
-> Net/NNP
-> bassoonist\/composer/NN
-> JJ|NN
-> RB|IN
-> NNS|NN
-> processing/JJ
-> VBN|JJ
-> 32/CD
-> VB|NN
-> RBR|JJR
-> 2007/CD
-> NN|NNS
-> JJ|RB
-> Twenty-First/NNP
-> piano/JJ
State #59 "Fawcett/NNP"
initialWeight=0.0, finalWeight=0.0
#destinations=76
-> O
-> NNP
-> ,
-> CD
-> NNS
-> JJ
-> MD
-> VB
-> DT
-> NN
-> IN
-> .
-> VBZ
-> VBG
-> CC
-> VBD
-> VBN
-> RB
-> TO
-> PRP
-> RBR
-> WDT
-> VBP
-> PRP$
-> JJS
-> POS
-> ``
-> EX
-> ''
-> WP
-> :
-> JJR
-> WRB
-> RP
-> $
-> NNPS
-> WP$
-> 2/CD
-> winter/JJ
-> (
-> )
-> PDT
-> RBS
-> FW
-> UH
-> McGraw-Hill/NNP
-> McGraw/NNP
-> McGraw/NN
-> 4/CD
-> 8/CD
-> Contra/NNP
-> SYM
-> Firestone/NNP
-> LS
-> 10th/NN
-> #
-> VBG|NN
-> 16/CD
-> Del/NNP
-> Fawcett/NNP
-> 50/CD
-> Net/NNP
-> bassoonist\/composer/NN
-> JJ|NN
-> RB|IN
-> NNS|NN
-> processing/JJ
-> VBN|JJ
-> 32/CD
-> VB|NN
-> RBR|JJR
-> 2007/CD
-> NN|NNS
-> JJ|RB
-> Twenty-First/NNP
-> piano/JJ
State #60 "50/CD"
initialWeight=0.0, finalWeight=0.0
#destinations=76
-> O
-> NNP
-> ,
-> CD
-> NNS
-> JJ
-> MD
-> VB
-> DT
-> NN
-> IN
-> .
-> VBZ
-> VBG
-> CC
-> VBD
-> VBN
-> RB
-> TO
-> PRP
-> RBR
-> WDT
-> VBP
-> PRP$
-> JJS
-> POS
-> ``
-> EX
-> ''
-> WP
-> :
-> JJR
-> WRB
-> RP
-> $
-> NNPS
-> WP$
-> 2/CD
-> winter/JJ
-> (
-> )
-> PDT
-> RBS
-> FW
-> UH
-> McGraw-Hill/NNP
-> McGraw/NNP
-> McGraw/NN
-> 4/CD
-> 8/CD
-> Contra/NNP
-> SYM
-> Firestone/NNP
-> LS
-> 10th/NN
-> #
-> VBG|NN
-> 16/CD
-> Del/NNP
-> Fawcett/NNP
-> 50/CD
-> Net/NNP
-> bassoonist\/composer/NN
-> JJ|NN
-> RB|IN
-> NNS|NN
-> processing/JJ
-> VBN|JJ
-> 32/CD
-> VB|NN
-> RBR|JJR
-> 2007/CD
-> NN|NNS
-> JJ|RB
-> Twenty-First/NNP
-> piano/JJ
State #61 "Net/NNP"
initialWeight=0.0, finalWeight=0.0
#destinations=76
-> O
-> NNP
-> ,
-> CD
-> NNS
-> JJ
-> MD
-> VB
-> DT
-> NN
-> IN
-> .
-> VBZ
-> VBG
-> CC
-> VBD
-> VBN
-> RB
-> TO
-> PRP
-> RBR
-> WDT
-> VBP
-> PRP$
-> JJS
-> POS
-> ``
-> EX
-> ''
-> WP
-> :
-> JJR
-> WRB
-> RP
-> $
-> NNPS
-> WP$
-> 2/CD
-> winter/JJ
-> (
-> )
-> PDT
-> RBS
-> FW
-> UH
-> McGraw-Hill/NNP
-> McGraw/NNP
-> McGraw/NN
-> 4/CD
-> 8/CD
-> Contra/NNP
-> SYM
-> Firestone/NNP
-> LS
-> 10th/NN
-> #
-> VBG|NN
-> 16/CD
-> Del/NNP
-> Fawcett/NNP
-> 50/CD
-> Net/NNP
-> bassoonist\/composer/NN
-> JJ|NN
-> RB|IN
-> NNS|NN
-> processing/JJ
-> VBN|JJ
-> 32/CD
-> VB|NN
-> RBR|JJR
-> 2007/CD
-> NN|NNS
-> JJ|RB
-> Twenty-First/NNP
-> piano/JJ
State #62 "bassoonist\/composer/NN"
initialWeight=0.0, finalWeight=0.0
#destinations=76
-> O
-> NNP
-> ,
-> CD
-> NNS
-> JJ
-> MD
-> VB
-> DT
-> NN
-> IN
-> .
-> VBZ
-> VBG
-> CC
-> VBD
-> VBN
-> RB
-> TO
-> PRP
-> RBR
-> WDT
-> VBP
-> PRP$
-> JJS
-> POS
-> ``
-> EX
-> ''
-> WP
-> :
-> JJR
-> WRB
-> RP
-> $
-> NNPS
-> WP$
-> 2/CD
-> winter/JJ
-> (
-> )
-> PDT
-> RBS
-> FW
-> UH
-> McGraw-Hill/NNP
-> McGraw/NNP
-> McGraw/NN
-> 4/CD
-> 8/CD
-> Contra/NNP
-> SYM
-> Firestone/NNP
-> LS
-> 10th/NN
-> #
-> VBG|NN
-> 16/CD
-> Del/NNP
-> Fawcett/NNP
-> 50/CD
-> Net/NNP
-> bassoonist\/composer/NN
-> JJ|NN
-> RB|IN
-> NNS|NN
-> processing/JJ
-> VBN|JJ
-> 32/CD
-> VB|NN
-> RBR|JJR
-> 2007/CD
-> NN|NNS
-> JJ|RB
-> Twenty-First/NNP
-> piano/JJ
State #63 "JJ|NN"
initialWeight=0.0, finalWeight=0.0
#destinations=76
-> O
-> NNP
-> ,
-> CD
-> NNS
-> JJ
-> MD
-> VB
-> DT
-> NN
-> IN
-> .
-> VBZ
-> VBG
-> CC
-> VBD
-> VBN
-> RB
-> TO
-> PRP
-> RBR
-> WDT
-> VBP
-> PRP$
-> JJS
-> POS
-> ``
-> EX
-> ''
-> WP
-> :
-> JJR
-> WRB
-> RP
-> $
-> NNPS
-> WP$
-> 2/CD
-> winter/JJ
-> (
-> )
-> PDT
-> RBS
-> FW
-> UH
-> McGraw-Hill/NNP
-> McGraw/NNP
-> McGraw/NN
-> 4/CD
-> 8/CD
-> Contra/NNP
-> SYM
-> Firestone/NNP
-> LS
-> 10th/NN
-> #
-> VBG|NN
-> 16/CD
-> Del/NNP
-> Fawcett/NNP
-> 50/CD
-> Net/NNP
-> bassoonist\/composer/NN
-> JJ|NN
-> RB|IN
-> NNS|NN
-> processing/JJ
-> VBN|JJ
-> 32/CD
-> VB|NN
-> RBR|JJR
-> 2007/CD
-> NN|NNS
-> JJ|RB
-> Twenty-First/NNP
-> piano/JJ
State #64 "RB|IN"
initialWeight=0.0, finalWeight=0.0
#destinations=76
-> O
-> NNP
-> ,
-> CD
-> NNS
-> JJ
-> MD
-> VB
-> DT
-> NN
-> IN
-> .
-> VBZ
-> VBG
-> CC
-> VBD
-> VBN
-> RB
-> TO
-> PRP
-> RBR
-> WDT
-> VBP
-> PRP$
-> JJS
-> POS
-> ``
-> EX
-> ''
-> WP
-> :
-> JJR
-> WRB
-> RP
-> $
-> NNPS
-> WP$
-> 2/CD
-> winter/JJ
-> (
-> )
-> PDT
-> RBS
-> FW
-> UH
-> McGraw-Hill/NNP
-> McGraw/NNP
-> McGraw/NN
-> 4/CD
-> 8/CD
-> Contra/NNP
-> SYM
-> Firestone/NNP
-> LS
-> 10th/NN
-> #
-> VBG|NN
-> 16/CD
-> Del/NNP
-> Fawcett/NNP
-> 50/CD
-> Net/NNP
-> bassoonist\/composer/NN
-> JJ|NN
-> RB|IN
-> NNS|NN
-> processing/JJ
-> VBN|JJ
-> 32/CD
-> VB|NN
-> RBR|JJR
-> 2007/CD
-> NN|NNS
-> JJ|RB
-> Twenty-First/NNP
-> piano/JJ
State #65 "NNS|NN"
initialWeight=0.0, finalWeight=0.0
#destinations=76
-> O
-> NNP
-> ,
-> CD
-> NNS
-> JJ
-> MD
-> VB
-> DT
-> NN
-> IN
-> .
-> VBZ
-> VBG
-> CC
-> VBD
-> VBN
-> RB
-> TO
-> PRP
-> RBR
-> WDT
-> VBP
-> PRP$
-> JJS
-> POS
-> ``
-> EX
-> ''
-> WP
-> :
-> JJR
-> WRB
-> RP
-> $
-> NNPS
-> WP$
-> 2/CD
-> winter/JJ
-> (
-> )
-> PDT
-> RBS
-> FW
-> UH
-> McGraw-Hill/NNP
-> McGraw/NNP
-> McGraw/NN
-> 4/CD
-> 8/CD
-> Contra/NNP
-> SYM
-> Firestone/NNP
-> LS
-> 10th/NN
-> #
-> VBG|NN
-> 16/CD
-> Del/NNP
-> Fawcett/NNP
-> 50/CD
-> Net/NNP
-> bassoonist\/composer/NN
-> JJ|NN
-> RB|IN
-> NNS|NN
-> processing/JJ
-> VBN|JJ
-> 32/CD
-> VB|NN
-> RBR|JJR
-> 2007/CD
-> NN|NNS
-> JJ|RB
-> Twenty-First/NNP
-> piano/JJ
State #66 "processing/JJ"
initialWeight=0.0, finalWeight=0.0
#destinations=76
-> O
-> NNP
-> ,
-> CD
-> NNS
-> JJ
-> MD
-> VB
-> DT
-> NN
-> IN
-> .
-> VBZ
-> VBG
-> CC
-> VBD
-> VBN
-> RB
-> TO
-> PRP
-> RBR
-> WDT
-> VBP
-> PRP$
-> JJS
-> POS
-> ``
-> EX
-> ''
-> WP
-> :
-> JJR
-> WRB
-> RP
-> $
-> NNPS
-> WP$
-> 2/CD
-> winter/JJ
-> (
-> )
-> PDT
-> RBS
-> FW
-> UH
-> McGraw-Hill/NNP
-> McGraw/NNP
-> McGraw/NN
-> 4/CD
-> 8/CD
-> Contra/NNP
-> SYM
-> Firestone/NNP
-> LS
-> 10th/NN
-> #
-> VBG|NN
-> 16/CD
-> Del/NNP
-> Fawcett/NNP
-> 50/CD
-> Net/NNP
-> bassoonist\/composer/NN
-> JJ|NN
-> RB|IN
-> NNS|NN
-> processing/JJ
-> VBN|JJ
-> 32/CD
-> VB|NN
-> RBR|JJR
-> 2007/CD
-> NN|NNS
-> JJ|RB
-> Twenty-First/NNP
-> piano/JJ
State #67 "VBN|JJ"
initialWeight=0.0, finalWeight=0.0
#destinations=76
-> O
-> NNP
-> ,
-> CD
-> NNS
-> JJ
-> MD
-> VB
-> DT
-> NN
-> IN
-> .
-> VBZ
-> VBG
-> CC
-> VBD
-> VBN
-> RB
-> TO
-> PRP
-> RBR
-> WDT
-> VBP
-> PRP$
-> JJS
-> POS
-> ``
-> EX
-> ''
-> WP
-> :
-> JJR
-> WRB
-> RP
-> $
-> NNPS
-> WP$
-> 2/CD
-> winter/JJ
-> (
-> )
-> PDT
-> RBS
-> FW
-> UH
-> McGraw-Hill/NNP
-> McGraw/NNP
-> McGraw/NN
-> 4/CD
-> 8/CD
-> Contra/NNP
-> SYM
-> Firestone/NNP
-> LS
-> 10th/NN
-> #
-> VBG|NN
-> 16/CD
-> Del/NNP
-> Fawcett/NNP
-> 50/CD
-> Net/NNP
-> bassoonist\/composer/NN
-> JJ|NN
-> RB|IN
-> NNS|NN
-> processing/JJ
-> VBN|JJ
-> 32/CD
-> VB|NN
-> RBR|JJR
-> 2007/CD
-> NN|NNS
-> JJ|RB
-> Twenty-First/NNP
-> piano/JJ
State #68 "32/CD"
initialWeight=0.0, finalWeight=0.0
#destinations=76
-> O
-> NNP
-> ,
-> CD
-> NNS
-> JJ
-> MD
-> VB
-> DT
-> NN
-> IN
-> .
-> VBZ
-> VBG
-> CC
-> VBD
-> VBN
-> RB
-> TO
-> PRP
-> RBR
-> WDT
-> VBP
-> PRP$
-> JJS
-> POS
-> ``
-> EX
-> ''
-> WP
-> :
-> JJR
-> WRB
-> RP
-> $
-> NNPS
-> WP$
-> 2/CD
-> winter/JJ
-> (
-> )
-> PDT
-> RBS
-> FW
-> UH
-> McGraw-Hill/NNP
-> McGraw/NNP
-> McGraw/NN
-> 4/CD
-> 8/CD
-> Contra/NNP
-> SYM
-> Firestone/NNP
-> LS
-> 10th/NN
-> #
-> VBG|NN
-> 16/CD
-> Del/NNP
-> Fawcett/NNP
-> 50/CD
-> Net/NNP
-> bassoonist\/composer/NN
-> JJ|NN
-> RB|IN
-> NNS|NN
-> processing/JJ
-> VBN|JJ
-> 32/CD
-> VB|NN
-> RBR|JJR
-> 2007/CD
-> NN|NNS
-> JJ|RB
-> Twenty-First/NNP
-> piano/JJ
State #69 "VB|NN"
initialWeight=0.0, finalWeight=0.0
#destinations=76
-> O
-> NNP
-> ,
-> CD
-> NNS
-> JJ
-> MD
-> VB
-> DT
-> NN
-> IN
-> .
-> VBZ
-> VBG
-> CC
-> VBD
-> VBN
-> RB
-> TO
-> PRP
-> RBR
-> WDT
-> VBP
-> PRP$
-> JJS
-> POS
-> ``
-> EX
-> ''
-> WP
-> :
-> JJR
-> WRB
-> RP
-> $
-> NNPS
-> WP$
-> 2/CD
-> winter/JJ
-> (
-> )
-> PDT
-> RBS
-> FW
-> UH
-> McGraw-Hill/NNP
-> McGraw/NNP
-> McGraw/NN
-> 4/CD
-> 8/CD
-> Contra/NNP
-> SYM
-> Firestone/NNP
-> LS
-> 10th/NN
-> #
-> VBG|NN
-> 16/CD
-> Del/NNP
-> Fawcett/NNP
-> 50/CD
-> Net/NNP
-> bassoonist\/composer/NN
-> JJ|NN
-> RB|IN
-> NNS|NN
-> processing/JJ
-> VBN|JJ
-> 32/CD
-> VB|NN
-> RBR|JJR
-> 2007/CD
-> NN|NNS
-> JJ|RB
-> Twenty-First/NNP
-> piano/JJ
State #70 "RBR|JJR"
initialWeight=0.0, finalWeight=0.0
#destinations=76
-> O
-> NNP
-> ,
-> CD
-> NNS
-> JJ
-> MD
-> VB
-> DT
-> NN
-> IN
-> .
-> VBZ
-> VBG
-> CC
-> VBD
-> VBN
-> RB
-> TO
-> PRP
-> RBR
-> WDT
-> VBP
-> PRP$
-> JJS
-> POS
-> ``
-> EX
-> ''
-> WP
-> :
-> JJR
-> WRB
-> RP
-> $
-> NNPS
-> WP$
-> 2/CD
-> winter/JJ
-> (
-> )
-> PDT
-> RBS
-> FW
-> UH
-> McGraw-Hill/NNP
-> McGraw/NNP
-> McGraw/NN
-> 4/CD
-> 8/CD
-> Contra/NNP
-> SYM
-> Firestone/NNP
-> LS
-> 10th/NN
-> #
-> VBG|NN
-> 16/CD
-> Del/NNP
-> Fawcett/NNP
-> 50/CD
-> Net/NNP
-> bassoonist\/composer/NN
-> JJ|NN
-> RB|IN
-> NNS|NN
-> processing/JJ
-> VBN|JJ
-> 32/CD
-> VB|NN
-> RBR|JJR
-> 2007/CD
-> NN|NNS
-> JJ|RB
-> Twenty-First/NNP
-> piano/JJ
State #71 "2007/CD"
initialWeight=0.0, finalWeight=0.0
#destinations=76
-> O
-> NNP
-> ,
-> CD
-> NNS
-> JJ
-> MD
-> VB
-> DT
-> NN
-> IN
-> .
-> VBZ
-> VBG
-> CC
-> VBD
-> VBN
-> RB
-> TO
-> PRP
-> RBR
-> WDT
-> VBP
-> PRP$
-> JJS
-> POS
-> ``
-> EX
-> ''
-> WP
-> :
-> JJR
-> WRB
-> RP
-> $
-> NNPS
-> WP$
-> 2/CD
-> winter/JJ
-> (
-> )
-> PDT
-> RBS
-> FW
-> UH
-> McGraw-Hill/NNP
-> McGraw/NNP
-> McGraw/NN
-> 4/CD
-> 8/CD
-> Contra/NNP
-> SYM
-> Firestone/NNP
-> LS
-> 10th/NN
-> #
-> VBG|NN
-> 16/CD
-> Del/NNP
-> Fawcett/NNP
-> 50/CD
-> Net/NNP
-> bassoonist\/composer/NN
-> JJ|NN
-> RB|IN
-> NNS|NN
-> processing/JJ
-> VBN|JJ
-> 32/CD
-> VB|NN
-> RBR|JJR
-> 2007/CD
-> NN|NNS
-> JJ|RB
-> Twenty-First/NNP
-> piano/JJ
State #72 "NN|NNS"
initialWeight=0.0, finalWeight=0.0
#destinations=76
-> O
-> NNP
-> ,
-> CD
-> NNS
-> JJ
-> MD
-> VB
-> DT
-> NN
-> IN
-> .
-> VBZ
-> VBG
-> CC
-> VBD
-> VBN
-> RB
-> TO
-> PRP
-> RBR
-> WDT
-> VBP
-> PRP$
-> JJS
-> POS
-> ``
-> EX
-> ''
-> WP
-> :
-> JJR
-> WRB
-> RP
-> $
-> NNPS
-> WP$
-> 2/CD
-> winter/JJ
-> (
-> )
-> PDT
-> RBS
-> FW
-> UH
-> McGraw-Hill/NNP
-> McGraw/NNP
-> McGraw/NN
-> 4/CD
-> 8/CD
-> Contra/NNP
-> SYM
-> Firestone/NNP
-> LS
-> 10th/NN
-> #
-> VBG|NN
-> 16/CD
-> Del/NNP
-> Fawcett/NNP
-> 50/CD
-> Net/NNP
-> bassoonist\/composer/NN
-> JJ|NN
-> RB|IN
-> NNS|NN
-> processing/JJ
-> VBN|JJ
-> 32/CD
-> VB|NN
-> RBR|JJR
-> 2007/CD
-> NN|NNS
-> JJ|RB
-> Twenty-First/NNP
-> piano/JJ
State #73 "JJ|RB"
initialWeight=0.0, finalWeight=0.0
#destinations=76
-> O
-> NNP
-> ,
-> CD
-> NNS
-> JJ
-> MD
-> VB
-> DT
-> NN
-> IN
-> .
-> VBZ
-> VBG
-> CC
-> VBD
-> VBN
-> RB
-> TO
-> PRP
-> RBR
-> WDT
-> VBP
-> PRP$
-> JJS
-> POS
-> ``
-> EX
-> ''
-> WP
-> :
-> JJR
-> WRB
-> RP
-> $
-> NNPS
-> WP$
-> 2/CD
-> winter/JJ
-> (
-> )
-> PDT
-> RBS
-> FW
-> UH
-> McGraw-Hill/NNP
-> McGraw/NNP
-> McGraw/NN
-> 4/CD
-> 8/CD
-> Contra/NNP
-> SYM
-> Firestone/NNP
-> LS
-> 10th/NN
-> #
-> VBG|NN
-> 16/CD
-> Del/NNP
-> Fawcett/NNP
-> 50/CD
-> Net/NNP
-> bassoonist\/composer/NN
-> JJ|NN
-> RB|IN
-> NNS|NN
-> processing/JJ
-> VBN|JJ
-> 32/CD
-> VB|NN
-> RBR|JJR
-> 2007/CD
-> NN|NNS
-> JJ|RB
-> Twenty-First/NNP
-> piano/JJ
State #74 "Twenty-First/NNP"
initialWeight=0.0, finalWeight=0.0
#destinations=76
-> O
-> NNP
-> ,
-> CD
-> NNS
-> JJ
-> MD
-> VB
-> DT
-> NN
-> IN
-> .
-> VBZ
-> VBG
-> CC
-> VBD
-> VBN
-> RB
-> TO
-> PRP
-> RBR
-> WDT
-> VBP
-> PRP$
-> JJS
-> POS
-> ``
-> EX
-> ''
-> WP
-> :
-> JJR
-> WRB
-> RP
-> $
-> NNPS
-> WP$
-> 2/CD
-> winter/JJ
-> (
-> )
-> PDT
-> RBS
-> FW
-> UH
-> McGraw-Hill/NNP
-> McGraw/NNP
-> McGraw/NN
-> 4/CD
-> 8/CD
-> Contra/NNP
-> SYM
-> Firestone/NNP
-> LS
-> 10th/NN
-> #
-> VBG|NN
-> 16/CD
-> Del/NNP
-> Fawcett/NNP
-> 50/CD
-> Net/NNP
-> bassoonist\/composer/NN
-> JJ|NN
-> RB|IN
-> NNS|NN
-> processing/JJ
-> VBN|JJ
-> 32/CD
-> VB|NN
-> RBR|JJR
-> 2007/CD
-> NN|NNS
-> JJ|RB
-> Twenty-First/NNP
-> piano/JJ
State #75 "piano/JJ"
initialWeight=0.0, finalWeight=0.0
#destinations=76
-> O
-> NNP
-> ,
-> CD
-> NNS
-> JJ
-> MD
-> VB
-> DT
-> NN
-> IN
-> .
-> VBZ
-> VBG
-> CC
-> VBD
-> VBN
-> RB
-> TO
-> PRP
-> RBR
-> WDT
-> VBP
-> PRP$
-> JJS
-> POS
-> ``
-> EX
-> ''
-> WP
-> :
-> JJR
-> WRB
-> RP
-> $
-> NNPS
-> WP$
-> 2/CD
-> winter/JJ
-> (
-> )
-> PDT
-> RBS
-> FW
-> UH
-> McGraw-Hill/NNP
-> McGraw/NNP
-> McGraw/NN
-> 4/CD
-> 8/CD
-> Contra/NNP
-> SYM
-> Firestone/NNP
-> LS
-> 10th/NN
-> #
-> VBG|NN
-> 16/CD
-> Del/NNP
-> Fawcett/NNP
-> 50/CD
-> Net/NNP
-> bassoonist\/composer/NN
-> JJ|NN
-> RB|IN
-> NNS|NN
-> processing/JJ
-> VBN|JJ
-> 32/CD
-> VB|NN
-> RBR|JJR
-> 2007/CD
-> NN|NNS
-> JJ|RB
-> Twenty-First/NNP
-> piano/JJ
