000 (2464451.000.000) 02/28 04:06:29 Job submitted from host: <128.83.130.186:46357>
...
001 (2464451.000.000) 02/28 04:06:35 Job executing on host: <128.83.144.142:37649>
...
006 (2464451.000.000) 02/28 04:06:44 Image size of job updated: 5346304
	35  -  MemoryUsage of job (MB)
	34840  -  ResidentSetSize of job (KB)
...
005 (2464451.000.000) 02/28 04:07:58 Job terminated.
	(1) Normal termination (return value 0)
		Usr 0 00:01:15, Sys 0 00:00:00  -  Run Remote Usage
		Usr 0 00:00:00, Sys 0 00:00:00  -  Run Local Usage
		Usr 0 00:01:15, Sys 0 00:00:00  -  Total Remote Usage
		Usr 0 00:00:00, Sys 0 00:00:00  -  Total Local Usage
	0  -  Run Bytes Sent By Job
	0  -  Run Bytes Received By Job
	0  -  Total Bytes Sent By Job
	0  -  Total Bytes Received By Job
	Partitionable Resources :    Usage  Request Allocated
	   Cpus                 :                 1         1
	   Disk (KB)            :       10       10   2254254
	   Memory (MB)          :       35        1      4028
...
