000 (2463229.000.000) 02/27 13:12:46 Job submitted from host: <128.83.130.186:46357>
...
001 (2463229.000.000) 02/27 13:12:46 Job executing on host: <128.83.130.223:42137>
...
006 (2463229.000.000) 02/27 13:12:55 Image size of job updated: 34216356
	144  -  MemoryUsage of job (MB)
	147364  -  ResidentSetSize of job (KB)
...
005 (2463229.000.000) 02/27 13:14:05 Job terminated.
	(1) Normal termination (return value 0)
		Usr 0 00:01:18, Sys 0 00:00:00  -  Run Remote Usage
		Usr 0 00:00:00, Sys 0 00:00:00  -  Run Local Usage
		Usr 0 00:01:18, Sys 0 00:00:00  -  Total Remote Usage
		Usr 0 00:00:00, Sys 0 00:00:00  -  Total Local Usage
	0  -  Run Bytes Sent By Job
	0  -  Run Bytes Received By Job
	0  -  Total Bytes Sent By Job
	0  -  Total Bytes Received By Job
	Partitionable Resources :    Usage  Request Allocated
	   Cpus                 :                 1         1
	   Disk (KB)            :       10       10   6524488
	   Memory (MB)          :      144        1      8062
...
