000 (2464449.000.000) 02/28 04:06:28 Job submitted from host: <128.83.130.186:46357>
...
000 (2464457.000.000) 02/28 04:06:29 Job submitted from host: <128.83.130.186:46357>
...
000 (2464465.000.000) 02/28 04:06:29 Job submitted from host: <128.83.130.186:46357>
...
000 (2464473.000.000) 02/28 04:06:30 Job submitted from host: <128.83.130.186:46357>
...
000 (2464481.000.000) 02/28 04:06:30 Job submitted from host: <128.83.130.186:46357>
...
000 (2464489.000.000) 02/28 04:06:31 Job submitted from host: <128.83.130.186:46357>
...
000 (2464497.000.000) 02/28 04:06:31 Job submitted from host: <128.83.130.186:46357>
...
000 (2464505.000.000) 02/28 04:06:32 Job submitted from host: <128.83.130.186:46357>
...
000 (2464513.000.000) 02/28 04:06:32 Job submitted from host: <128.83.130.186:46357>
...
000 (2464521.000.000) 02/28 04:06:33 Job submitted from host: <128.83.130.186:46357>
...
001 (2464449.000.000) 02/28 04:06:35 Job executing on host: <128.83.144.112:36712>
...
001 (2464473.000.000) 02/28 04:06:36 Job executing on host: <128.83.144.244:34219>
...
001 (2464465.000.000) 02/28 04:06:36 Job executing on host: <128.83.130.81:49533>
...
001 (2464481.000.000) 02/28 04:06:36 Job executing on host: <128.83.130.84:47572>
...
001 (2464489.000.000) 02/28 04:06:36 Job executing on host: <128.83.130.84:47572>
...
001 (2464497.000.000) 02/28 04:06:38 Job executing on host: <128.83.130.103:38441>
...
001 (2464505.000.000) 02/28 04:06:38 Job executing on host: <128.83.130.234:32890>
...
001 (2464513.000.000) 02/28 04:06:38 Job executing on host: <128.83.130.203:41741>
...
001 (2464521.000.000) 02/28 04:06:38 Job executing on host: <128.83.130.197:36753>
...
001 (2464457.000.000) 02/28 04:06:39 Job executing on host: <128.83.130.103:38441>
...
006 (2464473.000.000) 02/28 04:06:44 Image size of job updated: 9885912
	21  -  MemoryUsage of job (MB)
	20520  -  ResidentSetSize of job (KB)
...
006 (2464465.000.000) 02/28 04:06:44 Image size of job updated: 10232704
	120  -  MemoryUsage of job (MB)
	122288  -  ResidentSetSize of job (KB)
...
006 (2464449.000.000) 02/28 04:06:44 Image size of job updated: 35263056
	249  -  MemoryUsage of job (MB)
	254848  -  ResidentSetSize of job (KB)
...
006 (2464481.000.000) 02/28 04:06:45 Image size of job updated: 10234172
	61  -  MemoryUsage of job (MB)
	61604  -  ResidentSetSize of job (KB)
...
006 (2464489.000.000) 02/28 04:06:45 Image size of job updated: 10232704
	53  -  MemoryUsage of job (MB)
	54260  -  ResidentSetSize of job (KB)
...
006 (2464497.000.000) 02/28 04:06:46 Image size of job updated: 9885912
	22  -  MemoryUsage of job (MB)
	22384  -  ResidentSetSize of job (KB)
...
006 (2464457.000.000) 02/28 04:06:47 Image size of job updated: 10
	3  -  MemoryUsage of job (MB)
	2184  -  ResidentSetSize of job (KB)
...
006 (2464505.000.000) 02/28 04:06:47 Image size of job updated: 9885912
	23  -  MemoryUsage of job (MB)
	22776  -  ResidentSetSize of job (KB)
...
006 (2464513.000.000) 02/28 04:06:47 Image size of job updated: 9885724
	17  -  MemoryUsage of job (MB)
	17304  -  ResidentSetSize of job (KB)
...
006 (2464521.000.000) 02/28 04:06:47 Image size of job updated: 9885928
	168  -  MemoryUsage of job (MB)
	171840  -  ResidentSetSize of job (KB)
...
005 (2464521.000.000) 02/28 04:08:03 Job terminated.
	(1) Normal termination (return value 0)
		Usr 0 00:01:15, Sys 0 00:00:00  -  Run Remote Usage
		Usr 0 00:00:00, Sys 0 00:00:00  -  Run Local Usage
		Usr 0 00:01:15, Sys 0 00:00:00  -  Total Remote Usage
		Usr 0 00:00:00, Sys 0 00:00:00  -  Total Local Usage
	0  -  Run Bytes Sent By Job
	0  -  Run Bytes Received By Job
	0  -  Total Bytes Sent By Job
	0  -  Total Bytes Received By Job
	Partitionable Resources :    Usage  Request Allocated
	   Cpus                 :                 1         1
	   Disk (KB)            :       10       10   2971557
	   Memory (MB)          :      168        1      4021
...
006 (2464505.000.000) 02/28 04:08:07 Image size of job updated: 9885928
	23  -  MemoryUsage of job (MB)
	22776  -  ResidentSetSize of job (KB)
...
005 (2464505.000.000) 02/28 04:08:07 Job terminated.
	(1) Normal termination (return value 0)
		Usr 0 00:01:26, Sys 0 00:00:00  -  Run Remote Usage
		Usr 0 00:00:00, Sys 0 00:00:00  -  Run Local Usage
		Usr 0 00:01:26, Sys 0 00:00:00  -  Total Remote Usage
		Usr 0 00:00:00, Sys 0 00:00:00  -  Total Local Usage
	0  -  Run Bytes Sent By Job
	0  -  Run Bytes Received By Job
	0  -  Total Bytes Sent By Job
	0  -  Total Bytes Received By Job
	Partitionable Resources :    Usage  Request Allocated
	   Cpus                 :                 1         1
	   Disk (KB)            :       10       10    752031
	   Memory (MB)          :       23        1      4021
...
006 (2464513.000.000) 02/28 04:08:07 Image size of job updated: 9885928
	17  -  MemoryUsage of job (MB)
	17304  -  ResidentSetSize of job (KB)
...
005 (2464513.000.000) 02/28 04:08:07 Job terminated.
	(1) Normal termination (return value 0)
		Usr 0 00:01:24, Sys 0 00:00:00  -  Run Remote Usage
		Usr 0 00:00:00, Sys 0 00:00:00  -  Run Local Usage
		Usr 0 00:01:24, Sys 0 00:00:00  -  Total Remote Usage
		Usr 0 00:00:00, Sys 0 00:00:00  -  Total Local Usage
	0  -  Run Bytes Sent By Job
	0  -  Run Bytes Received By Job
	0  -  Total Bytes Sent By Job
	0  -  Total Bytes Received By Job
	Partitionable Resources :    Usage  Request Allocated
	   Cpus                 :                 1         1
	   Disk (KB)            :       10       10    752031
	   Memory (MB)          :       17        1      4021
...
006 (2464457.000.000) 02/28 04:08:09 Image size of job updated: 9885928
	3  -  MemoryUsage of job (MB)
	2184  -  ResidentSetSize of job (KB)
...
005 (2464457.000.000) 02/28 04:08:09 Job terminated.
	(1) Normal termination (return value 0)
		Usr 0 00:01:27, Sys 0 00:00:00  -  Run Remote Usage
		Usr 0 00:00:00, Sys 0 00:00:00  -  Run Local Usage
		Usr 0 00:01:27, Sys 0 00:00:00  -  Total Remote Usage
		Usr 0 00:00:00, Sys 0 00:00:00  -  Total Local Usage
	0  -  Run Bytes Sent By Job
	0  -  Run Bytes Received By Job
	0  -  Total Bytes Sent By Job
	0  -  Total Bytes Received By Job
	Partitionable Resources :    Usage  Request Allocated
	   Cpus                 :                 1         1
	   Disk (KB)            :       10       10    752031
	   Memory (MB)          :        3        1      4021
...
006 (2464473.000.000) 02/28 04:08:10 Image size of job updated: 9885928
	21  -  MemoryUsage of job (MB)
	20520  -  ResidentSetSize of job (KB)
...
005 (2464473.000.000) 02/28 04:08:10 Job terminated.
	(1) Normal termination (return value 0)
		Usr 0 00:01:29, Sys 0 00:00:00  -  Run Remote Usage
		Usr 0 00:00:00, Sys 0 00:00:00  -  Run Local Usage
		Usr 0 00:01:29, Sys 0 00:00:00  -  Total Remote Usage
		Usr 0 00:00:00, Sys 0 00:00:00  -  Total Local Usage
	0  -  Run Bytes Sent By Job
	0  -  Run Bytes Received By Job
	0  -  Total Bytes Sent By Job
	0  -  Total Bytes Received By Job
	Partitionable Resources :    Usage  Request Allocated
	   Cpus                 :                 1         1
	   Disk (KB)            :       10       10    752016
	   Memory (MB)          :       21        1      4021
...
006 (2464497.000.000) 02/28 04:08:13 Image size of job updated: 9885928
	22  -  MemoryUsage of job (MB)
	22384  -  ResidentSetSize of job (KB)
...
005 (2464497.000.000) 02/28 04:08:13 Job terminated.
	(1) Normal termination (return value 0)
		Usr 0 00:01:28, Sys 0 00:00:00  -  Run Remote Usage
		Usr 0 00:00:00, Sys 0 00:00:00  -  Run Local Usage
		Usr 0 00:01:28, Sys 0 00:00:00  -  Total Remote Usage
		Usr 0 00:00:00, Sys 0 00:00:00  -  Total Local Usage
	0  -  Run Bytes Sent By Job
	0  -  Run Bytes Received By Job
	0  -  Total Bytes Sent By Job
	0  -  Total Bytes Received By Job
	Partitionable Resources :    Usage  Request Allocated
	   Cpus                 :                 1         1
	   Disk (KB)            :       10       10    752031
	   Memory (MB)          :       22        1      4021
...
005 (2464481.000.000) 02/28 04:08:44 Job terminated.
	(1) Normal termination (return value 0)
		Usr 0 00:02:01, Sys 0 00:00:00  -  Run Remote Usage
		Usr 0 00:00:00, Sys 0 00:00:00  -  Run Local Usage
		Usr 0 00:02:01, Sys 0 00:00:00  -  Total Remote Usage
		Usr 0 00:00:00, Sys 0 00:00:00  -  Total Local Usage
	0  -  Run Bytes Sent By Job
	0  -  Run Bytes Received By Job
	0  -  Total Bytes Sent By Job
	0  -  Total Bytes Received By Job
	Partitionable Resources :    Usage  Request Allocated
	   Cpus                 :                 1         1
	   Disk (KB)            :       10       10   1862885
	   Memory (MB)          :       61        1      2010
...
005 (2464449.000.000) 02/28 04:08:47 Job terminated.
	(1) Normal termination (return value 0)
		Usr 0 00:02:12, Sys 0 00:00:00  -  Run Remote Usage
		Usr 0 00:00:00, Sys 0 00:00:00  -  Run Local Usage
		Usr 0 00:02:12, Sys 0 00:00:00  -  Total Remote Usage
		Usr 0 00:00:00, Sys 0 00:00:00  -  Total Local Usage
	0  -  Run Bytes Sent By Job
	0  -  Run Bytes Received By Job
	0  -  Total Bytes Sent By Job
	0  -  Total Bytes Received By Job
	Partitionable Resources :    Usage  Request Allocated
	   Cpus                 :                 1         1
	   Disk (KB)            :       10       10    835458
	   Memory (MB)          :      249        1     12899
...
005 (2464489.000.000) 02/28 04:08:47 Job terminated.
	(1) Normal termination (return value 0)
		Usr 0 00:02:10, Sys 0 00:00:00  -  Run Remote Usage
		Usr 0 00:00:00, Sys 0 00:00:00  -  Run Local Usage
		Usr 0 00:02:10, Sys 0 00:00:00  -  Total Remote Usage
		Usr 0 00:00:00, Sys 0 00:00:00  -  Total Local Usage
	0  -  Run Bytes Sent By Job
	0  -  Run Bytes Received By Job
	0  -  Total Bytes Sent By Job
	0  -  Total Bytes Received By Job
	Partitionable Resources :    Usage  Request Allocated
	   Cpus                 :                 1         1
	   Disk (KB)            :       10       10   1862885
	   Memory (MB)          :       53        1      2010
...
005 (2464465.000.000) 02/28 04:08:53 Job terminated.
	(1) Normal termination (return value 0)
		Usr 0 00:02:14, Sys 0 00:00:00  -  Run Remote Usage
		Usr 0 00:00:00, Sys 0 00:00:00  -  Run Local Usage
		Usr 0 00:02:14, Sys 0 00:00:00  -  Total Remote Usage
		Usr 0 00:00:00, Sys 0 00:00:00  -  Total Local Usage
	0  -  Run Bytes Sent By Job
	0  -  Run Bytes Received By Job
	0  -  Total Bytes Sent By Job
	0  -  Total Bytes Received By Job
	Partitionable Resources :    Usage  Request Allocated
	   Cpus                 :                 1         1
	   Disk (KB)            :       10       10   1862883
	   Memory (MB)          :      120        1      2010
...
