000 (2466073.000.000) 02/28 18:07:42 Job submitted from host: <128.83.130.186:46357>
...
001 (2466073.000.000) 02/28 18:09:11 Job executing on host: <128.83.144.112:51114>
...
006 (2466073.000.000) 02/28 18:09:19 Image size of job updated: 35263056
	98  -  MemoryUsage of job (MB)
	99336  -  ResidentSetSize of job (KB)
...
005 (2466073.000.000) 02/28 18:11:00 Job terminated.
	(1) Normal termination (return value 0)
		Usr 0 00:01:54, Sys 0 00:00:00  -  Run Remote Usage
		Usr 0 00:00:00, Sys 0 00:00:00  -  Run Local Usage
		Usr 0 00:01:54, Sys 0 00:00:00  -  Total Remote Usage
		Usr 0 00:00:00, Sys 0 00:00:00  -  Total Local Usage
	0  -  Run Bytes Sent By Job
	0  -  Run Bytes Received By Job
	0  -  Total Bytes Sent By Job
	0  -  Total Bytes Received By Job
	Partitionable Resources :    Usage  Request Allocated
	   Cpus                 :                 1         1
	   Disk (KB)            :       10       10    835465
	   Memory (MB)          :       98        1     12899
...
