000 (2466016.000.000) 02/28 18:07:39 Job submitted from host: <128.83.130.186:46357>
...
001 (2466016.000.000) 02/28 18:08:03 Job executing on host: <128.83.144.125:43532>
...
006 (2466016.000.000) 02/28 18:08:12 Image size of job updated: 27700428
	190  -  MemoryUsage of job (MB)
	194244  -  ResidentSetSize of job (KB)
...
005 (2466016.000.000) 02/28 18:09:27 Job terminated.
	(1) Normal termination (return value 0)
		Usr 0 00:01:26, Sys 0 00:00:00  -  Run Remote Usage
		Usr 0 00:00:00, Sys 0 00:00:00  -  Run Local Usage
		Usr 0 00:01:26, Sys 0 00:00:00  -  Total Remote Usage
		Usr 0 00:00:00, Sys 0 00:00:00  -  Total Local Usage
	0  -  Run Bytes Sent By Job
	0  -  Run Bytes Received By Job
	0  -  Total Bytes Sent By Job
	0  -  Total Bytes Received By Job
	Partitionable Resources :    Usage  Request Allocated
	   Cpus                 :                 1         1
	   Disk (KB)            :       10       10   8864047
	   Memory (MB)          :      190        1      4028
...
