000 (2463254.000.000) 02/27 13:14:26 Job submitted from host: <128.83.130.186:46357>
...
001 (2463254.000.000) 02/27 13:14:34 Job executing on host: <128.83.130.223:42137>
...
006 (2463254.000.000) 02/27 13:14:43 Image size of job updated: 34216356
	228  -  MemoryUsage of job (MB)
	232508  -  ResidentSetSize of job (KB)
...
006 (2463254.000.000) 02/27 13:19:44 Image size of job updated: 34216356
	527  -  MemoryUsage of job (MB)
	539456  -  ResidentSetSize of job (KB)
...
006 (2463254.000.000) 02/27 14:24:50 Image size of job updated: 34216356
	590  -  MemoryUsage of job (MB)
	603464  -  ResidentSetSize of job (KB)
...
006 (2463254.000.000) 02/27 14:29:51 Image size of job updated: 34216356
	592  -  MemoryUsage of job (MB)
	605668  -  ResidentSetSize of job (KB)
...
006 (2463254.000.000) 02/27 16:45:04 Image size of job updated: 34216356
	759  -  MemoryUsage of job (MB)
	776856  -  ResidentSetSize of job (KB)
...
006 (2463254.000.000) 02/27 16:55:04 Image size of job updated: 34216356
	921  -  MemoryUsage of job (MB)
	942088  -  ResidentSetSize of job (KB)
...
006 (2463254.000.000) 02/27 17:00:05 Image size of job updated: 34216356
	1008  -  MemoryUsage of job (MB)
	1031456  -  ResidentSetSize of job (KB)
...
005 (2463254.000.000) 02/27 18:14:26 Job terminated.
	(1) Normal termination (return value 0)
		Usr 0 05:00:51, Sys 0 00:00:12  -  Run Remote Usage
		Usr 0 00:00:00, Sys 0 00:00:00  -  Run Local Usage
		Usr 0 05:00:51, Sys 0 00:00:12  -  Total Remote Usage
		Usr 0 00:00:00, Sys 0 00:00:00  -  Total Local Usage
	0  -  Run Bytes Sent By Job
	0  -  Run Bytes Received By Job
	0  -  Total Bytes Sent By Job
	0  -  Total Bytes Received By Job
	Partitionable Resources :    Usage  Request Allocated
	   Cpus                 :                 1         1
	   Disk (KB)            :       10       10   6524482
	   Memory (MB)          :     1008        1      8062
...
