000 (2464292.000.000) 02/27 19:19:52 Job submitted from host: <128.83.130.186:46357>
...
001 (2464292.000.000) 02/27 19:19:58 Job executing on host: <128.83.144.154:37065>
...
006 (2464292.000.000) 02/27 19:20:07 Image size of job updated: 27700048
	431  -  MemoryUsage of job (MB)
	441008  -  ResidentSetSize of job (KB)
...
006 (2464292.000.000) 02/27 19:25:08 Image size of job updated: 27700048
	656  -  MemoryUsage of job (MB)
	671068  -  ResidentSetSize of job (KB)
...
006 (2464292.000.000) 02/27 21:10:19 Image size of job updated: 27700048
	659  -  MemoryUsage of job (MB)
	673904  -  ResidentSetSize of job (KB)
...
006 (2464292.000.000) 02/27 21:15:20 Image size of job updated: 27700048
	698  -  MemoryUsage of job (MB)
	713992  -  ResidentSetSize of job (KB)
...
006 (2464292.000.000) 02/27 21:20:20 Image size of job updated: 27700048
	720  -  MemoryUsage of job (MB)
	736788  -  ResidentSetSize of job (KB)
...
006 (2464292.000.000) 02/27 21:25:20 Image size of job updated: 27700048
	754  -  MemoryUsage of job (MB)
	771152  -  ResidentSetSize of job (KB)
...
006 (2464292.000.000) 02/27 21:30:21 Image size of job updated: 27700048
	841  -  MemoryUsage of job (MB)
	860656  -  ResidentSetSize of job (KB)
...
006 (2464292.000.000) 02/27 21:35:22 Image size of job updated: 27700048
	846  -  MemoryUsage of job (MB)
	866116  -  ResidentSetSize of job (KB)
...
006 (2464292.000.000) 02/27 21:45:22 Image size of job updated: 27700048
	895  -  MemoryUsage of job (MB)
	915572  -  ResidentSetSize of job (KB)
...
006 (2464292.000.000) 02/27 21:50:23 Image size of job updated: 27700048
	926  -  MemoryUsage of job (MB)
	947496  -  ResidentSetSize of job (KB)
...
006 (2464292.000.000) 02/27 21:55:24 Image size of job updated: 27700048
	961  -  MemoryUsage of job (MB)
	983880  -  ResidentSetSize of job (KB)
...
006 (2464292.000.000) 02/27 22:00:24 Image size of job updated: 27700048
	983  -  MemoryUsage of job (MB)
	1006212  -  ResidentSetSize of job (KB)
...
006 (2464292.000.000) 02/27 22:05:25 Image size of job updated: 27700048
	1014  -  MemoryUsage of job (MB)
	1037760  -  ResidentSetSize of job (KB)
...
006 (2464292.000.000) 02/27 22:10:27 Image size of job updated: 27700048
	1062  -  MemoryUsage of job (MB)
	1087184  -  ResidentSetSize of job (KB)
...
006 (2464292.000.000) 02/27 22:15:27 Image size of job updated: 27700048
	1127  -  MemoryUsage of job (MB)
	1153860  -  ResidentSetSize of job (KB)
...
