000 (2463250.000.000) 02/27 13:14:17 Job submitted from host: <128.83.130.186:46357>
...
001 (2463250.000.000) 02/27 13:14:25 Job executing on host: <128.83.130.223:42137>
...
006 (2463250.000.000) 02/27 13:14:34 Image size of job updated: 34216356
	405  -  MemoryUsage of job (MB)
	414236  -  ResidentSetSize of job (KB)
...
006 (2463250.000.000) 02/27 13:19:35 Image size of job updated: 34216356
	529  -  MemoryUsage of job (MB)
	540996  -  ResidentSetSize of job (KB)
...
006 (2463250.000.000) 02/27 14:34:42 Image size of job updated: 34216356
	612  -  MemoryUsage of job (MB)
	626648  -  ResidentSetSize of job (KB)
...
006 (2463250.000.000) 02/27 14:39:42 Image size of job updated: 34216356
	614  -  MemoryUsage of job (MB)
	628000  -  ResidentSetSize of job (KB)
...
006 (2463250.000.000) 02/27 14:44:43 Image size of job updated: 34216356
	625  -  MemoryUsage of job (MB)
	639476  -  ResidentSetSize of job (KB)
...
006 (2463250.000.000) 02/27 14:49:44 Image size of job updated: 34216356
	643  -  MemoryUsage of job (MB)
	657496  -  ResidentSetSize of job (KB)
...
006 (2463250.000.000) 02/27 16:39:55 Image size of job updated: 34216356
	864  -  MemoryUsage of job (MB)
	883780  -  ResidentSetSize of job (KB)
...
006 (2463250.000.000) 02/27 16:44:55 Image size of job updated: 34216356
	865  -  MemoryUsage of job (MB)
	885028  -  ResidentSetSize of job (KB)
...
006 (2463250.000.000) 02/27 16:49:55 Image size of job updated: 34216356
	866  -  MemoryUsage of job (MB)
	886372  -  ResidentSetSize of job (KB)
...
006 (2463250.000.000) 02/27 16:54:56 Image size of job updated: 34216356
	1060  -  MemoryUsage of job (MB)
	1084580  -  ResidentSetSize of job (KB)
...
005 (2463250.000.000) 02/27 18:16:53 Job terminated.
	(1) Normal termination (return value 0)
		Usr 0 05:03:26, Sys 0 00:00:12  -  Run Remote Usage
		Usr 0 00:00:00, Sys 0 00:00:00  -  Run Local Usage
		Usr 0 05:03:26, Sys 0 00:00:12  -  Total Remote Usage
		Usr 0 00:00:00, Sys 0 00:00:00  -  Total Local Usage
	0  -  Run Bytes Sent By Job
	0  -  Run Bytes Received By Job
	0  -  Total Bytes Sent By Job
	0  -  Total Bytes Received By Job
	Partitionable Resources :    Usage  Request Allocated
	   Cpus                 :                 1         1
	   Disk (KB)            :       10       10   6524488
	   Memory (MB)          :     1060        1      8062
...
