000 (2464491.000.000) 02/28 04:06:31 Job submitted from host: <128.83.130.186:46357>
...
001 (2464491.000.000) 02/28 04:06:38 Job executing on host: <128.83.130.103:38441>
...
006 (2464491.000.000) 02/28 04:06:46 Image size of job updated: 9885912
	22  -  MemoryUsage of job (MB)
	22036  -  ResidentSetSize of job (KB)
...
006 (2464491.000.000) 02/28 04:07:40 Image size of job updated: 9885928
	22  -  MemoryUsage of job (MB)
	22036  -  ResidentSetSize of job (KB)
...
005 (2464491.000.000) 02/28 04:07:40 Job terminated.
	(1) Normal termination (return value 0)
		Usr 0 00:00:59, Sys 0 00:00:00  -  Run Remote Usage
		Usr 0 00:00:00, Sys 0 00:00:00  -  Run Local Usage
		Usr 0 00:00:59, Sys 0 00:00:00  -  Total Remote Usage
		Usr 0 00:00:00, Sys 0 00:00:00  -  Total Local Usage
	0  -  Run Bytes Sent By Job
	0  -  Run Bytes Received By Job
	0  -  Total Bytes Sent By Job
	0  -  Total Bytes Received By Job
	Partitionable Resources :    Usage  Request Allocated
	   Cpus                 :                 1         1
	   Disk (KB)            :       10       10    752031
	   Memory (MB)          :       22        1      4021
...
