000 (2463233.000.000) 02/27 13:12:54 Job submitted from host: <128.83.130.186:46357>
...
001 (2463233.000.000) 02/27 13:13:14 Job executing on host: <128.83.130.223:42137>
...
006 (2463233.000.000) 02/27 13:13:23 Image size of job updated: 34216356
	190  -  MemoryUsage of job (MB)
	194532  -  ResidentSetSize of job (KB)
...
005 (2463233.000.000) 02/27 13:14:29 Job terminated.
	(1) Normal termination (return value 0)
		Usr 0 00:01:15, Sys 0 00:00:00  -  Run Remote Usage
		Usr 0 00:00:00, Sys 0 00:00:00  -  Run Local Usage
		Usr 0 00:01:15, Sys 0 00:00:00  -  Total Remote Usage
		Usr 0 00:00:00, Sys 0 00:00:00  -  Total Local Usage
	0  -  Run Bytes Sent By Job
	0  -  Run Bytes Received By Job
	0  -  Total Bytes Sent By Job
	0  -  Total Bytes Received By Job
	Partitionable Resources :    Usage  Request Allocated
	   Cpus                 :                 1         1
	   Disk (KB)            :       10       10   6524488
	   Memory (MB)          :      190        1      8062
...
