Number of features in training data: 6789
Number of predicates: 10386
Labels: O NNP , CD NNS JJ MD VB DT NN IN . VBZ VBG CC VBD VBN RB TO PRP RBR WDT VBP PRP$ JJS POS `` EX '' WP : JJR WRB RP $ NNPS WP$ 2/CD winter/JJ ( ) PDT RBS FW UH McGraw-Hill/NNP McGraw/NNP McGraw/NN 4/CD 8/CD Contra/NNP SYM Firestone/NNP LS 10th/NN # VBG|NN 16/CD Del/NNP Fawcett/NNP 50/CD
Preparing O
Preparing NNP
Preparing ,
Preparing CD
Preparing NNS
Preparing JJ
Preparing MD
Preparing VB
Preparing DT
Preparing NN
Preparing IN
Preparing .
Preparing VBZ
Preparing VBG
Preparing CC
Preparing VBD
Preparing VBN
Preparing RB
Preparing TO
Preparing PRP
Preparing RBR
Preparing WDT
Preparing VBP
Preparing PRP$
Preparing JJS
Preparing POS
Preparing ``
Preparing EX
Preparing ''
Preparing WP
Preparing :
Preparing JJR
Preparing WRB
Preparing RP
Preparing $
Preparing NNPS
Preparing WP$
Preparing 2/CD
Preparing winter/JJ
Preparing (
Preparing )
Preparing PDT
Preparing RBS
Preparing FW
Preparing UH
Preparing McGraw-Hill/NNP
Preparing McGraw/NNP
Preparing McGraw/NN
Preparing 4/CD
Preparing 8/CD
Preparing Contra/NNP
Preparing SYM
Preparing Firestone/NNP
Preparing LS
Preparing 10th/NN
Preparing #
Preparing VBG|NN
Preparing 16/CD
Preparing Del/NNP
Preparing Fawcett/NNP
Preparing 50/CD
Training on 1895 instances
Testing on 1988 instances
getValue() (observed log-likelihood) = -482410.0227444251
getValue() (log-likelihood) = -482410.0227444251
HMM finished one iteration of maximizer, i=0
getValue() (observed log-likelihood) = -289994.4923188606
getValue() (log-likelihood) = -289994.4923188606
HMM finished one iteration of maximizer, i=1
getValue() (observed log-likelihood) = -290001.32005976205
getValue() (log-likelihood) = -290001.32005976205
HMM finished one iteration of maximizer, i=2
getValue() (observed log-likelihood) = -290005.27528803144
getValue() (log-likelihood) = -290005.27528803144
HMM finished one iteration of maximizer, i=3
getValue() (observed log-likelihood) = -290007.7029743032
getValue() (log-likelihood) = -290007.7029743032
HMM finished one iteration of maximizer, i=4
getValue() (observed log-likelihood) = -290009.2745122335
getValue() (log-likelihood) = -290009.2745122335
HMM finished one iteration of maximizer, i=5
getValue() (observed log-likelihood) = -290010.3459868628
getValue() (log-likelihood) = -290010.3459868628
HMM finished one iteration of maximizer, i=6
getValue() (observed log-likelihood) = -290011.11333818734
getValue() (log-likelihood) = -290011.11333818734
HMM finished one iteration of maximizer, i=7
getValue() (observed log-likelihood) = -290011.68766687805
getValue() (log-likelihood) = -290011.68766687805
HMM finished one iteration of maximizer, i=8
getValue() (observed log-likelihood) = -290012.1339215156
getValue() (log-likelihood) = -290012.1339215156
HMM finished one iteration of maximizer, i=9
getValue() (observed log-likelihood) = -290012.4913726157
getValue() (log-likelihood) = -290012.4913726157
HMM finished one iteration of maximizer, i=10
getValue() (observed log-likelihood) = -290012.7846639555
getValue() (log-likelihood) = -290012.7846639555
HMM finished one iteration of maximizer, i=11
getValue() (observed log-likelihood) = -290013.0298826502
getValue() (log-likelihood) = -290013.0298826502
HMM finished one iteration of maximizer, i=12
getValue() (observed log-likelihood) = -290013.2379556644
getValue() (log-likelihood) = -290013.2379556644
HMM finished one iteration of maximizer, i=13
getValue() (observed log-likelihood) = -290013.4165914427
getValue() (log-likelihood) = -290013.4165914427
HMM finished one iteration of maximizer, i=14
getValue() (observed log-likelihood) = -290013.57141782396
getValue() (log-likelihood) = -290013.57141782396
HMM finished one iteration of maximizer, i=15
getValue() (observed log-likelihood) = -290013.70666814415
getValue() (log-likelihood) = -290013.70666814415
HMM finished one iteration of maximizer, i=16
getValue() (observed log-likelihood) = -290013.8256079971
getValue() (log-likelihood) = -290013.8256079971
HMM finished one iteration of maximizer, i=17
getValue() (observed log-likelihood) = -290013.93080957583
getValue() (log-likelihood) = -290013.93080957583
HMM finished one iteration of maximizer, i=18
getValue() (observed log-likelihood) = -290014.0243339426
getValue() (log-likelihood) = -290014.0243339426
HMM finished one iteration of maximizer, i=19
getValue() (observed log-likelihood) = -290014.10785605153
getValue() (log-likelihood) = -290014.10785605153
HMM finished one iteration of maximizer, i=20
getValue() (observed log-likelihood) = -290014.18275310314
getValue() (log-likelihood) = -290014.18275310314
HMM finished one iteration of maximizer, i=21
getValue() (observed log-likelihood) = -290014.2501686423
getValue() (log-likelihood) = -290014.2501686423
HMM finished one iteration of maximizer, i=22
getValue() (observed log-likelihood) = -290014.311060179
getValue() (log-likelihood) = -290014.311060179
HMM finished one iteration of maximizer, i=23
getValue() (observed log-likelihood) = -290014.36623527715
getValue() (log-likelihood) = -290014.36623527715
HMM finished one iteration of maximizer, i=24
getValue() (observed log-likelihood) = -290014.4163793859
getValue() (log-likelihood) = -290014.4163793859
HMM finished one iteration of maximizer, i=25
getValue() (observed log-likelihood) = -290014.46207761404
getValue() (log-likelihood) = -290014.46207761404
HMM finished one iteration of maximizer, i=26
getValue() (observed log-likelihood) = -290014.5038319847
getValue() (log-likelihood) = -290014.5038319847
HMM finished one iteration of maximizer, i=27
getValue() (observed log-likelihood) = -290014.54207526846
getValue() (log-likelihood) = -290014.54207526846
HMM finished one iteration of maximizer, i=28
getValue() (observed log-likelihood) = -290014.57718214643
getValue() (log-likelihood) = -290014.57718214643
HMM finished one iteration of maximizer, i=29
getValue() (observed log-likelihood) = -290014.60947833565
getValue() (log-likelihood) = -290014.60947833565
HMM finished one iteration of maximizer, i=30
getValue() (observed log-likelihood) = -290014.63924805383
getValue() (log-likelihood) = -290014.63924805383
HMM finished one iteration of maximizer, i=31
getValue() (observed log-likelihood) = -290014.66674021876
getValue() (log-likelihood) = -290014.66674021876
HMM finished one iteration of maximizer, i=32
getValue() (observed log-likelihood) = -290014.6921735602
getValue() (log-likelihood) = -290014.6921735602
HMM finished one iteration of maximizer, i=33
getValue() (observed log-likelihood) = -290014.71574093314
getValue() (log-likelihood) = -290014.71574093314
HMM finished one iteration of maximizer, i=34
getValue() (observed log-likelihood) = -290014.7376129022
getValue() (log-likelihood) = -290014.7376129022
HMM finished one iteration of maximizer, i=35
getValue() (observed log-likelihood) = -290014.75794078066
getValue() (log-likelihood) = -290014.75794078066
HMM finished one iteration of maximizer, i=36
getValue() (observed log-likelihood) = -290014.77685918997
getValue() (log-likelihood) = -290014.77685918997
HMM finished one iteration of maximizer, i=37
getValue() (observed log-likelihood) = -290014.7944882475
getValue() (log-likelihood) = -290014.7944882475
HMM finished one iteration of maximizer, i=38
getValue() (observed log-likelihood) = -290014.810935415
getValue() (log-likelihood) = -290014.810935415
HMM finished one iteration of maximizer, i=39
getValue() (observed log-likelihood) = -290014.8262970889
getValue() (log-likelihood) = -290014.8262970889
HMM finished one iteration of maximizer, i=40
getValue() (observed log-likelihood) = -290014.84065995907
getValue() (log-likelihood) = -290014.84065995907
HMM finished one iteration of maximizer, i=41
getValue() (observed log-likelihood) = -290014.85410217685
getValue() (log-likelihood) = -290014.85410217685
HMM finished one iteration of maximizer, i=42
getValue() (observed log-likelihood) = -290014.86669437
getValue() (log-likelihood) = -290014.86669437
HMM finished one iteration of maximizer, i=43
getValue() (observed log-likelihood) = -290014.87850050273
getValue() (log-likelihood) = -290014.87850050273
HMM finished one iteration of maximizer, i=44
getValue() (observed log-likelihood) = -290014.88957864454
getValue() (log-likelihood) = -290014.88957864454
HMM finished one iteration of maximizer, i=45
getValue() (observed log-likelihood) = -290014.89998161915
getValue() (log-likelihood) = -290014.89998161915
HMM finished one iteration of maximizer, i=46
getValue() (observed log-likelihood) = -290014.90975757816
getValue() (log-likelihood) = -290014.90975757816
HMM finished one iteration of maximizer, i=47
getValue() (observed log-likelihood) = -290014.9189505022
getValue() (log-likelihood) = -290014.9189505022
HMM finished one iteration of maximizer, i=48
getValue() (observed log-likelihood) = -290014.92760063644
getValue() (log-likelihood) = -290014.92760063644
HMM finished one iteration of maximizer, i=49
getValue() (observed log-likelihood) = -290014.93574487616
getValue() (log-likelihood) = -290014.93574487616
HMM finished one iteration of maximizer, i=50
getValue() (observed log-likelihood) = -290014.9434171084
getValue() (log-likelihood) = -290014.9434171084
HMM finished one iteration of maximizer, i=51
getValue() (observed log-likelihood) = -290014.9506484998
getValue() (log-likelihood) = -290014.9506484998
HMM finished one iteration of maximizer, i=52
getValue() (observed log-likelihood) = -290014.9574677712
getValue() (log-likelihood) = -290014.9574677712
HMM finished one iteration of maximizer, i=53
getValue() (observed log-likelihood) = -290014.96390142024
getValue() (log-likelihood) = -290014.96390142024
HMM finished one iteration of maximizer, i=54
getValue() (observed log-likelihood) = -290014.9699739393
getValue() (log-likelihood) = -290014.9699739393
HMM finished one iteration of maximizer, i=55
getValue() (observed log-likelihood) = -290014.9757079867
getValue() (log-likelihood) = -290014.9757079867
HMM finished one iteration of maximizer, i=56
getValue() (observed log-likelihood) = -290014.98112456437
getValue() (log-likelihood) = -290014.98112456437
HMM finished one iteration of maximizer, i=57
getValue() (observed log-likelihood) = -290014.9862431536
getValue() (log-likelihood) = -290014.9862431536
HMM finished one iteration of maximizer, i=58
getValue() (observed log-likelihood) = -290014.99108184996
getValue() (log-likelihood) = -290014.99108184996
HMM finished one iteration of maximizer, i=59
getValue() (observed log-likelihood) = -290014.9956574847
getValue() (log-likelihood) = -290014.9956574847
HMM finished one iteration of maximizer, i=60
getValue() (observed log-likelihood) = -290014.99998572184
getValue() (log-likelihood) = -290014.99998572184
HMM finished one iteration of maximizer, i=61
getValue() (observed log-likelihood) = -290015.0040811645
getValue() (log-likelihood) = -290015.0040811645
HMM finished one iteration of maximizer, i=62
getValue() (observed log-likelihood) = -290015.0079574318
getValue() (log-likelihood) = -290015.0079574318
HMM finished one iteration of maximizer, i=63
getValue() (observed log-likelihood) = -290015.0116272406
getValue() (log-likelihood) = -290015.0116272406
HMM finished one iteration of maximizer, i=64
getValue() (observed log-likelihood) = -290015.01510247553
getValue() (log-likelihood) = -290015.01510247553
HMM finished one iteration of maximizer, i=65
getValue() (observed log-likelihood) = -290015.0183942485
getValue() (log-likelihood) = -290015.0183942485
HMM finished one iteration of maximizer, i=66
getValue() (observed log-likelihood) = -290015.02151296835
getValue() (log-likelihood) = -290015.02151296835
HMM finished one iteration of maximizer, i=67
getValue() (observed log-likelihood) = -290015.02446837747
getValue() (log-likelihood) = -290015.02446837747
HMM finished one iteration of maximizer, i=68
getValue() (observed log-likelihood) = -290015.027269616
getValue() (log-likelihood) = -290015.027269616
HMM finished one iteration of maximizer, i=69
getValue() (observed log-likelihood) = -290015.02992525254
getValue() (log-likelihood) = -290015.02992525254
HMM finished one iteration of maximizer, i=70
getValue() (observed log-likelihood) = -290015.0324433338
getValue() (log-likelihood) = -290015.0324433338
HMM finished one iteration of maximizer, i=71
getValue() (observed log-likelihood) = -290015.03483141534
getValue() (log-likelihood) = -290015.03483141534
HMM finished one iteration of maximizer, i=72
getValue() (observed log-likelihood) = -290015.03709660034
getValue() (log-likelihood) = -290015.03709660034
HMM finished one iteration of maximizer, i=73
getValue() (observed log-likelihood) = -290015.03924556746
getValue() (log-likelihood) = -290015.03924556746
HMM finished one iteration of maximizer, i=74
getValue() (observed log-likelihood) = -290015.0412846001
getValue() (log-likelihood) = -290015.0412846001
HMM finished one iteration of maximizer, i=75
getValue() (observed log-likelihood) = -290015.0432196121
getValue() (log-likelihood) = -290015.0432196121
HMM finished one iteration of maximizer, i=76
getValue() (observed log-likelihood) = -290015.0450561749
getValue() (log-likelihood) = -290015.0450561749
HMM finished one iteration of maximizer, i=77
getValue() (observed log-likelihood) = -290015.046799535
getValue() (log-likelihood) = -290015.046799535
HMM finished one iteration of maximizer, i=78
getValue() (observed log-likelihood) = -290015.04845464224
getValue() (log-likelihood) = -290015.04845464224
HMM finished one iteration of maximizer, i=79
getValue() (observed log-likelihood) = -290015.0500261607
getValue() (log-likelihood) = -290015.0500261607
HMM finished one iteration of maximizer, i=80
getValue() (observed log-likelihood) = -290015.0515184921
getValue() (log-likelihood) = -290015.0515184921
HMM finished one iteration of maximizer, i=81
getValue() (observed log-likelihood) = -290015.0529357903
getValue() (log-likelihood) = -290015.0529357903
HMM finished one iteration of maximizer, i=82
getValue() (observed log-likelihood) = -290015.0542819765
getValue() (log-likelihood) = -290015.0542819765
HMM finished one iteration of maximizer, i=83
getValue() (observed log-likelihood) = -290015.0555607549
getValue() (log-likelihood) = -290015.0555607549
HMM finished one iteration of maximizer, i=84
getValue() (observed log-likelihood) = -290015.0567756253
getValue() (log-likelihood) = -290015.0567756253
HMM finished one iteration of maximizer, i=85
getValue() (observed log-likelihood) = -290015.057929893
getValue() (log-likelihood) = -290015.057929893
HMM finished one iteration of maximizer, i=86
getValue() (observed log-likelihood) = -290015.05902668374
getValue() (log-likelihood) = -290015.05902668374
HMM finished one iteration of maximizer, i=87
getValue() (observed log-likelihood) = -290015.0600689544
getValue() (log-likelihood) = -290015.0600689544
HMM finished one iteration of maximizer, i=88
getValue() (observed log-likelihood) = -290015.0610595006
getValue() (log-likelihood) = -290015.0610595006
HMM finished one iteration of maximizer, i=89
HMM training has converged, i=89
Evaluator iteration=90 cost=NA (not Optimizable.ByValue)
Training accuracy=0.8626734236105342
Testing accuracy=0.7859335379687709
Testing OOVAccuracy=0.3818657367044464
Trainer by likelihood done

