Number of features in training data: 343
Number of predicates: 343
Labels: O VB DT NNS IN NNP TO WDT VBP VBZ NN PRP VBG VBN CD MD RB CC JJ WRB RP PDT WP EX UH POS JJS VBD RBS SYM RBR
Preparing O
Preparing VB
Preparing DT
Preparing NNS
Preparing IN
Preparing NNP
Preparing TO
Preparing WDT
Preparing VBP
Preparing VBZ
Preparing NN
Preparing PRP
Preparing VBG
Preparing VBN
Preparing CD
Preparing MD
Preparing RB
Preparing CC
Preparing JJ
Preparing WRB
Preparing RP
Preparing PDT
Preparing WP
Preparing EX
Preparing UH
Preparing POS
Preparing JJS
Preparing VBD
Preparing RBS
Preparing SYM
Preparing RBR
Training on 382 instances
Testing on 96 instances
getValue() (observed log-likelihood) = -24180.639635506024
getValue() (log-likelihood) = -24180.639635506024
HMM finished one iteration of maximizer, i=0
getValue() (observed log-likelihood) = -12828.461321553239
getValue() (log-likelihood) = -12828.461321553239
HMM finished one iteration of maximizer, i=1
getValue() (observed log-likelihood) = -12831.155866172166
getValue() (log-likelihood) = -12831.155866172166
HMM finished one iteration of maximizer, i=2
getValue() (observed log-likelihood) = -12832.825634521936
getValue() (log-likelihood) = -12832.825634521936
HMM finished one iteration of maximizer, i=3
getValue() (observed log-likelihood) = -12833.906431244277
getValue() (log-likelihood) = -12833.906431244277
HMM finished one iteration of maximizer, i=4
getValue() (observed log-likelihood) = -12834.626843860073
getValue() (log-likelihood) = -12834.626843860073
HMM finished one iteration of maximizer, i=5
getValue() (observed log-likelihood) = -12835.117663966792
getValue() (log-likelihood) = -12835.117663966792
HMM finished one iteration of maximizer, i=6
getValue() (observed log-likelihood) = -12835.458065350787
getValue() (log-likelihood) = -12835.458065350787
HMM finished one iteration of maximizer, i=7
getValue() (observed log-likelihood) = -12835.697823921779
getValue() (log-likelihood) = -12835.697823921779
HMM finished one iteration of maximizer, i=8
getValue() (observed log-likelihood) = -12835.869079211458
getValue() (log-likelihood) = -12835.869079211458
HMM finished one iteration of maximizer, i=9
getValue() (observed log-likelihood) = -12835.993005120625
getValue() (log-likelihood) = -12835.993005120625
HMM finished one iteration of maximizer, i=10
getValue() (observed log-likelihood) = -12836.083782193222
getValue() (log-likelihood) = -12836.083782193222
HMM finished one iteration of maximizer, i=11
getValue() (observed log-likelihood) = -12836.151044572258
getValue() (log-likelihood) = -12836.151044572258
HMM finished one iteration of maximizer, i=12
getValue() (observed log-likelihood) = -12836.201424156423
getValue() (log-likelihood) = -12836.201424156423
HMM finished one iteration of maximizer, i=13
getValue() (observed log-likelihood) = -12836.239542965024
getValue() (log-likelihood) = -12836.239542965024
HMM finished one iteration of maximizer, i=14
getValue() (observed log-likelihood) = -12836.268660445508
getValue() (log-likelihood) = -12836.268660445508
HMM finished one iteration of maximizer, i=15
getValue() (observed log-likelihood) = -12836.291101241317
getValue() (log-likelihood) = -12836.291101241317
HMM finished one iteration of maximizer, i=16
getValue() (observed log-likelihood) = -12836.308541292297
getValue() (log-likelihood) = -12836.308541292297
HMM finished one iteration of maximizer, i=17
getValue() (observed log-likelihood) = -12836.322201379633
getValue() (log-likelihood) = -12836.322201379633
HMM finished one iteration of maximizer, i=18
getValue() (observed log-likelihood) = -12836.332979506657
getValue() (log-likelihood) = -12836.332979506657
HMM finished one iteration of maximizer, i=19
getValue() (observed log-likelihood) = -12836.341542418804
getValue() (log-likelihood) = -12836.341542418804
HMM finished one iteration of maximizer, i=20
getValue() (observed log-likelihood) = -12836.348389536543
getValue() (log-likelihood) = -12836.348389536543
HMM finished one iteration of maximizer, i=21
getValue() (observed log-likelihood) = -12836.35389807137
getValue() (log-likelihood) = -12836.35389807137
HMM finished one iteration of maximizer, i=22
getValue() (observed log-likelihood) = -12836.358355175627
getValue() (log-likelihood) = -12836.358355175627
HMM finished one iteration of maximizer, i=23
getValue() (observed log-likelihood) = -12836.361981069871
getValue() (log-likelihood) = -12836.361981069871
HMM finished one iteration of maximizer, i=24
getValue() (observed log-likelihood) = -12836.364945830504
getValue() (log-likelihood) = -12836.364945830504
HMM finished one iteration of maximizer, i=25
getValue() (observed log-likelihood) = -12836.367381681155
getValue() (log-likelihood) = -12836.367381681155
HMM finished one iteration of maximizer, i=26
getValue() (observed log-likelihood) = -12836.369392065919
getValue() (log-likelihood) = -12836.369392065919
HMM finished one iteration of maximizer, i=27
getValue() (observed log-likelihood) = -12836.371058399187
getValue() (log-likelihood) = -12836.371058399187
HMM finished one iteration of maximizer, i=28
getValue() (observed log-likelihood) = -12836.372445123938
getValue() (log-likelihood) = -12836.372445123938
HMM finished one iteration of maximizer, i=29
getValue() (observed log-likelihood) = -12836.373603528784
getValue() (log-likelihood) = -12836.373603528784
HMM finished one iteration of maximizer, i=30
getValue() (observed log-likelihood) = -12836.374574647276
getValue() (log-likelihood) = -12836.374574647276
HMM finished one iteration of maximizer, i=31
HMM training has converged, i=31
Evaluator iteration=32 cost=NA (not Optimizable.ByValue)
Training accuracy=0.8891871165644172
Testing accuracy=0.8740740740740741
Testing OOVAccuracy=0.9043887147335423
Trainer by likelihood done

