000 (2464281.000.000) 02/27 18:29:42 Job submitted from host: <128.83.130.186:46357>
...
001 (2464281.000.000) 02/27 18:30:15 Job executing on host: <128.83.120.222:54928>
...
006 (2464281.000.000) 02/27 18:30:23 Image size of job updated: 27104148
	12  -  MemoryUsage of job (MB)
	11840  -  ResidentSetSize of job (KB)
...
006 (2464281.000.000) 02/27 18:32:39 Image size of job updated: 27700048
	12  -  MemoryUsage of job (MB)
	11840  -  ResidentSetSize of job (KB)
...
005 (2464281.000.000) 02/27 18:32:39 Job terminated.
	(1) Normal termination (return value 0)
		Usr 0 00:02:22, Sys 0 00:00:01  -  Run Remote Usage
		Usr 0 00:00:00, Sys 0 00:00:00  -  Run Local Usage
		Usr 0 00:02:22, Sys 0 00:00:01  -  Total Remote Usage
		Usr 0 00:00:00, Sys 0 00:00:00  -  Total Local Usage
	0  -  Run Bytes Sent By Job
	0  -  Run Bytes Received By Job
	0  -  Total Bytes Sent By Job
	0  -  Total Bytes Received By Job
	Partitionable Resources :    Usage  Request Allocated
	   Cpus                 :                 1         1
	   Disk (KB)            :       10       10   8864037
	   Memory (MB)          :       12        1      4028
...
