000 (2464288.000.000) 02/27 18:30:01 Job submitted from host: <128.83.130.186:46357>
...
001 (2464288.000.000) 02/27 18:30:15 Job executing on host: <128.83.144.143:37212>
...
006 (2464288.000.000) 02/27 18:30:23 Image size of job updated: 25078372
	10  -  MemoryUsage of job (MB)
	10064  -  ResidentSetSize of job (KB)
...
006 (2464288.000.000) 02/27 18:32:40 Image size of job updated: 27700048
	10  -  MemoryUsage of job (MB)
	10064  -  ResidentSetSize of job (KB)
...
005 (2464288.000.000) 02/27 18:32:40 Job terminated.
	(1) Normal termination (return value 0)
		Usr 0 00:02:24, Sys 0 00:00:01  -  Run Remote Usage
		Usr 0 00:00:00, Sys 0 00:00:00  -  Run Local Usage
		Usr 0 00:02:24, Sys 0 00:00:01  -  Total Remote Usage
		Usr 0 00:00:00, Sys 0 00:00:00  -  Total Local Usage
	0  -  Run Bytes Sent By Job
	0  -  Run Bytes Received By Job
	0  -  Total Bytes Sent By Job
	0  -  Total Bytes Received By Job
	Partitionable Resources :    Usage  Request Allocated
	   Cpus                 :                 1         1
	   Disk (KB)            :       10       10   8864031
	   Memory (MB)          :       10        1      4028
...
