Number of features in training data: 343
Number of predicates: 343
Labels: O VB DT NNS IN NNP TO WDT VBP VBZ NN PRP VBG VBN CD MD RB CC JJ WRB RP PDT WP EX UH POS JJS VBD RBS SYM RBR
Preparing O
Preparing VB
Preparing DT
Preparing NNS
Preparing IN
Preparing NNP
Preparing TO
Preparing WDT
Preparing VBP
Preparing VBZ
Preparing NN
Preparing PRP
Preparing VBG
Preparing VBN
Preparing CD
Preparing MD
Preparing RB
Preparing CC
Preparing JJ
Preparing WRB
Preparing RP
Preparing PDT
Preparing WP
Preparing EX
Preparing UH
Preparing POS
Preparing JJS
Preparing VBD
Preparing RBS
Preparing SYM
Preparing RBR
Training on 382 instances
Testing on 96 instances
getValue() (observed log-likelihood) = -24542.236623920428
getValue() (log-likelihood) = -24542.236623920428
HMM finished one iteration of maximizer, i=0
getValue() (observed log-likelihood) = -13119.168295718535
getValue() (log-likelihood) = -13119.168295718535
HMM finished one iteration of maximizer, i=1
getValue() (observed log-likelihood) = -13121.854965697928
getValue() (log-likelihood) = -13121.854965697928
HMM finished one iteration of maximizer, i=2
getValue() (observed log-likelihood) = -13123.557456694321
getValue() (log-likelihood) = -13123.557456694321
HMM finished one iteration of maximizer, i=3
getValue() (observed log-likelihood) = -13124.685959875742
getValue() (log-likelihood) = -13124.685959875742
HMM finished one iteration of maximizer, i=4
getValue() (observed log-likelihood) = -13125.456673561303
getValue() (log-likelihood) = -13125.456673561303
HMM finished one iteration of maximizer, i=5
getValue() (observed log-likelihood) = -13125.994272829766
getValue() (log-likelihood) = -13125.994272829766
HMM finished one iteration of maximizer, i=6
getValue() (observed log-likelihood) = -13126.375367971901
getValue() (log-likelihood) = -13126.375367971901
HMM finished one iteration of maximizer, i=7
getValue() (observed log-likelihood) = -13126.649179572112
getValue() (log-likelihood) = -13126.649179572112
HMM finished one iteration of maximizer, i=8
getValue() (observed log-likelihood) = -13126.848305432593
getValue() (log-likelihood) = -13126.848305432593
HMM finished one iteration of maximizer, i=9
getValue() (observed log-likelihood) = -13126.994781573947
getValue() (log-likelihood) = -13126.994781573947
HMM finished one iteration of maximizer, i=10
getValue() (observed log-likelihood) = -13127.103721735457
getValue() (log-likelihood) = -13127.103721735457
HMM finished one iteration of maximizer, i=11
getValue() (observed log-likelihood) = -13127.185610425702
getValue() (log-likelihood) = -13127.185610425702
HMM finished one iteration of maximizer, i=12
getValue() (observed log-likelihood) = -13127.24779454353
getValue() (log-likelihood) = -13127.24779454353
HMM finished one iteration of maximizer, i=13
getValue() (observed log-likelihood) = -13127.295473002736
getValue() (log-likelihood) = -13127.295473002736
HMM finished one iteration of maximizer, i=14
getValue() (observed log-likelihood) = -13127.332361390834
getValue() (log-likelihood) = -13127.332361390834
HMM finished one iteration of maximizer, i=15
getValue() (observed log-likelihood) = -13127.361142191037
getValue() (log-likelihood) = -13127.361142191037
HMM finished one iteration of maximizer, i=16
getValue() (observed log-likelihood) = -13127.383771947281
getValue() (log-likelihood) = -13127.383771947281
HMM finished one iteration of maximizer, i=17
getValue() (observed log-likelihood) = -13127.401692325773
getValue() (log-likelihood) = -13127.401692325773
HMM finished one iteration of maximizer, i=18
getValue() (observed log-likelihood) = -13127.415976250573
getValue() (log-likelihood) = -13127.415976250573
HMM finished one iteration of maximizer, i=19
getValue() (observed log-likelihood) = -13127.42742992787
getValue() (log-likelihood) = -13127.42742992787
HMM finished one iteration of maximizer, i=20
getValue() (observed log-likelihood) = -13127.436664709789
getValue() (log-likelihood) = -13127.436664709789
HMM finished one iteration of maximizer, i=21
getValue() (observed log-likelihood) = -13127.4441481903
getValue() (log-likelihood) = -13127.4441481903
HMM finished one iteration of maximizer, i=22
getValue() (observed log-likelihood) = -13127.450240886481
getValue() (log-likelihood) = -13127.450240886481
HMM finished one iteration of maximizer, i=23
getValue() (observed log-likelihood) = -13127.455222829074
getValue() (log-likelihood) = -13127.455222829074
HMM finished one iteration of maximizer, i=24
getValue() (observed log-likelihood) = -13127.45931302542
getValue() (log-likelihood) = -13127.45931302542
HMM finished one iteration of maximizer, i=25
getValue() (observed log-likelihood) = -13127.462683840049
getValue() (log-likelihood) = -13127.462683840049
HMM finished one iteration of maximizer, i=26
getValue() (observed log-likelihood) = -13127.465471716918
getValue() (log-likelihood) = -13127.465471716918
HMM finished one iteration of maximizer, i=27
getValue() (observed log-likelihood) = -13127.46778524377
getValue() (log-likelihood) = -13127.46778524377
HMM finished one iteration of maximizer, i=28
getValue() (observed log-likelihood) = -13127.469711266509
getValue() (log-likelihood) = -13127.469711266509
HMM finished one iteration of maximizer, i=29
getValue() (observed log-likelihood) = -13127.47131956106
getValue() (log-likelihood) = -13127.47131956106
HMM finished one iteration of maximizer, i=30
getValue() (observed log-likelihood) = -13127.47266642783
getValue() (log-likelihood) = -13127.47266642783
HMM finished one iteration of maximizer, i=31
getValue() (observed log-likelihood) = -13127.473797476054
getValue() (log-likelihood) = -13127.473797476054
HMM finished one iteration of maximizer, i=32
getValue() (observed log-likelihood) = -13127.47474979298
getValue() (log-likelihood) = -13127.47474979298
HMM finished one iteration of maximizer, i=33
HMM training has converged, i=33
Evaluator iteration=34 cost=NA (not Optimizable.ByValue)
Training accuracy=0.8855307895731016
Testing accuracy=0.8867924528301887
Testing OOVAccuracy=0.35294117647058826
Trainer by likelihood done

