Number of features in training data: 343
Number of predicates: 343
Labels: O VB DT NNS IN NNP TO WDT VBP VBZ NN PRP VBG VBN CD MD RB CC JJ WRB RP PDT WP EX UH POS JJS VBD RBS SYM RBR
Preparing O
Preparing VB
Preparing DT
Preparing NNS
Preparing IN
Preparing NNP
Preparing TO
Preparing WDT
Preparing VBP
Preparing VBZ
Preparing NN
Preparing PRP
Preparing VBG
Preparing VBN
Preparing CD
Preparing MD
Preparing RB
Preparing CC
Preparing JJ
Preparing WRB
Preparing RP
Preparing PDT
Preparing WP
Preparing EX
Preparing UH
Preparing POS
Preparing JJS
Preparing VBD
Preparing RBS
Preparing SYM
Preparing RBR
Training on 382 instances
Testing on 96 instances
getValue() (observed log-likelihood) = -24783.301282863365
getValue() (log-likelihood) = -24783.301282863365
HMM finished one iteration of maximizer, i=0
getValue() (observed log-likelihood) = -13084.209364678047
getValue() (log-likelihood) = -13084.209364678047
HMM finished one iteration of maximizer, i=1
getValue() (observed log-likelihood) = -13086.975282764304
getValue() (log-likelihood) = -13086.975282764304
HMM finished one iteration of maximizer, i=2
getValue() (observed log-likelihood) = -13088.703729148612
getValue() (log-likelihood) = -13088.703729148612
HMM finished one iteration of maximizer, i=3
getValue() (observed log-likelihood) = -13089.826614020241
getValue() (log-likelihood) = -13089.826614020241
HMM finished one iteration of maximizer, i=4
getValue() (observed log-likelihood) = -13090.574300968681
getValue() (log-likelihood) = -13090.574300968681
HMM finished one iteration of maximizer, i=5
getValue() (observed log-likelihood) = -13091.081352043175
getValue() (log-likelihood) = -13091.081352043175
HMM finished one iteration of maximizer, i=6
getValue() (observed log-likelihood) = -13091.430610547066
getValue() (log-likelihood) = -13091.430610547066
HMM finished one iteration of maximizer, i=7
getValue() (observed log-likelihood) = -13091.67466983729
getValue() (log-likelihood) = -13091.67466983729
HMM finished one iteration of maximizer, i=8
getValue() (observed log-likelihood) = -13091.84759093501
getValue() (log-likelihood) = -13091.84759093501
HMM finished one iteration of maximizer, i=9
getValue() (observed log-likelihood) = -13091.97176730103
getValue() (log-likelihood) = -13091.97176730103
HMM finished one iteration of maximizer, i=10
getValue() (observed log-likelihood) = -13092.062113265945
getValue() (log-likelihood) = -13092.062113265945
HMM finished one iteration of maximizer, i=11
getValue() (observed log-likelihood) = -13092.128682456027
getValue() (log-likelihood) = -13092.128682456027
HMM finished one iteration of maximizer, i=12
getValue() (observed log-likelihood) = -13092.178331908226
getValue() (log-likelihood) = -13092.178331908226
HMM finished one iteration of maximizer, i=13
getValue() (observed log-likelihood) = -13092.215793212026
getValue() (log-likelihood) = -13092.215793212026
HMM finished one iteration of maximizer, i=14
getValue() (observed log-likelihood) = -13092.244369510674
getValue() (log-likelihood) = -13092.244369510674
HMM finished one iteration of maximizer, i=15
getValue() (observed log-likelihood) = -13092.266393617838
getValue() (log-likelihood) = -13092.266393617838
HMM finished one iteration of maximizer, i=16
getValue() (observed log-likelihood) = -13092.283532069277
getValue() (log-likelihood) = -13092.283532069277
HMM finished one iteration of maximizer, i=17
getValue() (observed log-likelihood) = -13092.296988900429
getValue() (log-likelihood) = -13092.296988900429
HMM finished one iteration of maximizer, i=18
getValue() (observed log-likelihood) = -13092.307643580405
getValue() (log-likelihood) = -13092.307643580405
HMM finished one iteration of maximizer, i=19
getValue() (observed log-likelihood) = -13092.316145325516
getValue() (log-likelihood) = -13092.316145325516
HMM finished one iteration of maximizer, i=20
getValue() (observed log-likelihood) = -13092.322978252072
getValue() (log-likelihood) = -13092.322978252072
HMM finished one iteration of maximizer, i=21
getValue() (observed log-likelihood) = -13092.328506851978
getValue() (log-likelihood) = -13092.328506851978
HMM finished one iteration of maximizer, i=22
getValue() (observed log-likelihood) = -13092.33300806261
getValue() (log-likelihood) = -13092.33300806261
HMM finished one iteration of maximizer, i=23
getValue() (observed log-likelihood) = -13092.33669411475
getValue() (log-likelihood) = -13092.33669411475
HMM finished one iteration of maximizer, i=24
getValue() (observed log-likelihood) = -13092.339728973544
getValue() (log-likelihood) = -13092.339728973544
HMM finished one iteration of maximizer, i=25
getValue() (observed log-likelihood) = -13092.342240283884
getValue() (log-likelihood) = -13092.342240283884
HMM finished one iteration of maximizer, i=26
getValue() (observed log-likelihood) = -13092.344328131427
getValue() (log-likelihood) = -13092.344328131427
HMM finished one iteration of maximizer, i=27
getValue() (observed log-likelihood) = -13092.346071525146
getValue() (log-likelihood) = -13092.346071525146
HMM finished one iteration of maximizer, i=28
getValue() (observed log-likelihood) = -13092.347533235377
getValue() (log-likelihood) = -13092.347533235377
HMM finished one iteration of maximizer, i=29
getValue() (observed log-likelihood) = -13092.34876343321
getValue() (log-likelihood) = -13092.34876343321
HMM finished one iteration of maximizer, i=30
getValue() (observed log-likelihood) = -13092.349802449844
getValue() (log-likelihood) = -13092.349802449844
HMM finished one iteration of maximizer, i=31
getValue() (observed log-likelihood) = -13092.350682883165
getValue() (log-likelihood) = -13092.350682883165
HMM finished one iteration of maximizer, i=32
HMM training has converged, i=32
Evaluator iteration=33 cost=NA (not Optimizable.ByValue)
Training accuracy=0.8885147774036662
Testing accuracy=0.8524590163934426
Testing OOVAccuracy=0.18518518518518517
Trainer by likelihood done

