000 (2464287.000.000) 02/27 18:29:58 Job submitted from host: <128.83.130.186:46357>
...
001 (2464287.000.000) 02/27 18:30:15 Job executing on host: <128.83.144.143:37212>
...
006 (2464287.000.000) 02/27 18:30:23 Image size of job updated: 25082648
	11  -  MemoryUsage of job (MB)
	10524  -  ResidentSetSize of job (KB)
...
006 (2464287.000.000) 02/27 18:32:44 Image size of job updated: 27700048
	11  -  MemoryUsage of job (MB)
	10524  -  ResidentSetSize of job (KB)
...
005 (2464287.000.000) 02/27 18:32:44 Job terminated.
	(1) Normal termination (return value 0)
		Usr 0 00:02:29, Sys 0 00:00:01  -  Run Remote Usage
		Usr 0 00:00:00, Sys 0 00:00:00  -  Run Local Usage
		Usr 0 00:02:29, Sys 0 00:00:01  -  Total Remote Usage
		Usr 0 00:00:00, Sys 0 00:00:00  -  Total Local Usage
	0  -  Run Bytes Sent By Job
	0  -  Run Bytes Received By Job
	0  -  Total Bytes Sent By Job
	0  -  Total Bytes Received By Job
	Partitionable Resources :    Usage  Request Allocated
	   Cpus                 :                 1         1
	   Disk (KB)            :       10       10   8864031
	   Memory (MB)          :       11        1      4028
...
