000 (2464222.000.000) 02/27 18:03:20 Job submitted from host: <128.83.130.186:46357>
...
001 (2464222.000.000) 02/27 18:03:52 Job executing on host: <128.83.120.222:54928>
...
006 (2464222.000.000) 02/27 18:03:56 Image size of job updated: 27699844
	0  -  MemoryUsage of job (MB)
	0  -  ResidentSetSize of job (KB)
...
005 (2464222.000.000) 02/27 18:03:56 Job terminated.
	(1) Normal termination (return value 0)
		Usr 0 00:00:00, Sys 0 00:00:00  -  Run Remote Usage
		Usr 0 00:00:00, Sys 0 00:00:00  -  Run Local Usage
		Usr 0 00:00:00, Sys 0 00:00:00  -  Total Remote Usage
		Usr 0 00:00:00, Sys 0 00:00:00  -  Total Local Usage
	0  -  Run Bytes Sent By Job
	0  -  Run Bytes Received By Job
	0  -  Total Bytes Sent By Job
	0  -  Total Bytes Received By Job
	Partitionable Resources :    Usage  Request Allocated
	   Cpus                 :                 1         1
	   Disk (KB)            :       10       10   8864036
	   Memory (MB)          :        0        1      4028
...
