000 (2464274.000.000) 02/27 18:13:02 Job submitted from host: <128.83.130.186:46357>
...
001 (2464274.000.000) 02/27 18:13:20 Job executing on host: <128.83.120.222:54928>
...
006 (2464274.000.000) 02/27 18:13:23 Image size of job updated: 27104148
	0  -  MemoryUsage of job (MB)
	0  -  ResidentSetSize of job (KB)
...
005 (2464274.000.000) 02/27 18:13:23 Job terminated.
	(1) Normal termination (return value 0)
		Usr 0 00:00:00, Sys 0 00:00:00  -  Run Remote Usage
		Usr 0 00:00:00, Sys 0 00:00:00  -  Run Local Usage
		Usr 0 00:00:00, Sys 0 00:00:00  -  Total Remote Usage
		Usr 0 00:00:00, Sys 0 00:00:00  -  Total Local Usage
	0  -  Run Bytes Sent By Job
	0  -  Run Bytes Received By Job
	0  -  Total Bytes Sent By Job
	0  -  Total Bytes Received By Job
	Partitionable Resources :    Usage  Request Allocated
	   Cpus                 :                 1         1
	   Disk (KB)            :       10       10   8864037
	   Memory (MB)          :        0        1      4028
...
