000 (2909017.000.000) 03/28 23:07:37 Job submitted from host: <128.83.130.186:46357>
...
001 (2909017.000.000) 03/28 23:08:01 Job executing on host: <128.83.144.151:38237>
...
006 (2909017.000.000) 03/28 23:08:09 Image size of job updated: 27700032
	445  -  MemoryUsage of job (MB)
	454744  -  ResidentSetSize of job (KB)
...
010 (2909017.000.000) 03/28 23:11:38 Job was suspended.
	Number of processes actually suspended: 1
...
006 (2909017.000.000) 03/28 23:11:38 Image size of job updated: 27700036
	672  -  MemoryUsage of job (MB)
	687468  -  ResidentSetSize of job (KB)
...
011 (2909017.000.000) 03/28 23:15:16 Job was unsuspended.
...
005 (2909017.000.000) 03/28 23:17:48 Job terminated.
	(1) Normal termination (return value 0)
		Usr 0 00:03:50, Sys 0 00:00:01  -  Run Remote Usage
		Usr 0 00:00:00, Sys 0 00:00:00  -  Run Local Usage
		Usr 0 00:03:50, Sys 0 00:00:01  -  Total Remote Usage
		Usr 0 00:00:00, Sys 0 00:00:00  -  Total Local Usage
	0  -  Run Bytes Sent By Job
	0  -  Run Bytes Received By Job
	0  -  Total Bytes Sent By Job
	0  -  Total Bytes Received By Job
	Partitionable Resources :    Usage  Request Allocated
	   Cpus                 :                 1         1
	   Disk (KB)            :       10       10   8864039
	   Memory (MB)          :      672        1      4028
...
