000 (2909018.000.000) 03/28 23:07:37 Job submitted from host: <128.83.130.186:46357>
...
001 (2909018.000.000) 03/28 23:08:01 Job executing on host: <128.83.144.151:38237>
...
006 (2909018.000.000) 03/28 23:08:09 Image size of job updated: 27700032
	913  -  MemoryUsage of job (MB)
	934396  -  ResidentSetSize of job (KB)
...
010 (2909018.000.000) 03/28 23:11:38 Job was suspended.
	Number of processes actually suspended: 1
...
006 (2909018.000.000) 03/28 23:11:38 Image size of job updated: 27700032
	2008  -  MemoryUsage of job (MB)
	2055768  -  ResidentSetSize of job (KB)
...
011 (2909018.000.000) 03/28 23:14:35 Job was unsuspended.
...
010 (2909018.000.000) 03/28 23:20:19 Job was suspended.
	Number of processes actually suspended: 1
...
011 (2909018.000.000) 03/28 23:21:50 Job was unsuspended.
...
006 (2909018.000.000) 03/28 23:23:10 Image size of job updated: 27700032
	2091  -  MemoryUsage of job (MB)
	2140732  -  ResidentSetSize of job (KB)
...
006 (2909018.000.000) 03/28 23:28:10 Image size of job updated: 27700032
	2472  -  MemoryUsage of job (MB)
	2531180  -  ResidentSetSize of job (KB)
...
005 (2909018.000.000) 03/28 23:29:32 Job terminated.
	(1) Normal termination (return value 0)
		Usr 0 00:16:08, Sys 0 00:00:03  -  Run Remote Usage
		Usr 0 00:00:00, Sys 0 00:00:00  -  Run Local Usage
		Usr 0 00:16:08, Sys 0 00:00:03  -  Total Remote Usage
		Usr 0 00:00:00, Sys 0 00:00:00  -  Total Local Usage
	0  -  Run Bytes Sent By Job
	0  -  Run Bytes Received By Job
	0  -  Total Bytes Sent By Job
	0  -  Total Bytes Received By Job
	Partitionable Resources :    Usage  Request Allocated
	   Cpus                 :                 1         1
	   Disk (KB)            :       10       10   8864039
	   Memory (MB)          :     2472        1      4028
...
