000 (2909021.000.000) 03/28 23:07:37 Job submitted from host: <128.83.130.186:46357>
...
001 (2909021.000.000) 03/28 23:08:01 Job executing on host: <128.83.144.151:38237>
...
006 (2909021.000.000) 03/28 23:08:10 Image size of job updated: 27700032
	440  -  MemoryUsage of job (MB)
	450184  -  ResidentSetSize of job (KB)
...
010 (2909021.000.000) 03/28 23:11:33 Job was suspended.
	Number of processes actually suspended: 1
...
006 (2909021.000.000) 03/28 23:11:33 Image size of job updated: 27700032
	922  -  MemoryUsage of job (MB)
	943352  -  ResidentSetSize of job (KB)
...
011 (2909021.000.000) 03/28 23:15:42 Job was unsuspended.
...
006 (2909021.000.000) 03/28 23:18:11 Image size of job updated: 27700032
	986  -  MemoryUsage of job (MB)
	1009644  -  ResidentSetSize of job (KB)
...
010 (2909021.000.000) 03/28 23:20:08 Job was suspended.
	Number of processes actually suspended: 1
...
006 (2909021.000.000) 03/28 23:20:08 Image size of job updated: 27700032
	1177  -  MemoryUsage of job (MB)
	1204256  -  ResidentSetSize of job (KB)
...
011 (2909021.000.000) 03/28 23:22:05 Job was unsuspended.
...
005 (2909021.000.000) 03/28 23:22:28 Job terminated.
	(1) Normal termination (return value 0)
		Usr 0 00:05:09, Sys 0 00:00:04  -  Run Remote Usage
		Usr 0 00:00:00, Sys 0 00:00:00  -  Run Local Usage
		Usr 0 00:05:09, Sys 0 00:00:04  -  Total Remote Usage
		Usr 0 00:00:00, Sys 0 00:00:00  -  Total Local Usage
	0  -  Run Bytes Sent By Job
	0  -  Run Bytes Received By Job
	0  -  Total Bytes Sent By Job
	0  -  Total Bytes Received By Job
	Partitionable Resources :    Usage  Request Allocated
	   Cpus                 :                 1         1
	   Disk (KB)            :       10       10   8864039
	   Memory (MB)          :     1177        1      4028
...
