000 (2909020.000.000) 03/28 23:07:37 Job submitted from host: <128.83.130.186:46357>
...
001 (2909020.000.000) 03/28 23:08:01 Job executing on host: <128.83.144.151:38237>
...
006 (2909020.000.000) 03/28 23:08:10 Image size of job updated: 27700032
	1014  -  MemoryUsage of job (MB)
	1038248  -  ResidentSetSize of job (KB)
...
010 (2909020.000.000) 03/28 23:11:22 Job was suspended.
	Number of processes actually suspended: 1
...
006 (2909020.000.000) 03/28 23:11:22 Image size of job updated: 27700032
	2601  -  MemoryUsage of job (MB)
	2662536  -  ResidentSetSize of job (KB)
...
011 (2909020.000.000) 03/28 23:16:13 Job was unsuspended.
...
006 (2909020.000.000) 03/28 23:18:13 Image size of job updated: 27700032
	3143  -  MemoryUsage of job (MB)
	3217580  -  ResidentSetSize of job (KB)
...
010 (2909020.000.000) 03/28 23:18:23 Job was suspended.
	Number of processes actually suspended: 1
...
006 (2909020.000.000) 03/28 23:18:23 Image size of job updated: 27700032
	3149  -  MemoryUsage of job (MB)
	3223768  -  ResidentSetSize of job (KB)
...
011 (2909020.000.000) 03/28 23:22:40 Job was unsuspended.
...
006 (2909020.000.000) 03/28 23:28:12 Image size of job updated: 27700032
	3670  -  MemoryUsage of job (MB)
	3757444  -  ResidentSetSize of job (KB)
...
010 (2909020.000.000) 03/28 23:37:40 Job was suspended.
	Number of processes actually suspended: 1
...
011 (2909020.000.000) 03/28 23:39:46 Job was unsuspended.
...
010 (2909020.000.000) 03/28 23:45:41 Job was suspended.
	Number of processes actually suspended: 1
...
011 (2909020.000.000) 03/28 23:47:23 Job was unsuspended.
...
005 (2909020.000.000) 03/28 23:48:27 Job terminated.
	(1) Normal termination (return value 0)
		Usr 0 00:23:04, Sys 0 00:00:06  -  Run Remote Usage
		Usr 0 00:00:00, Sys 0 00:00:00  -  Run Local Usage
		Usr 0 00:23:04, Sys 0 00:00:06  -  Total Remote Usage
		Usr 0 00:00:00, Sys 0 00:00:00  -  Total Local Usage
	0  -  Run Bytes Sent By Job
	0  -  Run Bytes Received By Job
	0  -  Total Bytes Sent By Job
	0  -  Total Bytes Received By Job
	Partitionable Resources :    Usage  Request Allocated
	   Cpus                 :                 1         1
	   Disk (KB)            :       10       10   8864039
	   Memory (MB)          :     3670        1      4028
...
