000 (2909024.000.000) 03/28 23:07:37 Job submitted from host: <128.83.130.186:46357>
...
001 (2909024.000.000) 03/28 23:08:01 Job executing on host: <128.83.144.151:38237>
...
006 (2909024.000.000) 03/28 23:08:10 Image size of job updated: 27700032
	442  -  MemoryUsage of job (MB)
	452436  -  ResidentSetSize of job (KB)
...
010 (2909024.000.000) 03/28 23:11:27 Job was suspended.
	Number of processes actually suspended: 1
...
006 (2909024.000.000) 03/28 23:11:27 Image size of job updated: 27700032
	903  -  MemoryUsage of job (MB)
	923736  -  ResidentSetSize of job (KB)
...
011 (2909024.000.000) 03/28 23:15:57 Job was unsuspended.
...
006 (2909024.000.000) 03/28 23:18:13 Image size of job updated: 27700032
	992  -  MemoryUsage of job (MB)
	1015696  -  ResidentSetSize of job (KB)
...
010 (2909024.000.000) 03/28 23:18:37 Job was suspended.
	Number of processes actually suspended: 1
...
011 (2909024.000.000) 03/28 23:22:25 Job was unsuspended.
...
005 (2909024.000.000) 03/28 23:24:03 Job terminated.
	(1) Normal termination (return value 0)
		Usr 0 00:06:05, Sys 0 00:00:01  -  Run Remote Usage
		Usr 0 00:00:00, Sys 0 00:00:00  -  Run Local Usage
		Usr 0 00:06:05, Sys 0 00:00:01  -  Total Remote Usage
		Usr 0 00:00:00, Sys 0 00:00:00  -  Total Local Usage
	0  -  Run Bytes Sent By Job
	0  -  Run Bytes Received By Job
	0  -  Total Bytes Sent By Job
	0  -  Total Bytes Received By Job
	Partitionable Resources :    Usage  Request Allocated
	   Cpus                 :                 1         1
	   Disk (KB)            :       10       10   8864039
	   Memory (MB)          :      992        1      4028
...
