000 (2909026.000.000) 03/28 23:07:38 Job submitted from host: <128.83.130.186:46357>
...
001 (2909026.000.000) 03/28 23:08:01 Job executing on host: <128.83.144.151:38237>
...
006 (2909026.000.000) 03/28 23:08:10 Image size of job updated: 27700032
	477  -  MemoryUsage of job (MB)
	488048  -  ResidentSetSize of job (KB)
...
010 (2909026.000.000) 03/28 23:10:13 Job was suspended.
	Number of processes actually suspended: 1
...
006 (2909026.000.000) 03/28 23:10:13 Image size of job updated: 27700032
	1037  -  MemoryUsage of job (MB)
	1061756  -  ResidentSetSize of job (KB)
...
006 (2909026.000.000) 03/28 23:13:11 Image size of job updated: 27700032
	1072  -  MemoryUsage of job (MB)
	1096836  -  ResidentSetSize of job (KB)
...
011 (2909026.000.000) 03/28 23:20:16 Job was unsuspended.
...
004 (2909026.000.000) 03/28 23:20:21 Job was evicted.
	(0) Job was not checkpointed.
		Usr 0 00:01:45, Sys 0 00:00:02  -  Run Remote Usage
		Usr 0 00:00:00, Sys 0 00:00:00  -  Run Local Usage
	0  -  Run Bytes Sent By Job
	0  -  Run Bytes Received By Job
	Partitionable Resources :    Usage  Request Allocated
	   Cpus                 :                 1         1
	   Disk (KB)            :       10       10   8864039
	   Memory (MB)          :     1072        1      4028
...
001 (2909026.000.000) 03/28 23:24:03 Job executing on host: <128.83.144.151:38237>
...
005 (2909026.000.000) 03/28 23:32:17 Job terminated.
	(1) Normal termination (return value 0)
		Usr 0 00:08:09, Sys 0 00:00:01  -  Run Remote Usage
		Usr 0 00:00:00, Sys 0 00:00:00  -  Run Local Usage
		Usr 0 00:08:09, Sys 0 00:00:01  -  Total Remote Usage
		Usr 0 00:00:00, Sys 0 00:00:00  -  Total Local Usage
	0  -  Run Bytes Sent By Job
	0  -  Run Bytes Received By Job
	0  -  Total Bytes Sent By Job
	0  -  Total Bytes Received By Job
	Partitionable Resources :    Usage  Request Allocated
	   Cpus                 :                 1         1
	   Disk (KB)            :       10       10   8864039
	   Memory (MB)          :     1221     1221      4028
...
