000 (2909028.000.000) 03/28 23:07:38 Job submitted from host: <128.83.130.186:46357>
...
001 (2909028.000.000) 03/28 23:08:01 Job executing on host: <128.83.144.151:38237>
...
006 (2909028.000.000) 03/28 23:08:10 Image size of job updated: 27700032
	557  -  MemoryUsage of job (MB)
	569716  -  ResidentSetSize of job (KB)
...
010 (2909028.000.000) 03/28 23:10:52 Job was suspended.
	Number of processes actually suspended: 1
...
006 (2909028.000.000) 03/28 23:10:52 Image size of job updated: 27700032
	1330  -  MemoryUsage of job (MB)
	1361640  -  ResidentSetSize of job (KB)
...
011 (2909028.000.000) 03/28 23:20:55 Job was unsuspended.
...
006 (2909028.000.000) 03/28 23:20:58 Image size of job updated: 27701060
	1330  -  MemoryUsage of job (MB)
	1361640  -  ResidentSetSize of job (KB)
...
004 (2909028.000.000) 03/28 23:20:58 Job was evicted.
	(0) Job was not checkpointed.
		Usr 0 00:01:18, Sys 0 00:00:01  -  Run Remote Usage
		Usr 0 00:00:00, Sys 0 00:00:00  -  Run Local Usage
	0  -  Run Bytes Sent By Job
	0  -  Run Bytes Received By Job
	Partitionable Resources :    Usage  Request Allocated
	   Cpus                 :                 1         1
	   Disk (KB)            :       10       10   8864039
	   Memory (MB)          :     1330        1      4028
...
001 (2909028.000.000) 03/28 23:25:10 Job executing on host: <128.83.144.29:38842>
...
006 (2909028.000.000) 03/28 23:25:19 Image size of job updated: 34565240
	1465  -  MemoryUsage of job (MB)
	1500000  -  ResidentSetSize of job (KB)
...
006 (2909028.000.000) 03/28 23:35:20 Image size of job updated: 34565240
	1507  -  MemoryUsage of job (MB)
	1542180  -  ResidentSetSize of job (KB)
...
006 (2909028.000.000) 03/28 23:40:20 Image size of job updated: 34565240
	1902  -  MemoryUsage of job (MB)
	1947380  -  ResidentSetSize of job (KB)
...
005 (2909028.000.000) 03/28 23:42:40 Job terminated.
	(1) Normal termination (return value 0)
		Usr 0 00:17:26, Sys 0 00:00:02  -  Run Remote Usage
		Usr 0 00:00:00, Sys 0 00:00:00  -  Run Local Usage
		Usr 0 00:17:26, Sys 0 00:00:02  -  Total Remote Usage
		Usr 0 00:00:00, Sys 0 00:00:00  -  Total Local Usage
	0  -  Run Bytes Sent By Job
	0  -  Run Bytes Received By Job
	0  -  Total Bytes Sent By Job
	0  -  Total Bytes Received By Job
	Partitionable Resources :    Usage  Request Allocated
	   Cpus                 :                 1         1
	   Disk (KB)            :       10       10   1253038
	   Memory (MB)          :     1902     1465     10751
...
